<?xml version="1.0" encoding="UTF-8"?>
<testsuite name="uk.ac.reigate.dto.EntryQualificationTypeDtoTest" tests="9" skipped="0" failures="0" errors="0" timestamp="2021-09-22T11:31:30" hostname="L104D005" time="0.017">
  <properties/>
  <testcase name="testMethod_Get_EntryQualification_Null" classname="uk.ac.reigate.dto.EntryQualificationTypeDtoTest" time="0.006"/>
  <testcase name="testHashCode_Different" classname="uk.ac.reigate.dto.EntryQualificationTypeDtoTest" time="0.007"/>
  <testcase name="testEquals_Different" classname="uk.ac.reigate.dto.EntryQualificationTypeDtoTest" time="0.0"/>
  <testcase name="testHashCode_Same" classname="uk.ac.reigate.dto.EntryQualificationTypeDtoTest" time="0.0"/>
  <testcase name="testEquals_Same" classname="uk.ac.reigate.dto.EntryQualificationTypeDtoTest" time="0.001"/>
  <testcase name="testMapFromEntryQualificationTypeEntity" classname="uk.ac.reigate.dto.EntryQualificationTypeDtoTest" time="0.0"/>
  <testcase name="testMethod_Get_EntryQualification" classname="uk.ac.reigate.dto.EntryQualificationTypeDtoTest" time="0.0"/>
  <testcase name="testMapFromEntryQualificationTypesEntities" classname="uk.ac.reigate.dto.EntryQualificationTypeDtoTest" time="0.003"/>
  <testcase name="testConstructor_EntryQualificationType" classname="uk.ac.reigate.dto.EntryQualificationTypeDtoTest" time="0.0"/>
  <system-out><![CDATA[]]></system-out>
  <system-err><![CDATA[]]></system-err>
</testsuite>
