<?xml version="1.0" encoding="UTF-8"?>
<testsuite name="uk.ac.reigate.services.SchoolReferenceServiceTest" tests="6" skipped="0" failures="0" errors="0" timestamp="2021-09-22T11:31:38" hostname="L104D005" time="0.019">
  <properties/>
  <testcase name="testFindSchoolReference" classname="uk.ac.reigate.services.SchoolReferenceServiceTest" time="0.014"/>
  <testcase name="testFindAll" classname="uk.ac.reigate.services.SchoolReferenceServiceTest" time="0.001"/>
  <testcase name="testSave" classname="uk.ac.reigate.services.SchoolReferenceServiceTest" time="0.001"/>
  <testcase name="testFindById" classname="uk.ac.reigate.services.SchoolReferenceServiceTest" time="0.001"/>
  <testcase name="testDelete" classname="uk.ac.reigate.services.SchoolReferenceServiceTest" time="0.001"/>
  <testcase name="testServiceNoArgsConstructor" classname="uk.ac.reigate.services.SchoolReferenceServiceTest" time="0.001"/>
  <system-out><![CDATA[]]></system-out>
  <system-err><![CDATA[]]></system-err>
</testsuite>
