<?xml version="1.0" encoding="UTF-8"?>
<testsuite name="uk.ac.reigate.dto.ilp.ILPInterviewDtoTest" tests="10" skipped="0" failures="0" errors="0" timestamp="2021-09-22T11:31:31" hostname="L104D005" time="0.046">
  <properties/>
  <testcase name="testConstructor_Student" classname="uk.ac.reigate.dto.ilp.ILPInterviewDtoTest" time="0.018"/>
  <testcase name="testHashCode_Different" classname="uk.ac.reigate.dto.ilp.ILPInterviewDtoTest" time="0.014"/>
  <testcase name="testEquals_Different" classname="uk.ac.reigate.dto.ilp.ILPInterviewDtoTest" time="0.001"/>
  <testcase name="testHashCode_Same" classname="uk.ac.reigate.dto.ilp.ILPInterviewDtoTest" time="0.001"/>
  <testcase name="testConstructor_NullStafff" classname="uk.ac.reigate.dto.ilp.ILPInterviewDtoTest" time="0.001"/>
  <testcase name="testEquals_Same" classname="uk.ac.reigate.dto.ilp.ILPInterviewDtoTest" time="0.003"/>
  <testcase name="testMapFromILPInterviewsEntities" classname="uk.ac.reigate.dto.ilp.ILPInterviewDtoTest" time="0.002"/>
  <testcase name="testConstructor_ILPInterview" classname="uk.ac.reigate.dto.ilp.ILPInterviewDtoTest" time="0.003"/>
  <testcase name="testConstructor_NullStudent" classname="uk.ac.reigate.dto.ilp.ILPInterviewDtoTest" time="0.001"/>
  <testcase name="testMapFromILPInterviewEntity" classname="uk.ac.reigate.dto.ilp.ILPInterviewDtoTest" time="0.001"/>
  <system-out><![CDATA[]]></system-out>
  <system-err><![CDATA[]]></system-err>
</testsuite>
