<?xml version="1.0" encoding="UTF-8"?>
<testsuite name="uk.ac.reigate.services.lookup.PossibleGradeSetServiceTest" tests="15" skipped="0" failures="0" errors="0" timestamp="2021-09-22T11:31:37" hostname="L104D005" time="0.038">
  <properties/>
  <testcase name="testSavePossibleGradeSets" classname="uk.ac.reigate.services.lookup.PossibleGradeSetServiceTest" time="0.013"/>
  <testcase name="testUpdateFromDto_withNullGradesEmpty" classname="uk.ac.reigate.services.lookup.PossibleGradeSetServiceTest" time="0.004"/>
  <testcase name="testUpdateFromDto_withGrades" classname="uk.ac.reigate.services.lookup.PossibleGradeSetServiceTest" time="0.005"/>
  <testcase name="testSavePossibleGradeSet" classname="uk.ac.reigate.services.lookup.PossibleGradeSetServiceTest" time="0.001"/>
  <testcase name="testSaveNewPossibleGradeSet" classname="uk.ac.reigate.services.lookup.PossibleGradeSetServiceTest" time="0.001"/>
  <testcase name="testFindPossibleGradeSet" classname="uk.ac.reigate.services.lookup.PossibleGradeSetServiceTest" time="0.001"/>
  <testcase name="testCreateFromDto_dto" classname="uk.ac.reigate.services.lookup.PossibleGradeSetServiceTest" time="0.003"/>
  <testcase name="testFindPossibleGradeSets" classname="uk.ac.reigate.services.lookup.PossibleGradeSetServiceTest" time="0.001"/>
  <testcase name="testSavePossibleGradeSetByFields_WithNullId" classname="uk.ac.reigate.services.lookup.PossibleGradeSetServiceTest" time="0.001"/>
  <testcase name="testCreateFromDto_withGrades" classname="uk.ac.reigate.services.lookup.PossibleGradeSetServiceTest" time="0.003"/>
  <testcase name="testUpdateFromDto_withNullGrades" classname="uk.ac.reigate.services.lookup.PossibleGradeSetServiceTest" time="0.003"/>
  <testcase name="testDelete" classname="uk.ac.reigate.services.lookup.PossibleGradeSetServiceTest" time="0.001"/>
  <testcase name="testServiceNoArgsConstructor" classname="uk.ac.reigate.services.lookup.PossibleGradeSetServiceTest" time="0.001"/>
  <testcase name="testCreateFromDto_withNullDto" classname="uk.ac.reigate.services.lookup.PossibleGradeSetServiceTest" time="0.0"/>
  <testcase name="testUpdateFromDto_withNullDto" classname="uk.ac.reigate.services.lookup.PossibleGradeSetServiceTest" time="0.0"/>
  <system-out><![CDATA[]]></system-out>
  <system-err><![CDATA[]]></system-err>
</testsuite>
