<?xml version="1.0" encoding="UTF-8"?>
<testsuite name="uk.ac.reigate.dto.StudentDtoTest" tests="33" skipped="0" failures="0" errors="0" timestamp="2021-09-22T11:31:32" hostname="L104D005" time="0.081">
  <properties/>
  <testcase name="testMethod_Get_NullRiskLevelDescription" classname="uk.ac.reigate.dto.StudentDtoTest" time="0.025"/>
  <testcase name="testMethod_Get_NullPreviousSchoolName" classname="uk.ac.reigate.dto.StudentDtoTest" time="0.001"/>
  <testcase name="testConstructor_Student" classname="uk.ac.reigate.dto.StudentDtoTest" time="0.006"/>
  <testcase name="testHashCode_Different" classname="uk.ac.reigate.dto.StudentDtoTest" time="0.015"/>
  <testcase name="testConstructor_NullObject" classname="uk.ac.reigate.dto.StudentDtoTest" time="0.001"/>
  <testcase name="testEquals_Different" classname="uk.ac.reigate.dto.StudentDtoTest" time="0.003"/>
  <testcase name="testMethod_Get_NullRestrictedUseIndicatorCode" classname="uk.ac.reigate.dto.StudentDtoTest" time="0.002"/>
  <testcase name="testHashCode_Same" classname="uk.ac.reigate.dto.StudentDtoTest" time="0.002"/>
  <testcase name="testMethod_Get_NullSpecialCategoryDescription" classname="uk.ac.reigate.dto.StudentDtoTest" time="0.002"/>
  <testcase name="testEquals_Same" classname="uk.ac.reigate.dto.StudentDtoTest" time="0.003"/>
  <testcase name="testMapFromStudentsEntities" classname="uk.ac.reigate.dto.StudentDtoTest" time="0.004"/>
  <testcase name="testMapFromStudentEntity" classname="uk.ac.reigate.dto.StudentDtoTest" time="0.001"/>
  <testcase name="testMethod_Get_RestrictedUseIndicatorDescription" classname="uk.ac.reigate.dto.StudentDtoTest" time="0.001"/>
  <testcase name="testMethod_Get_NullSpecialCategoryCode" classname="uk.ac.reigate.dto.StudentDtoTest" time="0.001"/>
  <testcase name="testMethod_Get_NullReadingInitialAssessmentDescirption" classname="uk.ac.reigate.dto.StudentDtoTest" time="0.0"/>
  <testcase name="testMethod_Get_NullEthnicityDescription" classname="uk.ac.reigate.dto.StudentDtoTest" time="0.001"/>
  <testcase name="testMethod_Get_RiskLevelCode" classname="uk.ac.reigate.dto.StudentDtoTest" time="0.001"/>
  <testcase name="testMethod_Get_RiskLevelDescription" classname="uk.ac.reigate.dto.StudentDtoTest" time="0.001"/>
  <testcase name="testMethod_Get_SpecialCategoryDetails" classname="uk.ac.reigate.dto.StudentDtoTest" time="0.0"/>
  <testcase name="testMethod_Get_NullSpecialCategoryDetails" classname="uk.ac.reigate.dto.StudentDtoTest" time="0.001"/>
  <testcase name="testMethod_Get_RestrictedUseIndicatorCode" classname="uk.ac.reigate.dto.StudentDtoTest" time="0.0"/>
  <testcase name="testMethod_Get_SpecialCategoryDescription" classname="uk.ac.reigate.dto.StudentDtoTest" time="0.001"/>
  <testcase name="testMethod_Get_SpecialCategoryCode" classname="uk.ac.reigate.dto.StudentDtoTest" time="0.001"/>
  <testcase name="testMethod_Get_PreviousSchoolName" classname="uk.ac.reigate.dto.StudentDtoTest" time="0.0"/>
  <testcase name="testMethod_StudentDto" classname="uk.ac.reigate.dto.StudentDtoTest" time="0.001"/>
  <testcase name="testMethod_Get_EthnicityDescription" classname="uk.ac.reigate.dto.StudentDtoTest" time="0.0"/>
  <testcase name="testMethod_Get_NullRiskLevelCode" classname="uk.ac.reigate.dto.StudentDtoTest" time="0.001"/>
  <testcase name="testMethod_Get_ReadingInitialAssessmentDescirption" classname="uk.ac.reigate.dto.StudentDtoTest" time="0.0"/>
  <testcase name="testMethod_Get_NationalityDescription" classname="uk.ac.reigate.dto.StudentDtoTest" time="0.001"/>
  <testcase name="testMethod_Get_NullRestrictedUseIndicatorDescription" classname="uk.ac.reigate.dto.StudentDtoTest" time="0.001"/>
  <testcase name="testMethod_Get_NullNationalityDescription" classname="uk.ac.reigate.dto.StudentDtoTest" time="0.0"/>
  <testcase name="testMethod_Get_DestinationDescription" classname="uk.ac.reigate.dto.StudentDtoTest" time="0.001"/>
  <testcase name="testMethod_Get_NullDestinationDescription" classname="uk.ac.reigate.dto.StudentDtoTest" time="0.001"/>
  <system-out><![CDATA[]]></system-out>
  <system-err><![CDATA[]]></system-err>
</testsuite>
