<?xml version="1.0" encoding="UTF-8"?>
<testsuite name="uk.ac.reigate.services.system.LetterTemplateServiceTest" tests="10" skipped="0" failures="0" errors="0" timestamp="2021-09-22T11:31:38" hostname="L104D005" time="0.022">
  <properties/>
  <testcase name="testUpdateFromDto_dto" classname="uk.ac.reigate.services.system.LetterTemplateServiceTest" time="0.017"/>
  <testcase name="testFindAll" classname="uk.ac.reigate.services.system.LetterTemplateServiceTest" time="0.001"/>
  <testcase name="testSave" classname="uk.ac.reigate.services.system.LetterTemplateServiceTest" time="0.0"/>
  <testcase name="testCreateFromDto" classname="uk.ac.reigate.services.system.LetterTemplateServiceTest" time="0.001"/>
  <testcase name="testFindById" classname="uk.ac.reigate.services.system.LetterTemplateServiceTest" time="0.001"/>
  <testcase name="testupdateFromDto_withNullDto" classname="uk.ac.reigate.services.system.LetterTemplateServiceTest" time="0.0"/>
  <testcase name="testFindValidLetterTemplates" classname="uk.ac.reigate.services.system.LetterTemplateServiceTest" time="0.001"/>
  <testcase name="testDelete" classname="uk.ac.reigate.services.system.LetterTemplateServiceTest" time="0.001"/>
  <testcase name="testServiceNoArgsConstructor" classname="uk.ac.reigate.services.system.LetterTemplateServiceTest" time="0.0"/>
  <testcase name="testCreateFromDto_withNullDto" classname="uk.ac.reigate.services.system.LetterTemplateServiceTest" time="0.0"/>
  <system-out><![CDATA[]]></system-out>
  <system-err><![CDATA[]]></system-err>
</testsuite>
