<?xml version="1.0" encoding="UTF-8"?>
<testsuite name="uk.ac.reigate.dto.lookup.FileCategoryDtoTest" tests="9" skipped="0" failures="0" errors="0" timestamp="2021-09-22T11:31:31" hostname="L104D005" time="0.008">
  <properties/>
  <testcase name="testHashCode_Different" classname="uk.ac.reigate.dto.lookup.FileCategoryDtoTest" time="0.006"/>
  <testcase name="testEquals_Different" classname="uk.ac.reigate.dto.lookup.FileCategoryDtoTest" time="0.0"/>
  <testcase name="testHashCode_Same" classname="uk.ac.reigate.dto.lookup.FileCategoryDtoTest" time="0.0"/>
  <testcase name="testConstructor_fileCategory" classname="uk.ac.reigate.dto.lookup.FileCategoryDtoTest" time="0.0"/>
  <testcase name="testConstructor_FileCategory" classname="uk.ac.reigate.dto.lookup.FileCategoryDtoTest" time="0.0"/>
  <testcase name="testEquals_Same" classname="uk.ac.reigate.dto.lookup.FileCategoryDtoTest" time="0.0"/>
  <testcase name="testMapFromFileCategoryEntity" classname="uk.ac.reigate.dto.lookup.FileCategoryDtoTest" time="0.001"/>
  <testcase name="testConstructor_nullObject" classname="uk.ac.reigate.dto.lookup.FileCategoryDtoTest" time="0.0"/>
  <testcase name="testMapFromFileCategorysEntities" classname="uk.ac.reigate.dto.lookup.FileCategoryDtoTest" time="0.001"/>
  <system-out><![CDATA[]]></system-out>
  <system-err><![CDATA[]]></system-err>
</testsuite>
