<?xml version="1.0" encoding="UTF-8"?>
<testsuite name="uk.ac.reigate.services.LearningSupportVisitServiceTest" tests="14" skipped="0" failures="0" errors="0" timestamp="2021-09-22T11:31:36" hostname="L104D005" time="0.031">
  <properties/>
  <testcase name="testCreateFromDto_dtoWithStudentId" classname="uk.ac.reigate.services.LearningSupportVisitServiceTest" time="0.019"/>
  <testcase name="testUpdateFromDto_dto" classname="uk.ac.reigate.services.LearningSupportVisitServiceTest" time="0.001"/>
  <testcase name="testSaveList" classname="uk.ac.reigate.services.LearningSupportVisitServiceTest" time="0.004"/>
  <testcase name="testFindAll" classname="uk.ac.reigate.services.LearningSupportVisitServiceTest" time="0.0"/>
  <testcase name="testSave" classname="uk.ac.reigate.services.LearningSupportVisitServiceTest" time="0.001"/>
  <testcase name="testUpdateFromDto_withNullId" classname="uk.ac.reigate.services.LearningSupportVisitServiceTest" time="0.0"/>
  <testcase name="testFindById" classname="uk.ac.reigate.services.LearningSupportVisitServiceTest" time="0.0"/>
  <testcase name="testCreateFromDto_dto" classname="uk.ac.reigate.services.LearningSupportVisitServiceTest" time="0.001"/>
  <testcase name="testUpdateFromDto_dtoWithStudentId" classname="uk.ac.reigate.services.LearningSupportVisitServiceTest" time="0.001"/>
  <testcase name="testDelete" classname="uk.ac.reigate.services.LearningSupportVisitServiceTest" time="0.001"/>
  <testcase name="testStudentById" classname="uk.ac.reigate.services.LearningSupportVisitServiceTest" time="0.001"/>
  <testcase name="testServiceNoArgsConstructor" classname="uk.ac.reigate.services.LearningSupportVisitServiceTest" time="0.0"/>
  <testcase name="testCreateFromDto_withNullDto" classname="uk.ac.reigate.services.LearningSupportVisitServiceTest" time="0.001"/>
  <testcase name="testUpdateFromDto_withNullDto" classname="uk.ac.reigate.services.LearningSupportVisitServiceTest" time="0.0"/>
  <system-out><![CDATA[]]></system-out>
  <system-err><![CDATA[]]></system-err>
</testsuite>
