<?xml version="1.0" encoding="UTF-8"?>
<testsuite name="uk.ac.reigate.services.ReportingPeriodServiceTest" tests="14" skipped="0" failures="0" errors="0" timestamp="2021-09-22T11:31:37" hostname="L104D005" time="0.028">
  <properties/>
  <testcase name="testSaveReportingPeriod" classname="uk.ac.reigate.services.ReportingPeriodServiceTest" time="0.017"/>
  <testcase name="testSaveNewReportingPeriod" classname="uk.ac.reigate.services.ReportingPeriodServiceTest" time="0.001"/>
  <testcase name="testUpdateFromDto_dto" classname="uk.ac.reigate.services.ReportingPeriodServiceTest" time="0.001"/>
  <testcase name="testUpdateFromDto_academicYearId" classname="uk.ac.reigate.services.ReportingPeriodServiceTest" time="0.001"/>
  <testcase name="testFindReportingPeriod" classname="uk.ac.reigate.services.ReportingPeriodServiceTest" time="0.001"/>
  <testcase name="testSaveReportingPeriodByFields" classname="uk.ac.reigate.services.ReportingPeriodServiceTest" time="0.001"/>
  <testcase name="testFindReportingPeriods" classname="uk.ac.reigate.services.ReportingPeriodServiceTest" time="0.0"/>
  <testcase name="testCreateFromDto_dto" classname="uk.ac.reigate.services.ReportingPeriodServiceTest" time="0.001"/>
  <testcase name="testSearchByAcademicYear" classname="uk.ac.reigate.services.ReportingPeriodServiceTest" time="0.001"/>
  <testcase name="testCreateFromDto_academicYearId" classname="uk.ac.reigate.services.ReportingPeriodServiceTest" time="0.002"/>
  <testcase name="testDelete" classname="uk.ac.reigate.services.ReportingPeriodServiceTest" time="0.0"/>
  <testcase name="testServiceNoArgsConstructor" classname="uk.ac.reigate.services.ReportingPeriodServiceTest" time="0.001"/>
  <testcase name="testCreateFromDto_withNullDto" classname="uk.ac.reigate.services.ReportingPeriodServiceTest" time="0.0"/>
  <testcase name="testUpdateFromDto_withNullDto" classname="uk.ac.reigate.services.ReportingPeriodServiceTest" time="0.001"/>
  <system-out><![CDATA[]]></system-out>
  <system-err><![CDATA[]]></system-err>
</testsuite>
