<?xml version="1.0" encoding="UTF-8"?>
<testsuite name="uk.ac.reigate.services.exams.basedata.ExamComponentServiceTest" tests="14" skipped="0" failures="0" errors="0" timestamp="2021-09-22T11:31:35" hostname="L104D005" time="0.045">
  <properties/>
  <testcase name="testCreateFromDto_withExamSeriesId" classname="uk.ac.reigate.services.exams.basedata.ExamComponentServiceTest" time="0.033"/>
  <testcase name="testFindAll" classname="uk.ac.reigate.services.exams.basedata.ExamComponentServiceTest" time="0.001"/>
  <testcase name="testSave" classname="uk.ac.reigate.services.exams.basedata.ExamComponentServiceTest" time="0.001"/>
  <testcase name="testFindByExamComponentsByDateAndSession" classname="uk.ac.reigate.services.exams.basedata.ExamComponentServiceTest" time="0.001"/>
  <testcase name="testCreateFromDto" classname="uk.ac.reigate.services.exams.basedata.ExamComponentServiceTest" time="0.001"/>
  <testcase name="testUpdateFromDto_withNullId" classname="uk.ac.reigate.services.exams.basedata.ExamComponentServiceTest" time="0.001"/>
  <testcase name="testUpdateFromDto" classname="uk.ac.reigate.services.exams.basedata.ExamComponentServiceTest" time="0.001"/>
  <testcase name="testFindById" classname="uk.ac.reigate.services.exams.basedata.ExamComponentServiceTest" time="0.001"/>
  <testcase name="testDeleteWithId" classname="uk.ac.reigate.services.exams.basedata.ExamComponentServiceTest" time="0.001"/>
  <testcase name="testDelete" classname="uk.ac.reigate.services.exams.basedata.ExamComponentServiceTest" time="0.001"/>
  <testcase name="testUpdateFromDto_withExamSeriesId" classname="uk.ac.reigate.services.exams.basedata.ExamComponentServiceTest" time="0.001"/>
  <testcase name="testServiceNoArgsConstructor" classname="uk.ac.reigate.services.exams.basedata.ExamComponentServiceTest" time="0.0"/>
  <testcase name="testCreateFromDto_withNullDto" classname="uk.ac.reigate.services.exams.basedata.ExamComponentServiceTest" time="0.001"/>
  <testcase name="testFindByExamSeriesAndCode" classname="uk.ac.reigate.services.exams.basedata.ExamComponentServiceTest" time="0.001"/>
  <system-out><![CDATA[]]></system-out>
  <system-err><![CDATA[]]></system-err>
</testsuite>
