<?xml version="1.0" encoding="UTF-8"?>
<testsuite name="uk.ac.reigate.dto.search.CourseSearchDtoTest" tests="3" skipped="0" failures="0" errors="0" timestamp="2021-09-22T11:31:32" hostname="L104D005" time="0.006">
  <properties/>
  <testcase name="testConstructorNullCourse" classname="uk.ac.reigate.dto.search.CourseSearchDtoTest" time="0.005"/>
  <testcase name="testConstructor" classname="uk.ac.reigate.dto.search.CourseSearchDtoTest" time="0.0"/>
  <testcase name="testDefaultConstructor" classname="uk.ac.reigate.dto.search.CourseSearchDtoTest" time="0.001"/>
  <system-out><![CDATA[]]></system-out>
  <system-err><![CDATA[]]></system-err>
</testsuite>
