<?xml version="1.0" encoding="UTF-8"?>
<testsuite name="uk.ac.reigate.dto.interimreport.InterimReportDtoTest" tests="9" skipped="0" failures="0" errors="0" timestamp="2021-09-22T11:31:31" hostname="L104D005" time="0.014">
  <properties/>
  <testcase name="testHashCode_Different" classname="uk.ac.reigate.dto.interimreport.InterimReportDtoTest" time="0.005"/>
  <testcase name="testEquals_Different" classname="uk.ac.reigate.dto.interimreport.InterimReportDtoTest" time="0.001"/>
  <testcase name="testHashCode_Same" classname="uk.ac.reigate.dto.interimreport.InterimReportDtoTest" time="0.0"/>
  <testcase name="testConstructor_NullInterimReport" classname="uk.ac.reigate.dto.interimreport.InterimReportDtoTest" time="0.0"/>
  <testcase name="testEquals_Same" classname="uk.ac.reigate.dto.interimreport.InterimReportDtoTest" time="0.001"/>
  <testcase name="testMapFromInterimReportsEntities" classname="uk.ac.reigate.dto.interimreport.InterimReportDtoTest" time="0.002"/>
  <testcase name="testMapFromInterimReportEntity" classname="uk.ac.reigate.dto.interimreport.InterimReportDtoTest" time="0.001"/>
  <testcase name="testConstructor_NullAcademicYear" classname="uk.ac.reigate.dto.interimreport.InterimReportDtoTest" time="0.0"/>
  <testcase name="testConstructor_InterimReport" classname="uk.ac.reigate.dto.interimreport.InterimReportDtoTest" time="0.001"/>
  <system-out><![CDATA[]]></system-out>
  <system-err><![CDATA[]]></system-err>
</testsuite>
