<?xml version="1.0" encoding="UTF-8"?>
<testsuite name="uk.ac.reigate.services.TimetableServiceTest" tests="22" skipped="0" failures="0" errors="0" timestamp="2021-09-22T11:31:38" hostname="L104D005" time="0.053">
  <properties/>
  <testcase name="testFindTimetable" classname="uk.ac.reigate.services.TimetableServiceTest" time="0.026"/>
  <testcase name="testCreateFromDto_dtoWithRoomId" classname="uk.ac.reigate.services.TimetableServiceTest" time="0.004"/>
  <testcase name="testUpdateFromDto_dtoWithTeacherId" classname="uk.ac.reigate.services.TimetableServiceTest" time="0.001"/>
  <testcase name="testFindAll" classname="uk.ac.reigate.services.TimetableServiceTest" time="0.001"/>
  <testcase name="testUpdateFromDto_dtoWithCourseGroupId" classname="uk.ac.reigate.services.TimetableServiceTest" time="0.001"/>
  <testcase name="testGetStaffTimetableCurrent" classname="uk.ac.reigate.services.TimetableServiceTest" time="0.002"/>
  <testcase name="testCreateFromDto_dtoWithTeacherId" classname="uk.ac.reigate.services.TimetableServiceTest" time="0.001"/>
  <testcase name="testCreateFromDto_dtoWithCourseGroupId" classname="uk.ac.reigate.services.TimetableServiceTest" time="0.001"/>
  <testcase name="testSaveTimetable" classname="uk.ac.reigate.services.TimetableServiceTest" time="0.001"/>
  <testcase name="testGetStaffTimetable" classname="uk.ac.reigate.services.TimetableServiceTest" time="0.002"/>
  <testcase name="testGetCourseGroupsByYearId" classname="uk.ac.reigate.services.TimetableServiceTest" time="0.001"/>
  <testcase name="testCreateFromDto_dto" classname="uk.ac.reigate.services.TimetableServiceTest" time="0.001"/>
  <testcase name="testUpdateFromDto_dtoWithRoomId" classname="uk.ac.reigate.services.TimetableServiceTest" time="0.001"/>
  <testcase name="testGetStaffTimetableOnDate" classname="uk.ac.reigate.services.TimetableServiceTest" time="0.001"/>
  <testcase name="testUpdateFromDto_dtoWithPeriodId" classname="uk.ac.reigate.services.TimetableServiceTest" time="0.003"/>
  <testcase name="testDeleteById" classname="uk.ac.reigate.services.TimetableServiceTest" time="0.002"/>
  <testcase name="testDelete" classname="uk.ac.reigate.services.TimetableServiceTest" time="0.0"/>
  <testcase name="testCreateFromDto_dtoWithPeriodId" classname="uk.ac.reigate.services.TimetableServiceTest" time="0.002"/>
  <testcase name="testServiceNoArgsConstructor" classname="uk.ac.reigate.services.TimetableServiceTest" time="0.0"/>
  <testcase name="testCreateFromDto_withNullDto" classname="uk.ac.reigate.services.TimetableServiceTest" time="0.001"/>
  <testcase name="testSaveNewTimetable" classname="uk.ac.reigate.services.TimetableServiceTest" time="0.0"/>
  <testcase name="testUpdateFromDto_withNullDto" classname="uk.ac.reigate.services.TimetableServiceTest" time="0.001"/>
  <system-out><![CDATA[]]></system-out>
  <system-err><![CDATA[]]></system-err>
</testsuite>
