<?xml version="1.0" encoding="UTF-8"?>
<testsuite name="uk.ac.reigate.dto.PersonDtoTest" tests="13" skipped="0" failures="0" errors="0" timestamp="2021-09-22T11:31:32" hostname="L104D005" time="0.009">
  <properties/>
  <testcase name="testHashCode_Different" classname="uk.ac.reigate.dto.PersonDtoTest" time="0.003"/>
  <testcase name="testEquals_Different" classname="uk.ac.reigate.dto.PersonDtoTest" time="0.0"/>
  <testcase name="testHashCode_Same" classname="uk.ac.reigate.dto.PersonDtoTest" time="0.001"/>
  <testcase name="testEquals_Same" classname="uk.ac.reigate.dto.PersonDtoTest" time="0.0"/>
  <testcase name="testMapFromPersonEntityTest" classname="uk.ac.reigate.dto.PersonDtoTest" time="0.0"/>
  <testcase name="testConstructor_AllFieldsPerson" classname="uk.ac.reigate.dto.PersonDtoTest" time="0.0"/>
  <testcase name="testMethod_Get_NullTitleDescription" classname="uk.ac.reigate.dto.PersonDtoTest" time="0.001"/>
  <testcase name="testMethod_Get_GenderCode" classname="uk.ac.reigate.dto.PersonDtoTest" time="0.0"/>
  <testcase name="testMethod_Get_NullGenderCode" classname="uk.ac.reigate.dto.PersonDtoTest" time="0.001"/>
  <testcase name="testMapFromPeopleEntitiesTest" classname="uk.ac.reigate.dto.PersonDtoTest" time="0.002"/>
  <testcase name="testMethod_Get_TitleDescription" classname="uk.ac.reigate.dto.PersonDtoTest" time="0.0"/>
  <testcase name="testMethod_Get_NullLegalSexCode" classname="uk.ac.reigate.dto.PersonDtoTest" time="0.0"/>
  <testcase name="testMethod_Get_LegalSexCode" classname="uk.ac.reigate.dto.PersonDtoTest" time="0.001"/>
  <system-out><![CDATA[]]></system-out>
  <system-err><![CDATA[]]></system-err>
</testsuite>
