<?xml version="1.0" encoding="UTF-8"?>
<testsuite name="uk.ac.reigate.services.StudentTypeServiceTest" tests="6" skipped="0" failures="0" errors="0" timestamp="2021-09-22T11:31:38" hostname="L104D005" time="0.009">
  <properties/>
  <testcase name="testFindStudentTypes" classname="uk.ac.reigate.services.StudentTypeServiceTest" time="0.003"/>
  <testcase name="testSaveStudentType" classname="uk.ac.reigate.services.StudentTypeServiceTest" time="0.001"/>
  <testcase name="testFindStudentType" classname="uk.ac.reigate.services.StudentTypeServiceTest" time="0.001"/>
  <testcase name="testSaveStudentTypeByFields_WithNullId" classname="uk.ac.reigate.services.StudentTypeServiceTest" time="0.002"/>
  <testcase name="testSaveNewStudentType" classname="uk.ac.reigate.services.StudentTypeServiceTest" time="0.001"/>
  <testcase name="testSaveStudentTypes" classname="uk.ac.reigate.services.StudentTypeServiceTest" time="0.001"/>
  <system-out><![CDATA[]]></system-out>
  <system-err><![CDATA[]]></system-err>
</testsuite>
