<?xml version="1.0" encoding="UTF-8"?>
<testsuite name="uk.ac.reigate.dto.admissions.ApplicationStatusDtoTest" tests="9" skipped="0" failures="0" errors="0" timestamp="2021-09-22T11:31:29" hostname="L104D005" time="0.015">
  <properties/>
  <testcase name="testHashCode_Different" classname="uk.ac.reigate.dto.admissions.ApplicationStatusDtoTest" time="0.009"/>
  <testcase name="testConstructor_NullObject" classname="uk.ac.reigate.dto.admissions.ApplicationStatusDtoTest" time="0.0"/>
  <testcase name="testEquals_Different" classname="uk.ac.reigate.dto.admissions.ApplicationStatusDtoTest" time="0.001"/>
  <testcase name="testHashCode_Same" classname="uk.ac.reigate.dto.admissions.ApplicationStatusDtoTest" time="0.0"/>
  <testcase name="testEquals_Same" classname="uk.ac.reigate.dto.admissions.ApplicationStatusDtoTest" time="0.0"/>
  <testcase name="testConstructor_ApplicationStatus" classname="uk.ac.reigate.dto.admissions.ApplicationStatusDtoTest" time="0.0"/>
  <testcase name="testConstructor_academicYear" classname="uk.ac.reigate.dto.admissions.ApplicationStatusDtoTest" time="0.001"/>
  <testcase name="testMapFromApplicationStatusEntity" classname="uk.ac.reigate.dto.admissions.ApplicationStatusDtoTest" time="0.001"/>
  <testcase name="testMapFromApplicationStatusesEntities" classname="uk.ac.reigate.dto.admissions.ApplicationStatusDtoTest" time="0.003"/>
  <system-out><![CDATA[]]></system-out>
  <system-err><![CDATA[]]></system-err>
</testsuite>
