<?xml version="1.0" encoding="UTF-8"?>
<testsuite name="uk.ac.reigate.dto.exams.edi.EdiFileDtoTest" tests="2" skipped="0" failures="0" errors="0" timestamp="2021-09-22T11:31:31" hostname="L104D005" time="0.005">
  <properties/>
  <testcase name="testMethod_ToString" classname="uk.ac.reigate.dto.exams.edi.EdiFileDtoTest" time="0.005"/>
  <testcase name="testConstructor" classname="uk.ac.reigate.dto.exams.edi.EdiFileDtoTest" time="0.0"/>
  <system-out><![CDATA[]]></system-out>
  <system-err><![CDATA[]]></system-err>
</testsuite>
