<?xml version="1.0" encoding="UTF-8"?>
<testsuite name="uk.ac.reigate.dto.FundingModelDtoTest" tests="8" skipped="0" failures="0" errors="0" timestamp="2021-09-22T11:31:31" hostname="L104D005" time="0.006">
  <properties/>
  <testcase name="testHashCode_Different" classname="uk.ac.reigate.dto.FundingModelDtoTest" time="0.002"/>
  <testcase name="testEquals_Different" classname="uk.ac.reigate.dto.FundingModelDtoTest" time="0.0"/>
  <testcase name="testHashCode_Same" classname="uk.ac.reigate.dto.FundingModelDtoTest" time="0.0"/>
  <testcase name="testEquals_Same" classname="uk.ac.reigate.dto.FundingModelDtoTest" time="0.0"/>
  <testcase name="testConstructor_FundingModel" classname="uk.ac.reigate.dto.FundingModelDtoTest" time="0.0"/>
  <testcase name="testMapFromFundingModelEntityTest" classname="uk.ac.reigate.dto.FundingModelDtoTest" time="0.0"/>
  <testcase name="testConstructor_NullFundingModel" classname="uk.ac.reigate.dto.FundingModelDtoTest" time="0.0"/>
  <testcase name="testMapFromFundingModelsEntitiesTest" classname="uk.ac.reigate.dto.FundingModelDtoTest" time="0.003"/>
  <system-out><![CDATA[]]></system-out>
  <system-err><![CDATA[]]></system-err>
</testsuite>
