<?xml version="1.0" encoding="UTF-8"?>
<testsuite name="uk.ac.reigate.dto.exams.ResultsDtoTest" tests="14" skipped="0" failures="0" errors="0" timestamp="2021-09-22T11:31:31" hostname="L104D005" time="0.025">
  <properties/>
  <testcase name="testHashCode_Different" classname="uk.ac.reigate.dto.exams.ResultsDtoTest" time="0.015"/>
  <testcase name="testEquals_Different" classname="uk.ac.reigate.dto.exams.ResultsDtoTest" time="0.001"/>
  <testcase name="testHashCode_Same" classname="uk.ac.reigate.dto.exams.ResultsDtoTest" time="0.0"/>
  <testcase name="testEquals_Same" classname="uk.ac.reigate.dto.exams.ResultsDtoTest" time="0.001"/>
  <testcase name="testMethod_Get_AcademicYearCode" classname="uk.ac.reigate.dto.exams.ResultsDtoTest" time="0.0"/>
  <testcase name="testMethod_Get_ExamOptionTitle" classname="uk.ac.reigate.dto.exams.ResultsDtoTest" time="0.002"/>
  <testcase name="testMethod_Get_NullExamOptionTitle" classname="uk.ac.reigate.dto.exams.ResultsDtoTest" time="0.001"/>
  <testcase name="testMapFromResultsEntitiesTest" classname="uk.ac.reigate.dto.exams.ResultsDtoTest" time="0.003"/>
  <testcase name="testConstructor_NullAcademicYear" classname="uk.ac.reigate.dto.exams.ResultsDtoTest" time="0.001"/>
  <testcase name="testMapFromResultsEntityTest" classname="uk.ac.reigate.dto.exams.ResultsDtoTest" time="0.0"/>
  <testcase name="testConstructor_Results" classname="uk.ac.reigate.dto.exams.ResultsDtoTest" time="0.001"/>
  <testcase name="testMethod_Get_BoardName" classname="uk.ac.reigate.dto.exams.ResultsDtoTest" time="0.0"/>
  <testcase name="testMethod_Get_NullBoardName" classname="uk.ac.reigate.dto.exams.ResultsDtoTest" time="0.0"/>
  <testcase name="testMethod_Get_NullAcademicYearCode" classname="uk.ac.reigate.dto.exams.ResultsDtoTest" time="0.0"/>
  <system-out><![CDATA[]]></system-out>
  <system-err><![CDATA[]]></system-err>
</testsuite>
