<?xml version="1.0" encoding="UTF-8"?>
<testsuite name="uk.ac.reigate.services.exams.edi.EdiAudiEntryLogServiceTest" tests="10" skipped="0" failures="0" errors="0" timestamp="2021-09-22T11:31:35" hostname="L104D005" time="0.021">
  <properties/>
  <testcase name="testFindAll" classname="uk.ac.reigate.services.exams.edi.EdiAudiEntryLogServiceTest" time="0.013"/>
  <testcase name="testSave" classname="uk.ac.reigate.services.exams.edi.EdiAudiEntryLogServiceTest" time="0.001"/>
  <testcase name="testFindByStudentAndExamOption" classname="uk.ac.reigate.services.exams.edi.EdiAudiEntryLogServiceTest" time="0.003"/>
  <testcase name="testFindByStudentAndOption" classname="uk.ac.reigate.services.exams.edi.EdiAudiEntryLogServiceTest" time="0.001"/>
  <testcase name="testFindById" classname="uk.ac.reigate.services.exams.edi.EdiAudiEntryLogServiceTest" time="0.0"/>
  <testcase name="testGetByOptionYearId" classname="uk.ac.reigate.services.exams.edi.EdiAudiEntryLogServiceTest" time="0.0"/>
  <testcase name="testGetByStudent" classname="uk.ac.reigate.services.exams.edi.EdiAudiEntryLogServiceTest" time="0.001"/>
  <testcase name="testGetByYear" classname="uk.ac.reigate.services.exams.edi.EdiAudiEntryLogServiceTest" time="0.001"/>
  <testcase name="testDelete" classname="uk.ac.reigate.services.exams.edi.EdiAudiEntryLogServiceTest" time="0.0"/>
  <testcase name="testServiceNoArgsConstructor" classname="uk.ac.reigate.services.exams.edi.EdiAudiEntryLogServiceTest" time="0.001"/>
  <system-out><![CDATA[]]></system-out>
  <system-err><![CDATA[]]></system-err>
</testsuite>
