<?xml version="1.0" encoding="UTF-8"?>
<testsuite name="uk.ac.reigate.dto.StudentDataSharingOptionsDtoTest" tests="9" skipped="0" failures="0" errors="0" timestamp="2021-09-22T11:31:32" hostname="L104D005" time="0.009">
  <properties/>
  <testcase name="testConstructor_updateStudentDataSharing" classname="uk.ac.reigate.dto.StudentDataSharingOptionsDtoTest" time="0.006"/>
  <testcase name="testConstructor_Student" classname="uk.ac.reigate.dto.StudentDataSharingOptionsDtoTest" time="0.001"/>
  <testcase name="testHashCode_Different" classname="uk.ac.reigate.dto.StudentDataSharingOptionsDtoTest" time="0.001"/>
  <testcase name="testEquals_Different" classname="uk.ac.reigate.dto.StudentDataSharingOptionsDtoTest" time="0.001"/>
  <testcase name="testHashCode_Same" classname="uk.ac.reigate.dto.StudentDataSharingOptionsDtoTest" time="0.0"/>
  <testcase name="testEquals_Same" classname="uk.ac.reigate.dto.StudentDataSharingOptionsDtoTest" time="0.0"/>
  <testcase name="testConstructor_NullRestrictedUseIndicator" classname="uk.ac.reigate.dto.StudentDataSharingOptionsDtoTest" time="0.0"/>
  <testcase name="testConstructor_StudentDto" classname="uk.ac.reigate.dto.StudentDataSharingOptionsDtoTest" time="0.0"/>
  <testcase name="testConstructor_NullStudent" classname="uk.ac.reigate.dto.StudentDataSharingOptionsDtoTest" time="0.0"/>
  <system-out><![CDATA[]]></system-out>
  <system-err><![CDATA[]]></system-err>
</testsuite>
