<?xml version="1.0" encoding="UTF-8"?>
<testsuite name="uk.ac.reigate.dto.exams.StudentAlternativeUciDtoTest" tests="6" skipped="0" failures="0" errors="0" timestamp="2021-09-22T11:31:31" hostname="L104D005" time="0.012">
  <properties/>
  <testcase name="testMethod_Get_ExamBoardIdentifier" classname="uk.ac.reigate.dto.exams.StudentAlternativeUciDtoTest" time="0.009"/>
  <testcase name="testMethod_Get_ExamBoardName" classname="uk.ac.reigate.dto.exams.StudentAlternativeUciDtoTest" time="0.0"/>
  <testcase name="testMapFromStudentAlternativeUciEntity" classname="uk.ac.reigate.dto.exams.StudentAlternativeUciDtoTest" time="0.0"/>
  <testcase name="testMethod_Get_ExamBoardDescription" classname="uk.ac.reigate.dto.exams.StudentAlternativeUciDtoTest" time="0.001"/>
  <testcase name="testconstructor_studentAlternativeUciDto" classname="uk.ac.reigate.dto.exams.StudentAlternativeUciDtoTest" time="0.0"/>
  <testcase name="testMapFromStudentComponentsEntities" classname="uk.ac.reigate.dto.exams.StudentAlternativeUciDtoTest" time="0.002"/>
  <system-out><![CDATA[]]></system-out>
  <system-err><![CDATA[]]></system-err>
</testsuite>
