<?xml version="1.0" encoding="UTF-8"?>
<testsuite name="uk.ac.reigate.services.DepartmentServiceTest" tests="19" skipped="0" failures="0" errors="0" timestamp="2021-09-22T11:31:34" hostname="L104D005" time="0.047">
  <properties/>
  <testcase name="testCreateFromDto_dtoWithHod2Id" classname="uk.ac.reigate.services.DepartmentServiceTest" time="0.022"/>
  <testcase name="testCreateFromDto_dtoWithFacultyId" classname="uk.ac.reigate.services.DepartmentServiceTest" time="0.005"/>
  <testcase name="testSaveList" classname="uk.ac.reigate.services.DepartmentServiceTest" time="0.003"/>
  <testcase name="testFindAll" classname="uk.ac.reigate.services.DepartmentServiceTest" time="0.0"/>
  <testcase name="testSave" classname="uk.ac.reigate.services.DepartmentServiceTest" time="0.001"/>
  <testcase name="testUpdateFromDto_dtoNullFaculty" classname="uk.ac.reigate.services.DepartmentServiceTest" time="0.001"/>
  <testcase name="testFindById" classname="uk.ac.reigate.services.DepartmentServiceTest" time="0.001"/>
  <testcase name="testUpdateFromDto_dtoWithHod2Id" classname="uk.ac.reigate.services.DepartmentServiceTest" time="0.001"/>
  <testcase name="testFindByStaff" classname="uk.ac.reigate.services.DepartmentServiceTest" time="0.001"/>
  <testcase name="testCreateFromDto_dto" classname="uk.ac.reigate.services.DepartmentServiceTest" time="0.001"/>
  <testcase name="testCreateFromDto_dtoWithHodId" classname="uk.ac.reigate.services.DepartmentServiceTest" time="0.001"/>
  <testcase name="testDelete" classname="uk.ac.reigate.services.DepartmentServiceTest" time="0.0"/>
  <testcase name="testUpdateFromDto_dtoWithHodId" classname="uk.ac.reigate.services.DepartmentServiceTest" time="0.001"/>
  <testcase name="testFindByHeadOfDepartment" classname="uk.ac.reigate.services.DepartmentServiceTest" time="0.005"/>
  <testcase name="testUpdateFromDto_dtoWithFacultyId" classname="uk.ac.reigate.services.DepartmentServiceTest" time="0.001"/>
  <testcase name="testServiceNoArgsConstructor" classname="uk.ac.reigate.services.DepartmentServiceTest" time="0.001"/>
  <testcase name="testCreateFromDto_withNullDto" classname="uk.ac.reigate.services.DepartmentServiceTest" time="0.001"/>
  <testcase name="testSaveDepartment" classname="uk.ac.reigate.services.DepartmentServiceTest" time="0.001"/>
  <testcase name="testUpdateFromDto_withNullDto" classname="uk.ac.reigate.services.DepartmentServiceTest" time="0.0"/>
  <system-out><![CDATA[]]></system-out>
  <system-err><![CDATA[]]></system-err>
</testsuite>
