<?xml version="1.0" encoding="UTF-8"?>
<testsuite name="uk.ac.reigate.services.SimilarNamedStudentServiceTest" tests="1" skipped="0" failures="0" errors="0" timestamp="2021-09-22T11:31:38" hostname="L104D005" time="0.011">
  <properties/>
  <testcase name="testFindByStudentId" classname="uk.ac.reigate.services.SimilarNamedStudentServiceTest" time="0.011"/>
  <system-out><![CDATA[]]></system-out>
  <system-err><![CDATA[]]></system-err>
</testsuite>
