<?xml version="1.0" encoding="UTF-8"?>
<testsuite name="uk.ac.reigate.services.exams.ResultsServiceTest" tests="9" skipped="0" failures="0" errors="0" timestamp="2021-09-22T11:31:35" hostname="L104D005" time="0.032">
  <properties/>
  <testcase name="testUpdateFromDto_withDtoWithNoId" classname="uk.ac.reigate.services.exams.ResultsServiceTest" time="0.011"/>
  <testcase name="testUpdateFromDto_withDtoNullId" classname="uk.ac.reigate.services.exams.ResultsServiceTest" time="0.002"/>
  <testcase name="testFindAll" classname="uk.ac.reigate.services.exams.ResultsServiceTest" time="0.001"/>
  <testcase name="testUpdateFromDto_withDto" classname="uk.ac.reigate.services.exams.ResultsServiceTest" time="0.002"/>
  <testcase name="testSave" classname="uk.ac.reigate.services.exams.ResultsServiceTest" time="0.0"/>
  <testcase name="testFindById" classname="uk.ac.reigate.services.exams.ResultsServiceTest" time="0.001"/>
  <testcase name="testGetByStudent" classname="uk.ac.reigate.services.exams.ResultsServiceTest" time="0.013"/>
  <testcase name="testDelete" classname="uk.ac.reigate.services.exams.ResultsServiceTest" time="0.001"/>
  <testcase name="testServiceNoArgsConstructor" classname="uk.ac.reigate.services.exams.ResultsServiceTest" time="0.001"/>
  <system-out><![CDATA[]]></system-out>
  <system-err><![CDATA[]]></system-err>
</testsuite>
