<?xml version="1.0" encoding="UTF-8"?>
<testsuite name="uk.ac.reigate.services.student.StudentLLDDHealthProblemCategoryServiceTest" tests="16" skipped="0" failures="0" errors="0" timestamp="2021-09-22T11:31:38" hostname="L104D005" time="0.021">
  <properties/>
  <testcase name="testCreateFromDto_dtoWithStudentId" classname="uk.ac.reigate.services.student.StudentLLDDHealthProblemCategoryServiceTest" time="0.01"/>
  <testcase name="testFindAll" classname="uk.ac.reigate.services.student.StudentLLDDHealthProblemCategoryServiceTest" time="0.001"/>
  <testcase name="testSave" classname="uk.ac.reigate.services.student.StudentLLDDHealthProblemCategoryServiceTest" time="0.0"/>
  <testcase name="testUpdateFromDto_dtoWithEntryQualificationId" classname="uk.ac.reigate.services.student.StudentLLDDHealthProblemCategoryServiceTest" time="0.002"/>
  <testcase name="testFindById" classname="uk.ac.reigate.services.student.StudentLLDDHealthProblemCategoryServiceTest" time="0.0"/>
  <testcase name="testGetByStudent" classname="uk.ac.reigate.services.student.StudentLLDDHealthProblemCategoryServiceTest" time="0.001"/>
  <testcase name="testCreateFromDto_dto" classname="uk.ac.reigate.services.student.StudentLLDDHealthProblemCategoryServiceTest" time="0.0"/>
  <testcase name="testGetByStudentLLDDHealthProblemCategorys" classname="uk.ac.reigate.services.student.StudentLLDDHealthProblemCategoryServiceTest" time="0.001"/>
  <testcase name="testDeleteById" classname="uk.ac.reigate.services.student.StudentLLDDHealthProblemCategoryServiceTest" time="0.001"/>
  <testcase name="testSaveStudentLLDDHealthProblemCategory" classname="uk.ac.reigate.services.student.StudentLLDDHealthProblemCategoryServiceTest" time="0.0"/>
  <testcase name="testUpdateFromDto_dtoWithStudentId" classname="uk.ac.reigate.services.student.StudentLLDDHealthProblemCategoryServiceTest" time="0.002"/>
  <testcase name="testDelete" classname="uk.ac.reigate.services.student.StudentLLDDHealthProblemCategoryServiceTest" time="0.0"/>
  <testcase name="testServiceNoArgsConstructor" classname="uk.ac.reigate.services.student.StudentLLDDHealthProblemCategoryServiceTest" time="0.001"/>
  <testcase name="testCreateFromDto_withNullDto" classname="uk.ac.reigate.services.student.StudentLLDDHealthProblemCategoryServiceTest" time="0.0"/>
  <testcase name="testCreateFromDto_dtoWithEntryQualificationId" classname="uk.ac.reigate.services.student.StudentLLDDHealthProblemCategoryServiceTest" time="0.001"/>
  <testcase name="testUpdateFromDto_withNullDto" classname="uk.ac.reigate.services.student.StudentLLDDHealthProblemCategoryServiceTest" time="0.001"/>
  <system-out><![CDATA[]]></system-out>
  <system-err><![CDATA[]]></system-err>
</testsuite>
