<?xml version="1.0" encoding="UTF-8"?>
<testsuite name="uk.ac.reigate.dto.interimreport.StudentInterimReportDtoTest" tests="25" skipped="0" failures="0" errors="0" timestamp="2021-09-22T11:31:31" hostname="L104D005" time="0.027">
  <properties/>
  <testcase name="testHashCode_Different" classname="uk.ac.reigate.dto.interimreport.StudentInterimReportDtoTest" time="0.01"/>
  <testcase name="testEquals_Different" classname="uk.ac.reigate.dto.interimreport.StudentInterimReportDtoTest" time="0.001"/>
  <testcase name="testHashCode_Same" classname="uk.ac.reigate.dto.interimreport.StudentInterimReportDtoTest" time="0.001"/>
  <testcase name="testConstructor_NullStudentInterimReport" classname="uk.ac.reigate.dto.interimreport.StudentInterimReportDtoTest" time="0.0"/>
  <testcase name="testEquals_Same" classname="uk.ac.reigate.dto.interimreport.StudentInterimReportDtoTest" time="0.001"/>
  <testcase name="testMapFromStudentInterimReportEntity" classname="uk.ac.reigate.dto.interimreport.StudentInterimReportDtoTest" time="0.002"/>
  <testcase name="testMethod_Get_CourseGroupDescription" classname="uk.ac.reigate.dto.interimreport.StudentInterimReportDtoTest" time="0.0"/>
  <testcase name="testMethod_Get_AdjustedAttendancePercentage" classname="uk.ac.reigate.dto.interimreport.StudentInterimReportDtoTest" time="0.003"/>
  <testcase name="testMethod_Get_NullCurrentPredictedGrade" classname="uk.ac.reigate.dto.interimreport.StudentInterimReportDtoTest" time="0.001"/>
  <testcase name="testMethod_Get_NullCourseGroupDescription" classname="uk.ac.reigate.dto.interimreport.StudentInterimReportDtoTest" time="0.0"/>
  <testcase name="testMethod_Get_NullKeyAssessment1Grade" classname="uk.ac.reigate.dto.interimreport.StudentInterimReportDtoTest" time="0.0"/>
  <testcase name="testMethod_Get_NullKeyAssessment2Grade" classname="uk.ac.reigate.dto.interimreport.StudentInterimReportDtoTest" time="0.0"/>
  <testcase name="testMethod_Get_InterimReportDescription" classname="uk.ac.reigate.dto.interimreport.StudentInterimReportDtoTest" time="0.001"/>
  <testcase name="testMethod_Get_NullInterimReportDescription" classname="uk.ac.reigate.dto.interimreport.StudentInterimReportDtoTest" time="0.0"/>
  <testcase name="testMethod_Get_CurrentPredictedGrade" classname="uk.ac.reigate.dto.interimreport.StudentInterimReportDtoTest" time="0.0"/>
  <testcase name="testMethod_Get_KeyAssessment1Grade" classname="uk.ac.reigate.dto.interimreport.StudentInterimReportDtoTest" time="0.001"/>
  <testcase name="testMethod_Get_KeyAssessment2Grade" classname="uk.ac.reigate.dto.interimreport.StudentInterimReportDtoTest" time="0.0"/>
  <testcase name="testMethod_Get_AverageEffort" classname="uk.ac.reigate.dto.interimreport.StudentInterimReportDtoTest" time="0.001"/>
  <testcase name="testMapFromStudentInterimReportsEntities" classname="uk.ac.reigate.dto.interimreport.StudentInterimReportDtoTest" time="0.003"/>
  <testcase name="testMethod_Get_PunctualityPercentage" classname="uk.ac.reigate.dto.interimreport.StudentInterimReportDtoTest" time="0.001"/>
  <testcase name="testMethod_Get_NullCourseDescription" classname="uk.ac.reigate.dto.interimreport.StudentInterimReportDtoTest" time="0.0"/>
  <testcase name="testConstructor_StudentInterimReport" classname="uk.ac.reigate.dto.interimreport.StudentInterimReportDtoTest" time="0.001"/>
  <testcase name="testConstructor_NullStudent" classname="uk.ac.reigate.dto.interimreport.StudentInterimReportDtoTest" time="0.0"/>
  <testcase name="testMethod_Get_AttendancePercentage" classname="uk.ac.reigate.dto.interimreport.StudentInterimReportDtoTest" time="0.0"/>
  <testcase name="testMethod_Get_CourseDescription" classname="uk.ac.reigate.dto.interimreport.StudentInterimReportDtoTest" time="0.0"/>
  <system-out><![CDATA[]]></system-out>
  <system-err><![CDATA[]]></system-err>
</testsuite>
