<?xml version="1.0" encoding="UTF-8"?>
<testsuite name="uk.ac.reigate.services.RoomTypeServiceTest" tests="6" skipped="0" failures="0" errors="0" timestamp="2021-09-22T11:31:37" hostname="L104D005" time="0.011">
  <properties/>
  <testcase name="testSaveNewRoomType" classname="uk.ac.reigate.services.RoomTypeServiceTest" time="0.005"/>
  <testcase name="testFindRoomTypeById" classname="uk.ac.reigate.services.RoomTypeServiceTest" time="0.001"/>
  <testcase name="testSaveRoomTypes" classname="uk.ac.reigate.services.RoomTypeServiceTest" time="0.001"/>
  <testcase name="testSaveRoomType" classname="uk.ac.reigate.services.RoomTypeServiceTest" time="0.001"/>
  <testcase name="testFindRoomTypes" classname="uk.ac.reigate.services.RoomTypeServiceTest" time="0.001"/>
  <testcase name="testSaveRoomTypeByFields" classname="uk.ac.reigate.services.RoomTypeServiceTest" time="0.002"/>
  <system-out><![CDATA[]]></system-out>
  <system-err><![CDATA[]]></system-err>
</testsuite>
