<?xml version="1.0" encoding="UTF-8"?>
<testsuite name="uk.ac.reigate.services.RegisterServiceTest" tests="17" skipped="0" failures="0" errors="0" timestamp="2021-09-22T11:31:37" hostname="L104D005" time="0.034">
  <properties/>
  <testcase name="testUpdateFromDto_dto" classname="uk.ac.reigate.services.RegisterServiceTest" time="0.014"/>
  <testcase name="testUpdateFromDto_staffCompletedId" classname="uk.ac.reigate.services.RegisterServiceTest" time="0.002"/>
  <testcase name="testCreateFromDto_courseGroupId" classname="uk.ac.reigate.services.RegisterServiceTest" time="0.002"/>
  <testcase name="testCreateFromDto_sessionId" classname="uk.ac.reigate.services.RegisterServiceTest" time="0.005"/>
  <testcase name="testSaveRegisters" classname="uk.ac.reigate.services.RegisterServiceTest" time="0.003"/>
  <testcase name="testCreateFromDto_staffCompletedId" classname="uk.ac.reigate.services.RegisterServiceTest" time="0.001"/>
  <testcase name="testUpdateFromDto_sessionId" classname="uk.ac.reigate.services.RegisterServiceTest" time="0.001"/>
  <testcase name="testSaveRegister" classname="uk.ac.reigate.services.RegisterServiceTest" time="0.0"/>
  <testcase name="testFindRegister" classname="uk.ac.reigate.services.RegisterServiceTest" time="0.001"/>
  <testcase name="testCreateFromDto_dto" classname="uk.ac.reigate.services.RegisterServiceTest" time="0.0"/>
  <testcase name="testDelete" classname="uk.ac.reigate.services.RegisterServiceTest" time="0.001"/>
  <testcase name="testFindRegisterById" classname="uk.ac.reigate.services.RegisterServiceTest" time="0.001"/>
  <testcase name="testSaveNewRegister" classname="uk.ac.reigate.services.RegisterServiceTest" time="0.0"/>
  <testcase name="testUpdateFromDto_courseGroupId" classname="uk.ac.reigate.services.RegisterServiceTest" time="0.001"/>
  <testcase name="testServiceNoArgsConstructor" classname="uk.ac.reigate.services.RegisterServiceTest" time="0.001"/>
  <testcase name="testCreateFromDto_withNullDto" classname="uk.ac.reigate.services.RegisterServiceTest" time="0.0"/>
  <testcase name="testUpdateFromDto_withNullDto" classname="uk.ac.reigate.services.RegisterServiceTest" time="0.0"/>
  <system-out><![CDATA[]]></system-out>
  <system-err><![CDATA[]]></system-err>
</testsuite>
