<?xml version="1.0" encoding="UTF-8"?>
<testsuite name="uk.ac.reigate.dto.ilp.StatementBankTypeDtoTest" tests="8" skipped="0" failures="0" errors="0" timestamp="2021-09-22T11:31:31" hostname="L104D005" time="0.009">
  <properties/>
  <testcase name="testMapFromStatementBankTypeEntity" classname="uk.ac.reigate.dto.ilp.StatementBankTypeDtoTest" time="0.006"/>
  <testcase name="testHashCode_Different" classname="uk.ac.reigate.dto.ilp.StatementBankTypeDtoTest" time="0.0"/>
  <testcase name="testEquals_Different" classname="uk.ac.reigate.dto.ilp.StatementBankTypeDtoTest" time="0.0"/>
  <testcase name="testHashCode_Same" classname="uk.ac.reigate.dto.ilp.StatementBankTypeDtoTest" time="0.0"/>
  <testcase name="testEquals_Same" classname="uk.ac.reigate.dto.ilp.StatementBankTypeDtoTest" time="0.001"/>
  <testcase name="testConstructor_NullStatementBankType" classname="uk.ac.reigate.dto.ilp.StatementBankTypeDtoTest" time="0.0"/>
  <testcase name="testMapFromStatementBankTypesEntities" classname="uk.ac.reigate.dto.ilp.StatementBankTypeDtoTest" time="0.001"/>
  <testcase name="testConstructor_StatementBankType" classname="uk.ac.reigate.dto.ilp.StatementBankTypeDtoTest" time="0.001"/>
  <system-out><![CDATA[]]></system-out>
  <system-err><![CDATA[]]></system-err>
</testsuite>
