<?xml version="1.0" encoding="UTF-8"?>
<testsuite name="uk.ac.reigate.dto.learningsupport.StudentCourseConcessionDtoTest" tests="10" skipped="0" failures="0" errors="0" timestamp="2021-09-22T11:31:31" hostname="L104D005" time="0.007">
  <properties/>
  <testcase name="testHashCode_Different" classname="uk.ac.reigate.dto.learningsupport.StudentCourseConcessionDtoTest" time="0.004"/>
  <testcase name="testEquals_Different" classname="uk.ac.reigate.dto.learningsupport.StudentCourseConcessionDtoTest" time="0.0"/>
  <testcase name="testConstructor_StudentCourseConcession" classname="uk.ac.reigate.dto.learningsupport.StudentCourseConcessionDtoTest" time="0.0"/>
  <testcase name="testConstructor_NullStudentCourseConcession" classname="uk.ac.reigate.dto.learningsupport.StudentCourseConcessionDtoTest" time="0.0"/>
  <testcase name="testMethod_Get_ConcessionDescription" classname="uk.ac.reigate.dto.learningsupport.StudentCourseConcessionDtoTest" time="0.001"/>
  <testcase name="testMapFromStudentCourseConcessionsEntities" classname="uk.ac.reigate.dto.learningsupport.StudentCourseConcessionDtoTest" time="0.0"/>
  <testcase name="testMapFromStudentCourseConcessionEntity" classname="uk.ac.reigate.dto.learningsupport.StudentCourseConcessionDtoTest" time="0.001"/>
  <testcase name="testConstructor_NullStudent" classname="uk.ac.reigate.dto.learningsupport.StudentCourseConcessionDtoTest" time="0.0"/>
  <testcase name="testMethod_Get_ConcessionCode" classname="uk.ac.reigate.dto.learningsupport.StudentCourseConcessionDtoTest" time="0.0"/>
  <testcase name="testConstructor" classname="uk.ac.reigate.dto.learningsupport.StudentCourseConcessionDtoTest" time="0.001"/>
  <system-out><![CDATA[]]></system-out>
  <system-err><![CDATA[]]></system-err>
</testsuite>
