<?xml version="1.0" encoding="UTF-8"?>
<testsuite name="uk.ac.reigate.services.UserServiceTest" tests="4" skipped="0" failures="0" errors="0" timestamp="2021-09-22T11:31:38" hostname="L104D005" time="0.01">
  <properties/>
  <testcase name="testFindUserByUsername" classname="uk.ac.reigate.services.UserServiceTest" time="0.004"/>
  <testcase name="testAddStaffData" classname="uk.ac.reigate.services.UserServiceTest" time="0.006"/>
  <testcase name="testAddStudentData" classname="uk.ac.reigate.services.UserServiceTest" time="0.0"/>
  <testcase name="testServiceNoArgsConstructor" classname="uk.ac.reigate.services.UserServiceTest" time="0.0"/>
  <system-out><![CDATA[]]></system-out>
  <system-err><![CDATA[]]></system-err>
</testsuite>
