<?xml version="1.0" encoding="UTF-8"?>
<testsuite name="uk.ac.reigate.dto.StaffSummaryDtoTest" tests="8" skipped="0" failures="0" errors="0" timestamp="2021-09-22T11:31:32" hostname="L104D005" time="0.006">
  <properties/>
  <testcase name="testConstructor_NullStaff" classname="uk.ac.reigate.dto.StaffSummaryDtoTest" time="0.002"/>
  <testcase name="testHashCode_Different" classname="uk.ac.reigate.dto.StaffSummaryDtoTest" time="0.001"/>
  <testcase name="testEquals_Different" classname="uk.ac.reigate.dto.StaffSummaryDtoTest" time="0.0"/>
  <testcase name="testHashCode_Same" classname="uk.ac.reigate.dto.StaffSummaryDtoTest" time="0.001"/>
  <testcase name="testEquals_Same" classname="uk.ac.reigate.dto.StaffSummaryDtoTest" time="0.0"/>
  <testcase name="testMapFromStaffsEntities" classname="uk.ac.reigate.dto.StaffSummaryDtoTest" time="0.001"/>
  <testcase name="testConstructor_Staff" classname="uk.ac.reigate.dto.StaffSummaryDtoTest" time="0.0"/>
  <testcase name="testMapFromStaffEntity" classname="uk.ac.reigate.dto.StaffSummaryDtoTest" time="0.001"/>
  <system-out><![CDATA[]]></system-out>
  <system-err><![CDATA[]]></system-err>
</testsuite>
