<?xml version="1.0" encoding="UTF-8"?>
<testsuite name="uk.ac.reigate.services.TextLookupServiceTest" tests="7" skipped="0" failures="0" errors="0" timestamp="2021-09-22T11:31:38" hostname="L104D005" time="0.016">
  <properties/>
  <testcase name="testFindAll" classname="uk.ac.reigate.services.TextLookupServiceTest" time="0.009"/>
  <testcase name="testUpdateFromDto_withDto" classname="uk.ac.reigate.services.TextLookupServiceTest" time="0.003"/>
  <testcase name="testSave" classname="uk.ac.reigate.services.TextLookupServiceTest" time="0.001"/>
  <testcase name="testFindById" classname="uk.ac.reigate.services.TextLookupServiceTest" time="0.001"/>
  <testcase name="testDelete" classname="uk.ac.reigate.services.TextLookupServiceTest" time="0.001"/>
  <testcase name="testServiceNoArgsConstructor" classname="uk.ac.reigate.services.TextLookupServiceTest" time="0.0"/>
  <testcase name="testUpdateFromDto_withNullDto" classname="uk.ac.reigate.services.TextLookupServiceTest" time="0.001"/>
  <system-out><![CDATA[]]></system-out>
  <system-err><![CDATA[]]></system-err>
</testsuite>
