<?xml version="1.0" encoding="UTF-8"?>
<testsuite name="uk.ac.reigate.services.exams.basedata.SyllabusServiceTest" tests="7" skipped="0" failures="0" errors="0" timestamp="2021-09-22T11:31:35" hostname="L104D005" time="0.019">
  <properties/>
  <testcase name="testFindSyllabusList" classname="uk.ac.reigate.services.exams.basedata.SyllabusServiceTest" time="0.014"/>
  <testcase name="testFindAll" classname="uk.ac.reigate.services.exams.basedata.SyllabusServiceTest" time="0.001"/>
  <testcase name="testSave" classname="uk.ac.reigate.services.exams.basedata.SyllabusServiceTest" time="0.002"/>
  <testcase name="testCreatefromDto_withhNullDto" classname="uk.ac.reigate.services.exams.basedata.SyllabusServiceTest" time="0.0"/>
  <testcase name="testFindById" classname="uk.ac.reigate.services.exams.basedata.SyllabusServiceTest" time="0.001"/>
  <testcase name="testFindByExamSeriesAndSyllabusCode" classname="uk.ac.reigate.services.exams.basedata.SyllabusServiceTest" time="0.001"/>
  <testcase name="testServiceNoArgsConstructor" classname="uk.ac.reigate.services.exams.basedata.SyllabusServiceTest" time="0.0"/>
  <system-out><![CDATA[]]></system-out>
  <system-err><![CDATA[]]></system-err>
</testsuite>
