<?xml version="1.0" encoding="UTF-8"?>
<testsuite name="uk.ac.reigate.services.CourseServiceTest" tests="29" skipped="0" failures="0" errors="0" timestamp="2021-09-22T11:31:34" hostname="L104D005" time="0.117">
  <properties/>
  <testcase name="testUpdateFromDto_withDtoWithNoId" classname="uk.ac.reigate.services.CourseServiceTest" time="0.045"/>
  <testcase name="testUpdateFromDto_withExamBoardId" classname="uk.ac.reigate.services.CourseServiceTest" time="0.006"/>
  <testcase name="testFindAll" classname="uk.ac.reigate.services.CourseServiceTest" time="0.0"/>
  <testcase name="testCreateFromDto_withSubjectId" classname="uk.ac.reigate.services.CourseServiceTest" time="0.005"/>
  <testcase name="testFindAllPublishedCoursesValidInYear" classname="uk.ac.reigate.services.CourseServiceTest" time="0.019"/>
  <testcase name="testUpdateFromDto_withDto" classname="uk.ac.reigate.services.CourseServiceTest" time="0.001"/>
  <testcase name="testSave" classname="uk.ac.reigate.services.CourseServiceTest" time="0.001"/>
  <testcase name="testGetByAcademicYear" classname="uk.ac.reigate.services.CourseServiceTest" time="0.002"/>
  <testcase name="testCreateFromDto_withExamBoardId" classname="uk.ac.reigate.services.CourseServiceTest" time="0.002"/>
  <testcase name="testUpdateFromDto_withValidToId" classname="uk.ac.reigate.services.CourseServiceTest" time="0.001"/>
  <testcase name="testCreateFromDto_withLevelId" classname="uk.ac.reigate.services.CourseServiceTest" time="0.006"/>
  <testcase name="testSearchByYearAndSpec" classname="uk.ac.reigate.services.CourseServiceTest" time="0.004"/>
  <testcase name="testSaveCourse" classname="uk.ac.reigate.services.CourseServiceTest" time="0.001"/>
  <testcase name="testUpdateFromDto_withLevelId" classname="uk.ac.reigate.services.CourseServiceTest" time="0.002"/>
  <testcase name="testFindById" classname="uk.ac.reigate.services.CourseServiceTest" time="0.001"/>
  <testcase name="testUpdateFromDto_withValidFromId" classname="uk.ac.reigate.services.CourseServiceTest" time="0.001"/>
  <testcase name="testSearchByYear" classname="uk.ac.reigate.services.CourseServiceTest" time="0.001"/>
  <testcase name="testUpdateFromDto_withSubjectId" classname="uk.ac.reigate.services.CourseServiceTest" time="0.002"/>
  <testcase name="testFindAllCoursesValidInYears" classname="uk.ac.reigate.services.CourseServiceTest" time="0.001"/>
  <testcase name="testSaveCourses" classname="uk.ac.reigate.services.CourseServiceTest" time="0.002"/>
  <testcase name="testgetCourseByIdAndYearId" classname="uk.ac.reigate.services.CourseServiceTest" time="0.001"/>
  <testcase name="testDelete" classname="uk.ac.reigate.services.CourseServiceTest" time="0.0"/>
  <testcase name="testCreateFromDto_withValidFromId" classname="uk.ac.reigate.services.CourseServiceTest" time="0.001"/>
  <testcase name="testFindByStudent" classname="uk.ac.reigate.services.CourseServiceTest" time="0.001"/>
  <testcase name="testFindAllCoursesValidInYear" classname="uk.ac.reigate.services.CourseServiceTest" time="0.0"/>
  <testcase name="testCreateFromDto_withValidToId" classname="uk.ac.reigate.services.CourseServiceTest" time="0.002"/>
  <testcase name="testCreateFromDto_withDto" classname="uk.ac.reigate.services.CourseServiceTest" time="0.001"/>
  <testcase name="testServiceNoArgsConstructor" classname="uk.ac.reigate.services.CourseServiceTest" time="0.0"/>
  <testcase name="testCreateFromDto_withNullDto" classname="uk.ac.reigate.services.CourseServiceTest" time="0.001"/>
  <system-out><![CDATA[]]></system-out>
  <system-err><![CDATA[]]></system-err>
</testsuite>
