<?xml version="1.0" encoding="UTF-8"?>
<testsuite name="uk.ac.reigate.dto.AlternativePeriodDtoTest" tests="7" skipped="0" failures="0" errors="0" timestamp="2021-09-22T11:31:30" hostname="L104D005" time="0.023">
  <properties/>
  <testcase name="test_get_NullBlockDescription" classname="uk.ac.reigate.dto.AlternativePeriodDtoTest" time="0.016"/>
  <testcase name="testConstructorNullDto" classname="uk.ac.reigate.dto.AlternativePeriodDtoTest" time="0.0"/>
  <testcase name="testMapFromEntity" classname="uk.ac.reigate.dto.AlternativePeriodDtoTest" time="0.004"/>
  <testcase name="test_get_BlockDescription" classname="uk.ac.reigate.dto.AlternativePeriodDtoTest" time="0.0"/>
  <testcase name="testConstructorNullBlock" classname="uk.ac.reigate.dto.AlternativePeriodDtoTest" time="0.0"/>
  <testcase name="testMapFromList" classname="uk.ac.reigate.dto.AlternativePeriodDtoTest" time="0.003"/>
  <testcase name="testConstructor" classname="uk.ac.reigate.dto.AlternativePeriodDtoTest" time="0.0"/>
  <system-out><![CDATA[]]></system-out>
  <system-err><![CDATA[]]></system-err>
</testsuite>
