<?xml version="1.0" encoding="UTF-8"?>
<testsuite name="uk.ac.reigate.services.EdiStatusTypeServiceTest" tests="10" skipped="0" failures="0" errors="0" timestamp="2021-09-22T11:31:34" hostname="L104D005" time="0.027">
  <properties/>
  <testcase name="testSaveList" classname="uk.ac.reigate.services.EdiStatusTypeServiceTest" time="0.017"/>
  <testcase name="testFindAll" classname="uk.ac.reigate.services.EdiStatusTypeServiceTest" time="0.002"/>
  <testcase name="testSave" classname="uk.ac.reigate.services.EdiStatusTypeServiceTest" time="0.001"/>
  <testcase name="testFindById" classname="uk.ac.reigate.services.EdiStatusTypeServiceTest" time="0.002"/>
  <testcase name="testCreteFromDto_dto" classname="uk.ac.reigate.services.EdiStatusTypeServiceTest" time="0.001"/>
  <testcase name="testDelete" classname="uk.ac.reigate.services.EdiStatusTypeServiceTest" time="0.001"/>
  <testcase name="testupdateFromDto_withDto" classname="uk.ac.reigate.services.EdiStatusTypeServiceTest" time="0.001"/>
  <testcase name="testServiceNoArgsConstructor" classname="uk.ac.reigate.services.EdiStatusTypeServiceTest" time="0.001"/>
  <testcase name="testCreateFromDto_withNullDto" classname="uk.ac.reigate.services.EdiStatusTypeServiceTest" time="0.001"/>
  <testcase name="testUpdateFromDto_withNullDto" classname="uk.ac.reigate.services.EdiStatusTypeServiceTest" time="0.0"/>
  <system-out><![CDATA[]]></system-out>
  <system-err><![CDATA[]]></system-err>
</testsuite>
