<?xml version="1.0" encoding="UTF-8"?>
<testsuite name="uk.ac.reigate.services.CourseGroupServiceTest" tests="35" skipped="0" failures="0" errors="0" timestamp="2021-09-22T11:31:34" hostname="L104D005" time="0.341">
  <properties/>
  <testcase name="testUpdateFromDto_dtoWithCourseLeaderId" classname="uk.ac.reigate.services.CourseGroupServiceTest" time="0.142"/>
  <testcase name="testGetCourseGroupByIdYearId" classname="uk.ac.reigate.services.CourseGroupServiceTest" time="0.001"/>
  <testcase name="testSaveCourseGroups" classname="uk.ac.reigate.services.CourseGroupServiceTest" time="0.006"/>
  <testcase name="testCreateFromDto_dtoWithDepartmentId" classname="uk.ac.reigate.services.CourseGroupServiceTest" time="0.007"/>
  <testcase name="testCreateFromDto_dtoWithYearId" classname="uk.ac.reigate.services.CourseGroupServiceTest" time="0.002"/>
  <testcase name="testUpdateFromDto_dto" classname="uk.ac.reigate.services.CourseGroupServiceTest" time="0.001"/>
  <testcase name="testFindAll" classname="uk.ac.reigate.services.CourseGroupServiceTest" time="0.001"/>
  <testcase name="testUpdateFromDto_dtoWithYearGroupId" classname="uk.ac.reigate.services.CourseGroupServiceTest" time="0.006"/>
  <testcase name="testSave" classname="uk.ac.reigate.services.CourseGroupServiceTest" time="0.001"/>
  <testcase name="testFindByTeacherAndYear" classname="uk.ac.reigate.services.CourseGroupServiceTest" time="0.001"/>
  <testcase name="testFindByHodAndYear" classname="uk.ac.reigate.services.CourseGroupServiceTest" time="0.003"/>
  <testcase name="testGetByAcademicYear" classname="uk.ac.reigate.services.CourseGroupServiceTest" time="0.001"/>
  <testcase name="testSearchByYearAndSpec" classname="uk.ac.reigate.services.CourseGroupServiceTest" time="0.001"/>
  <testcase name="testSearchByCourses" classname="uk.ac.reigate.services.CourseGroupServiceTest" time="0.0"/>
  <testcase name="testUpdateFromDto_dtoWithCourseId" classname="uk.ac.reigate.services.CourseGroupServiceTest" time="0.007"/>
  <testcase name="testFindById" classname="uk.ac.reigate.services.CourseGroupServiceTest" time="0.002"/>
  <testcase name="testupdateFromDto_withNullDto" classname="uk.ac.reigate.services.CourseGroupServiceTest" time="0.001"/>
  <testcase name="testGetCourseGroupsByYearId" classname="uk.ac.reigate.services.CourseGroupServiceTest" time="0.124"/>
  <testcase name="testCreateFromDto_dto" classname="uk.ac.reigate.services.CourseGroupServiceTest" time="0.002"/>
  <testcase name="testGetCourseGroupEnrolments" classname="uk.ac.reigate.services.CourseGroupServiceTest" time="0.011"/>
  <testcase name="testSearchByYear" classname="uk.ac.reigate.services.CourseGroupServiceTest" time="0.001"/>
  <testcase name="testUpdateFromDto_dtoWithYearId" classname="uk.ac.reigate.services.CourseGroupServiceTest" time="0.002"/>
  <testcase name="testCreateFromDto_dtoWithCourseId" classname="uk.ac.reigate.services.CourseGroupServiceTest" time="0.001"/>
  <testcase name="testFindByStudentAndYear" classname="uk.ac.reigate.services.CourseGroupServiceTest" time="0.001"/>
  <testcase name="testSaveCourseGroup" classname="uk.ac.reigate.services.CourseGroupServiceTest" time="0.001"/>
  <testcase name="testCreateFromDto_dtoWithCourseLeaderId" classname="uk.ac.reigate.services.CourseGroupServiceTest" time="0.001"/>
  <testcase name="testDelete" classname="uk.ac.reigate.services.CourseGroupServiceTest" time="0.001"/>
  <testcase name="testFindByStudent" classname="uk.ac.reigate.services.CourseGroupServiceTest" time="0.0"/>
  <testcase name="testCreateFromDto_dtoWithYearGroupId" classname="uk.ac.reigate.services.CourseGroupServiceTest" time="0.001"/>
  <testcase name="testUpdateFromDto_dtoWithDepartmentId" classname="uk.ac.reigate.services.CourseGroupServiceTest" time="0.001"/>
  <testcase name="testSearchByCourse" classname="uk.ac.reigate.services.CourseGroupServiceTest" time="0.001"/>
  <testcase name="testFindByCourseLeaderAndYear" classname="uk.ac.reigate.services.CourseGroupServiceTest" time="0.001"/>
  <testcase name="testServiceNoArgsConstructor" classname="uk.ac.reigate.services.CourseGroupServiceTest" time="0.0"/>
  <testcase name="testCreateFromDto_withNullDto" classname="uk.ac.reigate.services.CourseGroupServiceTest" time="0.005"/>
  <testcase name="testSearchBycourseAndYear" classname="uk.ac.reigate.services.CourseGroupServiceTest" time="0.001"/>
  <system-out><![CDATA[]]></system-out>
  <system-err><![CDATA[]]></system-err>
</testsuite>
