<?xml version="1.0" encoding="UTF-8"?>
<testsuite name="uk.ac.reigate.dto.StudentConcessionTypeDtoTest" tests="14" skipped="0" failures="0" errors="0" timestamp="2021-09-22T11:31:32" hostname="L104D005" time="0.014">
  <properties/>
  <testcase name="testHashCode_Different" classname="uk.ac.reigate.dto.StudentConcessionTypeDtoTest" time="0.009"/>
  <testcase name="testEquals_Different" classname="uk.ac.reigate.dto.StudentConcessionTypeDtoTest" time="0.001"/>
  <testcase name="testHashCode_Same" classname="uk.ac.reigate.dto.StudentConcessionTypeDtoTest" time="0.0"/>
  <testcase name="testEquals_Same" classname="uk.ac.reigate.dto.StudentConcessionTypeDtoTest" time="0.0"/>
  <testcase name="testMapFromStudentConcessionTypesEntities" classname="uk.ac.reigate.dto.StudentConcessionTypeDtoTest" time="0.002"/>
  <testcase name="testConstructor_StudentConcessionType" classname="uk.ac.reigate.dto.StudentConcessionTypeDtoTest" time="0.001"/>
  <testcase name="testMethod_Get_NullConcessionCode" classname="uk.ac.reigate.dto.StudentConcessionTypeDtoTest" time="0.0"/>
  <testcase name="testConstructor_NullStudentConcessionType" classname="uk.ac.reigate.dto.StudentConcessionTypeDtoTest" time="0.0"/>
  <testcase name="testMethod_Get_NullConcessionDescription" classname="uk.ac.reigate.dto.StudentConcessionTypeDtoTest" time="0.0"/>
  <testcase name="testMethod_Get_ConcessionDescription" classname="uk.ac.reigate.dto.StudentConcessionTypeDtoTest" time="0.0"/>
  <testcase name="testMapFromStudentConcessionTypeEntity" classname="uk.ac.reigate.dto.StudentConcessionTypeDtoTest" time="0.001"/>
  <testcase name="testConstructor_NullStudent" classname="uk.ac.reigate.dto.StudentConcessionTypeDtoTest" time="0.0"/>
  <testcase name="testMethod_Get_ConcessionCode" classname="uk.ac.reigate.dto.StudentConcessionTypeDtoTest" time="0.0"/>
  <testcase name="testConstructor" classname="uk.ac.reigate.dto.StudentConcessionTypeDtoTest" time="0.0"/>
  <system-out><![CDATA[]]></system-out>
  <system-err><![CDATA[]]></system-err>
</testsuite>
