<?xml version="1.0" encoding="UTF-8"?>
<testsuite name="uk.ac.reigate.dto.attendance.StudentAttendanceDtoTest" tests="5" skipped="0" failures="0" errors="0" timestamp="2021-09-22T11:31:30" hostname="L104D005" time="0.016">
  <properties/>
  <testcase name="testHashCode_Same" classname="uk.ac.reigate.dto.attendance.StudentAttendanceDtoTest" time="0.013"/>
  <testcase name="testEquals_Same" classname="uk.ac.reigate.dto.attendance.StudentAttendanceDtoTest" time="0.001"/>
  <testcase name="testMapFromStudentAttendancesEntities" classname="uk.ac.reigate.dto.attendance.StudentAttendanceDtoTest" time="0.001"/>
  <testcase name="testConstructor_StudentAttendance" classname="uk.ac.reigate.dto.attendance.StudentAttendanceDtoTest" time="0.0"/>
  <testcase name="testMapFromStudentAttendanceEntity" classname="uk.ac.reigate.dto.attendance.StudentAttendanceDtoTest" time="0.0"/>
  <system-out><![CDATA[]]></system-out>
  <system-err><![CDATA[]]></system-err>
</testsuite>
