<?xml version="1.0" encoding="UTF-8"?>
<testsuite name="uk.ac.reigate.dto.lookup.TitleDtoTest" tests="7" skipped="0" failures="0" errors="0" timestamp="2021-09-22T11:31:32" hostname="L104D005" time="0.003">
  <properties/>
  <testcase name="testHashCode_Different" classname="uk.ac.reigate.dto.lookup.TitleDtoTest" time="0.002"/>
  <testcase name="testEquals_Different" classname="uk.ac.reigate.dto.lookup.TitleDtoTest" time="0.0"/>
  <testcase name="testHashCode_Same" classname="uk.ac.reigate.dto.lookup.TitleDtoTest" time="0.0"/>
  <testcase name="testMapFromTitlesEntities" classname="uk.ac.reigate.dto.lookup.TitleDtoTest" time="0.001"/>
  <testcase name="testEquals_Same" classname="uk.ac.reigate.dto.lookup.TitleDtoTest" time="0.0"/>
  <testcase name="testMapFromTitleEntity" classname="uk.ac.reigate.dto.lookup.TitleDtoTest" time="0.0"/>
  <testcase name="testConstructor_Title" classname="uk.ac.reigate.dto.lookup.TitleDtoTest" time="0.0"/>
  <system-out><![CDATA[]]></system-out>
  <system-err><![CDATA[]]></system-err>
</testsuite>
