<?xml version="1.0" encoding="UTF-8"?>
<testsuite name="uk.ac.reigate.dto.SchoolDtoTest" tests="11" skipped="0" failures="0" errors="0" timestamp="2021-09-22T11:31:32" hostname="L104D005" time="0.019">
  <properties/>
  <testcase name="testHashCode_Different" classname="uk.ac.reigate.dto.SchoolDtoTest" time="0.012"/>
  <testcase name="testEquals_Different" classname="uk.ac.reigate.dto.SchoolDtoTest" time="0.001"/>
  <testcase name="testHashCode_Same" classname="uk.ac.reigate.dto.SchoolDtoTest" time="0.0"/>
  <testcase name="testMapFromSchoolsEntitiesTest" classname="uk.ac.reigate.dto.SchoolDtoTest" time="0.002"/>
  <testcase name="testEquals_Same" classname="uk.ac.reigate.dto.SchoolDtoTest" time="0.001"/>
  <testcase name="testMapFromSchoolEntityTest" classname="uk.ac.reigate.dto.SchoolDtoTest" time="0.001"/>
  <testcase name="testMethod_Get_NullPriorityCode" classname="uk.ac.reigate.dto.SchoolDtoTest" time="0.0"/>
  <testcase name="testConstructor_nullObject" classname="uk.ac.reigate.dto.SchoolDtoTest" time="0.001"/>
  <testcase name="testMethod_Get_PriorityCode" classname="uk.ac.reigate.dto.SchoolDtoTest" time="0.0"/>
  <testcase name="testMethod_Get_TypeDescription" classname="uk.ac.reigate.dto.SchoolDtoTest" time="0.001"/>
  <testcase name="testMethod_Get_NullTypeDescription" classname="uk.ac.reigate.dto.SchoolDtoTest" time="0.0"/>
  <system-out><![CDATA[]]></system-out>
  <system-err><![CDATA[]]></system-err>
</testsuite>
