<?xml version="1.0" encoding="UTF-8"?>
<testsuite name="uk.ac.reigate.dto.admissions.ApplicationFormDtoTest" tests="4" skipped="0" failures="0" errors="0" timestamp="2021-09-22T11:31:29" hostname="L104D005" time="0.145">
  <properties/>
  <testcase name="testMethod_Get_Nationality" classname="uk.ac.reigate.dto.admissions.ApplicationFormDtoTest" time="0.14"/>
  <testcase name="testMethod_Get_NullNationality" classname="uk.ac.reigate.dto.admissions.ApplicationFormDtoTest" time="0.002"/>
  <testcase name="testConstructor_applicationForm" classname="uk.ac.reigate.dto.admissions.ApplicationFormDtoTest" time="0.001"/>
  <testcase name="testConstructor_NullApplicationForm" classname="uk.ac.reigate.dto.admissions.ApplicationFormDtoTest" time="0.002"/>
  <system-out><![CDATA[]]></system-out>
  <system-err><![CDATA[]]></system-err>
</testsuite>
