<?xml version="1.0" encoding="UTF-8"?>
<testsuite name="uk.ac.reigate.dto.CollegeFundPaidDtoTest" tests="9" skipped="0" failures="0" errors="0" timestamp="2021-09-22T11:31:30" hostname="L104D005" time="0.011">
  <properties/>
  <testcase name="testConstructor_collegeFundPaid" classname="uk.ac.reigate.dto.CollegeFundPaidDtoTest" time="0.005"/>
  <testcase name="testHashCode_Different" classname="uk.ac.reigate.dto.CollegeFundPaidDtoTest" time="0.001"/>
  <testcase name="testEquals_Different" classname="uk.ac.reigate.dto.CollegeFundPaidDtoTest" time="0.0"/>
  <testcase name="testHashCode_Same" classname="uk.ac.reigate.dto.CollegeFundPaidDtoTest" time="0.0"/>
  <testcase name="testEquals_Same" classname="uk.ac.reigate.dto.CollegeFundPaidDtoTest" time="0.001"/>
  <testcase name="testConstructor_NullCollegeFundPaid" classname="uk.ac.reigate.dto.CollegeFundPaidDtoTest" time="0.0"/>
  <testcase name="testMapFromCollegeFundPaidEntity" classname="uk.ac.reigate.dto.CollegeFundPaidDtoTest" time="0.0"/>
  <testcase name="testMapFromCollegeFundPaidsEntities" classname="uk.ac.reigate.dto.CollegeFundPaidDtoTest" time="0.003"/>
  <testcase name="testConstructor_CollegeFundPaid" classname="uk.ac.reigate.dto.CollegeFundPaidDtoTest" time="0.001"/>
  <system-out><![CDATA[]]></system-out>
  <system-err><![CDATA[]]></system-err>
</testsuite>
