<?xml version="1.0" encoding="UTF-8"?>
<testsuite name="uk.ac.reigate.dto.exams.ExamBoardDtoTest" tests="8" skipped="0" failures="0" errors="0" timestamp="2021-09-22T11:31:31" hostname="L104D005" time="0.005">
  <properties/>
  <testcase name="testHashCode_Different" classname="uk.ac.reigate.dto.exams.ExamBoardDtoTest" time="0.002"/>
  <testcase name="testEquals_Different" classname="uk.ac.reigate.dto.exams.ExamBoardDtoTest" time="0.001"/>
  <testcase name="testHashCode_Same" classname="uk.ac.reigate.dto.exams.ExamBoardDtoTest" time="0.0"/>
  <testcase name="testEquals_Same" classname="uk.ac.reigate.dto.exams.ExamBoardDtoTest" time="0.0"/>
  <testcase name="testMapFromExamBoardEntity" classname="uk.ac.reigate.dto.exams.ExamBoardDtoTest" time="0.0"/>
  <testcase name="testConstructor_NullExamBoard" classname="uk.ac.reigate.dto.exams.ExamBoardDtoTest" time="0.0"/>
  <testcase name="testConstructor_ExamBoard" classname="uk.ac.reigate.dto.exams.ExamBoardDtoTest" time="0.0"/>
  <testcase name="testMapFromExamBoardsEntities" classname="uk.ac.reigate.dto.exams.ExamBoardDtoTest" time="0.002"/>
  <system-out><![CDATA[]]></system-out>
  <system-err><![CDATA[]]></system-err>
</testsuite>
