<?xml version="1.0" encoding="UTF-8"?>
<testsuite name="uk.ac.reigate.services.exams.CourseSyllabusServiceTest" tests="10" skipped="0" failures="0" errors="0" timestamp="2021-09-22T11:31:35" hostname="L104D005" time="0.019">
  <properties/>
  <testcase name="testDeleteByIds" classname="uk.ac.reigate.services.exams.CourseSyllabusServiceTest" time="0.012"/>
  <testcase name="testFindAll" classname="uk.ac.reigate.services.exams.CourseSyllabusServiceTest" time="0.0"/>
  <testcase name="testSave" classname="uk.ac.reigate.services.exams.CourseSyllabusServiceTest" time="0.001"/>
  <testcase name="testNoArgsConstructor" classname="uk.ac.reigate.services.exams.CourseSyllabusServiceTest" time="0.0"/>
  <testcase name="testCreateFromDto" classname="uk.ac.reigate.services.exams.CourseSyllabusServiceTest" time="0.001"/>
  <testcase name="testFindById" classname="uk.ac.reigate.services.exams.CourseSyllabusServiceTest" time="0.001"/>
  <testcase name="testFindCourseSyllabus" classname="uk.ac.reigate.services.exams.CourseSyllabusServiceTest" time="0.003"/>
  <testcase name="testDeleteByCourseAndSyllabus" classname="uk.ac.reigate.services.exams.CourseSyllabusServiceTest" time="0.001"/>
  <testcase name="testDelete" classname="uk.ac.reigate.services.exams.CourseSyllabusServiceTest" time="0.0"/>
  <testcase name="testCreateFromDto_withNullDto" classname="uk.ac.reigate.services.exams.CourseSyllabusServiceTest" time="0.0"/>
  <system-out><![CDATA[]]></system-out>
  <system-err><![CDATA[]]></system-err>
</testsuite>
