<?xml version="1.0" encoding="UTF-8"?>
<testsuite name="uk.ac.reigate.dto.PastoralMonitorDtoTest" tests="10" skipped="0" failures="0" errors="0" timestamp="2021-09-22T11:31:32" hostname="L104D005" time="0.009">
  <properties/>
  <testcase name="testHashCode_Different" classname="uk.ac.reigate.dto.PastoralMonitorDtoTest" time="0.005"/>
  <testcase name="testEquals_Different" classname="uk.ac.reigate.dto.PastoralMonitorDtoTest" time="0.001"/>
  <testcase name="testHashCode_Same" classname="uk.ac.reigate.dto.PastoralMonitorDtoTest" time="0.001"/>
  <testcase name="testEquals_Same" classname="uk.ac.reigate.dto.PastoralMonitorDtoTest" time="0.0"/>
  <testcase name="testConstructor_pastoralMonitor" classname="uk.ac.reigate.dto.PastoralMonitorDtoTest" time="0.001"/>
  <testcase name="testConstructor_NullPastoralMonitor" classname="uk.ac.reigate.dto.PastoralMonitorDtoTest" time="0.0"/>
  <testcase name="testMethod_Get_PastoralMonitor" classname="uk.ac.reigate.dto.PastoralMonitorDtoTest" time="0.0"/>
  <testcase name="testMethod_Get_NullPastoralMonitor" classname="uk.ac.reigate.dto.PastoralMonitorDtoTest" time="0.001"/>
  <testcase name="testMapFromPastoralMonitorEntity" classname="uk.ac.reigate.dto.PastoralMonitorDtoTest" time="0.0"/>
  <testcase name="testConstructor_NullStudent" classname="uk.ac.reigate.dto.PastoralMonitorDtoTest" time="0.0"/>
  <system-out><![CDATA[]]></system-out>
  <system-err><![CDATA[]]></system-err>
</testsuite>
