<?xml version="1.0" encoding="UTF-8"?>
<testsuite name="uk.ac.reigate.services.ExternalResultsArchiveServiceTest" tests="13" skipped="0" failures="0" errors="0" timestamp="2021-09-22T11:31:35" hostname="L104D005" time="0.043">
  <properties/>
  <testcase name="testGetByExternalResultsArchives" classname="uk.ac.reigate.services.ExternalResultsArchiveServiceTest" time="0.022"/>
  <testcase name="testUpdateFromDto_withStudentId" classname="uk.ac.reigate.services.ExternalResultsArchiveServiceTest" time="0.004"/>
  <testcase name="testFindAll" classname="uk.ac.reigate.services.ExternalResultsArchiveServiceTest" time="0.001"/>
  <testcase name="testUpdateFromDto_withDto" classname="uk.ac.reigate.services.ExternalResultsArchiveServiceTest" time="0.003"/>
  <testcase name="testSave" classname="uk.ac.reigate.services.ExternalResultsArchiveServiceTest" time="0.002"/>
  <testcase name="testFindById" classname="uk.ac.reigate.services.ExternalResultsArchiveServiceTest" time="0.001"/>
  <testcase name="testGetByStudent" classname="uk.ac.reigate.services.ExternalResultsArchiveServiceTest" time="0.002"/>
  <testcase name="testCreateFromDto_withStudentId" classname="uk.ac.reigate.services.ExternalResultsArchiveServiceTest" time="0.003"/>
  <testcase name="testDelete" classname="uk.ac.reigate.services.ExternalResultsArchiveServiceTest" time="0.001"/>
  <testcase name="testCreateFromDto_withDto" classname="uk.ac.reigate.services.ExternalResultsArchiveServiceTest" time="0.002"/>
  <testcase name="testServiceNoArgsConstructor" classname="uk.ac.reigate.services.ExternalResultsArchiveServiceTest" time="0.0"/>
  <testcase name="testCreateFromDto_withNullDto" classname="uk.ac.reigate.services.ExternalResultsArchiveServiceTest" time="0.0"/>
  <testcase name="testUpdateFromDto_withNullDto" classname="uk.ac.reigate.services.ExternalResultsArchiveServiceTest" time="0.001"/>
  <system-out><![CDATA[]]></system-out>
  <system-err><![CDATA[]]></system-err>
</testsuite>
