<?xml version="1.0" encoding="UTF-8"?>
<testsuite name="uk.ac.reigate.dto.exams.basedata.ExamComponentDtoTest" tests="8" skipped="0" failures="0" errors="0" timestamp="2021-09-22T11:31:30" hostname="L104D005" time="0.021">
  <properties/>
  <testcase name="testHashCode_Different" classname="uk.ac.reigate.dto.exams.basedata.ExamComponentDtoTest" time="0.016"/>
  <testcase name="testEquals_Different" classname="uk.ac.reigate.dto.exams.basedata.ExamComponentDtoTest" time="0.0"/>
  <testcase name="testHashCode_Same" classname="uk.ac.reigate.dto.exams.basedata.ExamComponentDtoTest" time="0.001"/>
  <testcase name="testEquals_Same" classname="uk.ac.reigate.dto.exams.basedata.ExamComponentDtoTest" time="0.0"/>
  <testcase name="testMapFromExamComponentEntityTest" classname="uk.ac.reigate.dto.exams.basedata.ExamComponentDtoTest" time="0.001"/>
  <testcase name="testConstructor_ExamComponent" classname="uk.ac.reigate.dto.exams.basedata.ExamComponentDtoTest" time="0.0"/>
  <testcase name="testMapFromExamComponentEntitiesTest" classname="uk.ac.reigate.dto.exams.basedata.ExamComponentDtoTest" time="0.002"/>
  <testcase name="testConstructor_NullAcademicYear" classname="uk.ac.reigate.dto.exams.basedata.ExamComponentDtoTest" time="0.0"/>
  <system-out><![CDATA[]]></system-out>
  <system-err><![CDATA[]]></system-err>
</testsuite>
