<?xml version="1.0" encoding="UTF-8"?>
<testsuite name="uk.ac.reigate.services.ilp.StatementBankTypeServiceTest" tests="12" skipped="0" failures="0" errors="0" timestamp="2021-09-22T11:31:36" hostname="L104D005" time="0.017">
  <properties/>
  <testcase name="testSaveStatementBankTypeByFields" classname="uk.ac.reigate.services.ilp.StatementBankTypeServiceTest" time="0.009"/>
  <testcase name="testUpdateFromDto_Dto" classname="uk.ac.reigate.services.ilp.StatementBankTypeServiceTest" time="0.001"/>
  <testcase name="testFindAll" classname="uk.ac.reigate.services.ilp.StatementBankTypeServiceTest" time="0.001"/>
  <testcase name="testSave" classname="uk.ac.reigate.services.ilp.StatementBankTypeServiceTest" time="0.0"/>
  <testcase name="testCreateFromDto_WithNullDto" classname="uk.ac.reigate.services.ilp.StatementBankTypeServiceTest" time="0.001"/>
  <testcase name="testSaveStatementBankTypes" classname="uk.ac.reigate.services.ilp.StatementBankTypeServiceTest" time="0.002"/>
  <testcase name="testFindById" classname="uk.ac.reigate.services.ilp.StatementBankTypeServiceTest" time="0.001"/>
  <testcase name="testCreateFromDto_Dto" classname="uk.ac.reigate.services.ilp.StatementBankTypeServiceTest" time="0.0"/>
  <testcase name="testDelete" classname="uk.ac.reigate.services.ilp.StatementBankTypeServiceTest" time="0.001"/>
  <testcase name="testupdateFromDto_WithNullDto" classname="uk.ac.reigate.services.ilp.StatementBankTypeServiceTest" time="0.0"/>
  <testcase name="testSaveStatementBankType" classname="uk.ac.reigate.services.ilp.StatementBankTypeServiceTest" time="0.001"/>
  <testcase name="testServiceNoArgsConstructor" classname="uk.ac.reigate.services.ilp.StatementBankTypeServiceTest" time="0.0"/>
  <system-out><![CDATA[]]></system-out>
  <system-err><![CDATA[]]></system-err>
</testsuite>
