<?xml version="1.0" encoding="UTF-8"?>
<testsuite name="uk.ac.reigate.dto.MasterRegisterDtoTest" tests="7" skipped="0" failures="0" errors="0" timestamp="2021-09-22T11:31:32" hostname="L104D005" time="0.024">
  <properties/>
  <testcase name="testHashCode_Same" classname="uk.ac.reigate.dto.MasterRegisterDtoTest" time="0.016"/>
  <testcase name="testEquals_Same" classname="uk.ac.reigate.dto.MasterRegisterDtoTest" time="0.002"/>
  <testcase name="testMapFromMasterRegistersEntities" classname="uk.ac.reigate.dto.MasterRegisterDtoTest" time="0.003"/>
  <testcase name="testMapFromMasterRegisterEntity" classname="uk.ac.reigate.dto.MasterRegisterDtoTest" time="0.001"/>
  <testcase name="testConstructor_NullMasterRegister" classname="uk.ac.reigate.dto.MasterRegisterDtoTest" time="0.0"/>
  <testcase name="testConstructor_NullStudent" classname="uk.ac.reigate.dto.MasterRegisterDtoTest" time="0.001"/>
  <testcase name="testConstructor_MasterRegister" classname="uk.ac.reigate.dto.MasterRegisterDtoTest" time="0.0"/>
  <system-out><![CDATA[]]></system-out>
  <system-err><![CDATA[]]></system-err>
</testsuite>
