<?xml version="1.0" encoding="UTF-8"?>
<testsuite name="uk.ac.reigate.services.LetterTypeServiceTest" tests="12" skipped="0" failures="0" errors="0" timestamp="2021-09-22T11:31:36" hostname="L104D005" time="0.02">
  <properties/>
  <testcase name="testSaveLetterType" classname="uk.ac.reigate.services.LetterTypeServiceTest" time="0.011"/>
  <testcase name="testUpdateFromDto_dto" classname="uk.ac.reigate.services.LetterTypeServiceTest" time="0.001"/>
  <testcase name="testFindLetterType" classname="uk.ac.reigate.services.LetterTypeServiceTest" time="0.001"/>
  <testcase name="testSaveLetterTypeByFields" classname="uk.ac.reigate.services.LetterTypeServiceTest" time="0.0"/>
  <testcase name="testCreateFromDto_dto" classname="uk.ac.reigate.services.LetterTypeServiceTest" time="0.001"/>
  <testcase name="testDelete" classname="uk.ac.reigate.services.LetterTypeServiceTest" time="0.001"/>
  <testcase name="testSaveLetterTypes" classname="uk.ac.reigate.services.LetterTypeServiceTest" time="0.002"/>
  <testcase name="testFindLetterTypes" classname="uk.ac.reigate.services.LetterTypeServiceTest" time="0.001"/>
  <testcase name="testSaveNewLetterType" classname="uk.ac.reigate.services.LetterTypeServiceTest" time="0.001"/>
  <testcase name="testServiceNoArgsConstructor" classname="uk.ac.reigate.services.LetterTypeServiceTest" time="0.0"/>
  <testcase name="testCreateFromDto_withNullDto" classname="uk.ac.reigate.services.LetterTypeServiceTest" time="0.0"/>
  <testcase name="testUpdateFromDto_withNullDto" classname="uk.ac.reigate.services.LetterTypeServiceTest" time="0.001"/>
  <system-out><![CDATA[]]></system-out>
  <system-err><![CDATA[]]></system-err>
</testsuite>
