<?xml version="1.0" encoding="UTF-8"?>
<testsuite name="uk.ac.reigate.services.ilp.LetterServiceTest" tests="20" skipped="0" failures="0" errors="0" timestamp="2021-09-22T11:31:36" hostname="L104D005" time="0.043">
  <properties/>
  <testcase name="testFindAuthorisedByAcdemicYear" classname="uk.ac.reigate.services.ilp.LetterServiceTest" time="0.023"/>
  <testcase name="testSaveLetterByFields" classname="uk.ac.reigate.services.ilp.LetterServiceTest" time="0.001"/>
  <testcase name="testUpdateFromDto_Dto" classname="uk.ac.reigate.services.ilp.LetterServiceTest" time="0.002"/>
  <testcase name="testFindAll" classname="uk.ac.reigate.services.ilp.LetterServiceTest" time="0.001"/>
  <testcase name="testSave" classname="uk.ac.reigate.services.ilp.LetterServiceTest" time="0.001"/>
  <testcase name="testDeleteNullLetter" classname="uk.ac.reigate.services.ilp.LetterServiceTest" time="0.002"/>
  <testcase name="testFindByAcdemicYearAndProcessingFlag" classname="uk.ac.reigate.services.ilp.LetterServiceTest" time="0.001"/>
  <testcase name="testFindGoingTonightByAcdemicYear" classname="uk.ac.reigate.services.ilp.LetterServiceTest" time="0.002"/>
  <testcase name="testFindById" classname="uk.ac.reigate.services.ilp.LetterServiceTest" time="0.0"/>
  <testcase name="testSaveLetters" classname="uk.ac.reigate.services.ilp.LetterServiceTest" time="0.003"/>
  <testcase name="testGetByStudentId" classname="uk.ac.reigate.services.ilp.LetterServiceTest" time="0.0"/>
  <testcase name="testSaveLetter" classname="uk.ac.reigate.services.ilp.LetterServiceTest" time="0.001"/>
  <testcase name="testGetByStudent" classname="uk.ac.reigate.services.ilp.LetterServiceTest" time="0.001"/>
  <testcase name="testCreateFromDto_NullDto" classname="uk.ac.reigate.services.ilp.LetterServiceTest" time="0.0"/>
  <testcase name="testDeleteById" classname="uk.ac.reigate.services.ilp.LetterServiceTest" time="0.001"/>
  <testcase name="testFindAllByYear" classname="uk.ac.reigate.services.ilp.LetterServiceTest" time="0.001"/>
  <testcase name="testDelete" classname="uk.ac.reigate.services.ilp.LetterServiceTest" time="0.001"/>
  <testcase name="testFindAuthorisedByAcdemicYearAndProcessingFlag" classname="uk.ac.reigate.services.ilp.LetterServiceTest" time="0.001"/>
  <testcase name="testUpdateFromDto_NullDto" classname="uk.ac.reigate.services.ilp.LetterServiceTest" time="0.0"/>
  <testcase name="testServiceNoArgsConstructor" classname="uk.ac.reigate.services.ilp.LetterServiceTest" time="0.001"/>
  <system-out><![CDATA[]]></system-out>
  <system-err><![CDATA[]]></system-err>
</testsuite>
