<?xml version="1.0" encoding="UTF-8"?>
<testsuite name="uk.ac.reigate.services.EntryQualificationServiceTest" tests="13" skipped="0" failures="0" errors="0" timestamp="2021-09-22T11:31:35" hostname="L104D005" time="0.036">
  <properties/>
  <testcase name="testUpdateFromDto_dtoWithEntryQualificationTypeId" classname="uk.ac.reigate.services.EntryQualificationServiceTest" time="0.022"/>
  <testcase name="testCreateFromDto_dtoWithValues" classname="uk.ac.reigate.services.EntryQualificationServiceTest" time="0.002"/>
  <testcase name="testFindAll" classname="uk.ac.reigate.services.EntryQualificationServiceTest" time="0.0"/>
  <testcase name="testUpdateFromDto_withNullId" classname="uk.ac.reigate.services.EntryQualificationServiceTest" time="0.001"/>
  <testcase name="testFindById" classname="uk.ac.reigate.services.EntryQualificationServiceTest" time="0.0"/>
  <testcase name="testSaveEntryQualifications" classname="uk.ac.reigate.services.EntryQualificationServiceTest" time="0.003"/>
  <testcase name="testCreateFromDto_dtoWithEntryQualificationTypeId" classname="uk.ac.reigate.services.EntryQualificationServiceTest" time="0.001"/>
  <testcase name="testUpdateFromDto_dtoWithValues" classname="uk.ac.reigate.services.EntryQualificationServiceTest" time="0.002"/>
  <testcase name="testDelete" classname="uk.ac.reigate.services.EntryQualificationServiceTest" time="0.002"/>
  <testcase name="testCreateFromDto_dtoWithNullValues" classname="uk.ac.reigate.services.EntryQualificationServiceTest" time="0.001"/>
  <testcase name="testSaveNewEntryQualification" classname="uk.ac.reigate.services.EntryQualificationServiceTest" time="0.001"/>
  <testcase name="testServiceNoArgsConstructor" classname="uk.ac.reigate.services.EntryQualificationServiceTest" time="0.001"/>
  <testcase name="testCreateFromDto_withNullDto" classname="uk.ac.reigate.services.EntryQualificationServiceTest" time="0.0"/>
  <system-out><![CDATA[]]></system-out>
  <system-err><![CDATA[]]></system-err>
</testsuite>
