<?xml version="1.0" encoding="UTF-8"?>
<testsuite name="uk.ac.reigate.services.WarningCodeChangeServiceTest" tests="24" skipped="0" failures="0" errors="0" timestamp="2021-09-22T11:31:38" hostname="L104D005" time="0.047">
  <properties/>
  <testcase name="testCreateFromDto_dtoWithStudentId" classname="uk.ac.reigate.services.WarningCodeChangeServiceTest" time="0.019"/>
  <testcase name="testCreateFromDto_dtoWithPreviousAmId" classname="uk.ac.reigate.services.WarningCodeChangeServiceTest" time="0.003"/>
  <testcase name="testCreateFromDto_dtoWithPreviousPmId" classname="uk.ac.reigate.services.WarningCodeChangeServiceTest" time="0.004"/>
  <testcase name="testCreateFromDto_dtoWithYearId" classname="uk.ac.reigate.services.WarningCodeChangeServiceTest" time="0.001"/>
  <testcase name="testUpdateFromDto_dto" classname="uk.ac.reigate.services.WarningCodeChangeServiceTest" time="0.002"/>
  <testcase name="testUpdateFromDto_dtoWithNullValues" classname="uk.ac.reigate.services.WarningCodeChangeServiceTest" time="0.001"/>
  <testcase name="testFindAll" classname="uk.ac.reigate.services.WarningCodeChangeServiceTest" time="0.001"/>
  <testcase name="testSave" classname="uk.ac.reigate.services.WarningCodeChangeServiceTest" time="0.0"/>
  <testcase name="testUpdateFromDto_dtoWithcurrentAmId" classname="uk.ac.reigate.services.WarningCodeChangeServiceTest" time="0.002"/>
  <testcase name="testFindById" classname="uk.ac.reigate.services.WarningCodeChangeServiceTest" time="0.0"/>
  <testcase name="testGetByStudent" classname="uk.ac.reigate.services.WarningCodeChangeServiceTest" time="0.001"/>
  <testcase name="testCreateFromDto_dto" classname="uk.ac.reigate.services.WarningCodeChangeServiceTest" time="0.001"/>
  <testcase name="testUpdateFromDto_dtoWithYearId" classname="uk.ac.reigate.services.WarningCodeChangeServiceTest" time="0.001"/>
  <testcase name="testUpdateFromDto_dtoWithStudentId" classname="uk.ac.reigate.services.WarningCodeChangeServiceTest" time="0.001"/>
  <testcase name="testUpdateFromDto_dtoWithPreviousAmId" classname="uk.ac.reigate.services.WarningCodeChangeServiceTest" time="0.001"/>
  <testcase name="testUpdateFromDto_dtoWithPreviousPmId" classname="uk.ac.reigate.services.WarningCodeChangeServiceTest" time="0.001"/>
  <testcase name="testDelete" classname="uk.ac.reigate.services.WarningCodeChangeServiceTest" time="0.001"/>
  <testcase name="testGetByStudentAndYear" classname="uk.ac.reigate.services.WarningCodeChangeServiceTest" time="0.001"/>
  <testcase name="testCreateFromDto_dtoWithcurrentAmId" classname="uk.ac.reigate.services.WarningCodeChangeServiceTest" time="0.001"/>
  <testcase name="testCreateFromDto_dtoWithcurrentPmId" classname="uk.ac.reigate.services.WarningCodeChangeServiceTest" time="0.001"/>
  <testcase name="testUpdateFromDto_dtoWithPCurrentPmId" classname="uk.ac.reigate.services.WarningCodeChangeServiceTest" time="0.001"/>
  <testcase name="testServiceNoArgsConstructor" classname="uk.ac.reigate.services.WarningCodeChangeServiceTest" time="0.001"/>
  <testcase name="testCreateFromDto_withNullDto" classname="uk.ac.reigate.services.WarningCodeChangeServiceTest" time="0.0"/>
  <testcase name="testUpdateFromDto_withNullDto" classname="uk.ac.reigate.services.WarningCodeChangeServiceTest" time="0.001"/>
  <system-out><![CDATA[]]></system-out>
  <system-err><![CDATA[]]></system-err>
</testsuite>
