<?xml version="1.0" encoding="UTF-8"?>
<testsuite name="uk.ac.reigate.services.student.StudentBursaryServiceTest" tests="1" skipped="0" failures="0" errors="0" timestamp="2021-09-22T11:31:38" hostname="L104D005" time="0.003">
  <properties/>
  <testcase name="testServiceNoArgsConstructor" classname="uk.ac.reigate.services.student.StudentBursaryServiceTest" time="0.003"/>
  <system-out><![CDATA[]]></system-out>
  <system-err><![CDATA[]]></system-err>
</testsuite>
