<?xml version="1.0" encoding="UTF-8"?>
<testsuite name="uk.ac.reigate.dto.SettingDtoTest" tests="8" skipped="0" failures="0" errors="0" timestamp="2021-09-22T11:31:32" hostname="L104D005" time="0.011">
  <properties/>
  <testcase name="testConstructor_NulSetting" classname="uk.ac.reigate.dto.SettingDtoTest" time="0.006"/>
  <testcase name="testHashCode_Different" classname="uk.ac.reigate.dto.SettingDtoTest" time="0.001"/>
  <testcase name="testEquals_Different" classname="uk.ac.reigate.dto.SettingDtoTest" time="0.0"/>
  <testcase name="testMapFromSettingEntity" classname="uk.ac.reigate.dto.SettingDtoTest" time="0.001"/>
  <testcase name="testHashCode_Same" classname="uk.ac.reigate.dto.SettingDtoTest" time="0.0"/>
  <testcase name="testEquals_Same" classname="uk.ac.reigate.dto.SettingDtoTest" time="0.0"/>
  <testcase name="testMapFromSettingsEntities" classname="uk.ac.reigate.dto.SettingDtoTest" time="0.002"/>
  <testcase name="testConstructor_Setting" classname="uk.ac.reigate.dto.SettingDtoTest" time="0.001"/>
  <system-out><![CDATA[]]></system-out>
  <system-err><![CDATA[]]></system-err>
</testsuite>
