<?xml version="1.0" encoding="UTF-8"?>
<testsuite name="uk.ac.reigate.dto.PaginationDtoTest" tests="5" skipped="0" failures="0" errors="0" timestamp="2021-09-22T11:31:32" hostname="L104D005" time="0.009">
  <properties/>
  <testcase name="testNoArgsConstructor" classname="uk.ac.reigate.dto.PaginationDtoTest" time="0.006"/>
  <testcase name="testConstructorPageSortItem" classname="uk.ac.reigate.dto.PaginationDtoTest" time="0.001"/>
  <testcase name="testConstructorPageSortItemPage" classname="uk.ac.reigate.dto.PaginationDtoTest" time="0.002"/>
  <testcase name="testConstructorPageSize" classname="uk.ac.reigate.dto.PaginationDtoTest" time="0.0"/>
  <testcase name="testConstructorPageSort" classname="uk.ac.reigate.dto.PaginationDtoTest" time="0.0"/>
  <system-out><![CDATA[]]></system-out>
  <system-err><![CDATA[]]></system-err>
</testsuite>
