<?xml version="1.0" encoding="UTF-8"?>
<testsuite name="uk.ac.reigate.dto.FacultyDtoTest" tests="28" skipped="0" failures="0" errors="0" timestamp="2021-09-22T11:31:31" hostname="L104D005" time="0.016">
  <properties/>
  <testcase name="testHashCode_Different" classname="uk.ac.reigate.dto.FacultyDtoTest" time="0.004"/>
  <testcase name="testConstructor_NullObject" classname="uk.ac.reigate.dto.FacultyDtoTest" time="0.0"/>
  <testcase name="testEquals_Different" classname="uk.ac.reigate.dto.FacultyDtoTest" time="0.001"/>
  <testcase name="testHashCode_Same" classname="uk.ac.reigate.dto.FacultyDtoTest" time="0.0"/>
  <testcase name="testMethod_Get_Null_apdName" classname="uk.ac.reigate.dto.FacultyDtoTest" time="0.0"/>
  <testcase name="testMethod_Get_pdInitials" classname="uk.ac.reigate.dto.FacultyDtoTest" time="0.001"/>
  <testcase name="testMethod_Get_dolName" classname="uk.ac.reigate.dto.FacultyDtoTest" time="0.001"/>
  <testcase name="testEquals_Same" classname="uk.ac.reigate.dto.FacultyDtoTest" time="0.0"/>
  <testcase name="testMethod_Get_pdName" classname="uk.ac.reigate.dto.FacultyDtoTest" time="0.001"/>
  <testcase name="testMethod_Get_Null_dolInitials" classname="uk.ac.reigate.dto.FacultyDtoTest" time="0.0"/>
  <testcase name="testConstructor_Faculty" classname="uk.ac.reigate.dto.FacultyDtoTest" time="0.0"/>
  <testcase name="testMethod_Get_Null_adolInitials" classname="uk.ac.reigate.dto.FacultyDtoTest" time="0.001"/>
  <testcase name="testMethod_Get_HofName" classname="uk.ac.reigate.dto.FacultyDtoTest" time="0.0"/>
  <testcase name="testMethod_Get_adolInitials" classname="uk.ac.reigate.dto.FacultyDtoTest" time="0.0"/>
  <testcase name="testMethod_Get_dolInitials" classname="uk.ac.reigate.dto.FacultyDtoTest" time="0.0"/>
  <testcase name="testMapFromFacultiesEntities" classname="uk.ac.reigate.dto.FacultyDtoTest" time="0.003"/>
  <testcase name="testMethod_Get_Null_pdName" classname="uk.ac.reigate.dto.FacultyDtoTest" time="0.0"/>
  <testcase name="testMethod_Get_adolName" classname="uk.ac.reigate.dto.FacultyDtoTest" time="0.0"/>
  <testcase name="testMethod_Get_apdName" classname="uk.ac.reigate.dto.FacultyDtoTest" time="0.001"/>
  <testcase name="testMethod_Get_Null_adolName" classname="uk.ac.reigate.dto.FacultyDtoTest" time="0.0"/>
  <testcase name="testMethod_Get_HofInitials" classname="uk.ac.reigate.dto.FacultyDtoTest" time="0.0"/>
  <testcase name="testMethod_Get_NullHofName" classname="uk.ac.reigate.dto.FacultyDtoTest" time="0.001"/>
  <testcase name="testMethod_Get_Null_dolName" classname="uk.ac.reigate.dto.FacultyDtoTest" time="0.0"/>
  <testcase name="testMethod_Get_NullHofInitials" classname="uk.ac.reigate.dto.FacultyDtoTest" time="0.0"/>
  <testcase name="testMethod_Get_Null_apdInitials" classname="uk.ac.reigate.dto.FacultyDtoTest" time="0.0"/>
  <testcase name="testMapFromFacultyEntity" classname="uk.ac.reigate.dto.FacultyDtoTest" time="0.001"/>
  <testcase name="testMethod_Get_Null_pdInitials" classname="uk.ac.reigate.dto.FacultyDtoTest" time="0.0"/>
  <testcase name="testMethod_Get_apdInitials" classname="uk.ac.reigate.dto.FacultyDtoTest" time="0.0"/>
  <system-out><![CDATA[]]></system-out>
  <system-err><![CDATA[]]></system-err>
</testsuite>
