<?xml version="1.0" encoding="UTF-8"?>
<testsuite name="uk.ac.reigate.services.student.StudentReferralReasonServiceTest" tests="16" skipped="0" failures="0" errors="0" timestamp="2021-09-22T11:31:38" hostname="L104D005" time="0.03">
  <properties/>
  <testcase name="testCreateFromDto_dtoWithStudentId" classname="uk.ac.reigate.services.student.StudentReferralReasonServiceTest" time="0.017"/>
  <testcase name="testSaveStudentReferralReason" classname="uk.ac.reigate.services.student.StudentReferralReasonServiceTest" time="0.0"/>
  <testcase name="testFindAll" classname="uk.ac.reigate.services.student.StudentReferralReasonServiceTest" time="0.001"/>
  <testcase name="testSave" classname="uk.ac.reigate.services.student.StudentReferralReasonServiceTest" time="0.0"/>
  <testcase name="testFindStudentReferralReason" classname="uk.ac.reigate.services.student.StudentReferralReasonServiceTest" time="0.001"/>
  <testcase name="testFindById" classname="uk.ac.reigate.services.student.StudentReferralReasonServiceTest" time="0.001"/>
  <testcase name="testGetByStudent" classname="uk.ac.reigate.services.student.StudentReferralReasonServiceTest" time="0.0"/>
  <testcase name="testUpdateFromDto_dtoWithReferralReasonId" classname="uk.ac.reigate.services.student.StudentReferralReasonServiceTest" time="0.004"/>
  <testcase name="testCreateFromDto_dto" classname="uk.ac.reigate.services.student.StudentReferralReasonServiceTest" time="0.0"/>
  <testcase name="testUpdateFromDto_dtoWithStudentId" classname="uk.ac.reigate.services.student.StudentReferralReasonServiceTest" time="0.001"/>
  <testcase name="testDelete" classname="uk.ac.reigate.services.student.StudentReferralReasonServiceTest" time="0.001"/>
  <testcase name="testDeleteId" classname="uk.ac.reigate.services.student.StudentReferralReasonServiceTest" time="0.001"/>
  <testcase name="testServiceNoArgsConstructor" classname="uk.ac.reigate.services.student.StudentReferralReasonServiceTest" time="0.0"/>
  <testcase name="testCreateFromDto_withNullDto" classname="uk.ac.reigate.services.student.StudentReferralReasonServiceTest" time="0.0"/>
  <testcase name="testCreateFromDto_dtoWithEntryQualificationId" classname="uk.ac.reigate.services.student.StudentReferralReasonServiceTest" time="0.001"/>
  <testcase name="testUpdateFromDto_withNullDto" classname="uk.ac.reigate.services.student.StudentReferralReasonServiceTest" time="0.001"/>
  <system-out><![CDATA[]]></system-out>
  <system-err><![CDATA[]]></system-err>
</testsuite>
