<?xml version="1.0" encoding="UTF-8"?>
<testsuite name="uk.ac.reigate.services.MasterRegisterServiceTest" tests="20" skipped="0" failures="0" errors="0" timestamp="2021-09-22T11:31:37" hostname="L104D005" time="0.046">
  <properties/>
  <testcase name="testCreateFromDto_dtoStudentId" classname="uk.ac.reigate.services.MasterRegisterServiceTest" time="0.02"/>
  <testcase name="testUpdateFromDto_dtoStudentId" classname="uk.ac.reigate.services.MasterRegisterServiceTest" time="0.002"/>
  <testcase name="testUpdateFromDto_dto" classname="uk.ac.reigate.services.MasterRegisterServiceTest" time="0.001"/>
  <testcase name="testSaveList" classname="uk.ac.reigate.services.MasterRegisterServiceTest" time="0.003"/>
  <testcase name="testFindAll" classname="uk.ac.reigate.services.MasterRegisterServiceTest" time="0.0"/>
  <testcase name="testSave" classname="uk.ac.reigate.services.MasterRegisterServiceTest" time="0.001"/>
  <testcase name="testUpdateFromDto_withNullId" classname="uk.ac.reigate.services.MasterRegisterServiceTest" time="0.001"/>
  <testcase name="testFindById" classname="uk.ac.reigate.services.MasterRegisterServiceTest" time="0.001"/>
  <testcase name="testUpdateFromDto_dtoAttendanceId" classname="uk.ac.reigate.services.MasterRegisterServiceTest" time="0.005"/>
  <testcase name="testCreateFromDto_dto" classname="uk.ac.reigate.services.MasterRegisterServiceTest" time="0.001"/>
  <testcase name="testSaveLists" classname="uk.ac.reigate.services.MasterRegisterServiceTest" time="0.001"/>
  <testcase name="testCreateFromDto_dtoAttendanceId" classname="uk.ac.reigate.services.MasterRegisterServiceTest" time="0.001"/>
  <testcase name="testDelete" classname="uk.ac.reigate.services.MasterRegisterServiceTest" time="0.001"/>
  <testcase name="testCreateFromDto_dtoYearId" classname="uk.ac.reigate.services.MasterRegisterServiceTest" time="0.001"/>
  <testcase name="testStudentById" classname="uk.ac.reigate.services.MasterRegisterServiceTest" time="0.002"/>
  <testcase name="testGetByStudentAndYear" classname="uk.ac.reigate.services.MasterRegisterServiceTest" time="0.001"/>
  <testcase name="testUpdateFromDto_dtoYearId" classname="uk.ac.reigate.services.MasterRegisterServiceTest" time="0.001"/>
  <testcase name="testServiceNoArgsConstructor" classname="uk.ac.reigate.services.MasterRegisterServiceTest" time="0.001"/>
  <testcase name="testCreateFromDto_withNullDto" classname="uk.ac.reigate.services.MasterRegisterServiceTest" time="0.0"/>
  <testcase name="testUpdateFromDto_withNullDto" classname="uk.ac.reigate.services.MasterRegisterServiceTest" time="0.001"/>
  <system-out><![CDATA[]]></system-out>
  <system-err><![CDATA[]]></system-err>
</testsuite>
