<?xml version="1.0" encoding="UTF-8"?>
<testsuite name="uk.ac.reigate.services.student.StudentConcessionTypeServiceTest" tests="4" skipped="0" failures="0" errors="0" timestamp="2021-09-22T11:31:38" hostname="L104D005" time="0.011">
  <properties/>
  <testcase name="testFindAll" classname="uk.ac.reigate.services.student.StudentConcessionTypeServiceTest" time="0.009"/>
  <testcase name="testSave" classname="uk.ac.reigate.services.student.StudentConcessionTypeServiceTest" time="0.0"/>
  <testcase name="testGetByStudent" classname="uk.ac.reigate.services.student.StudentConcessionTypeServiceTest" time="0.002"/>
  <testcase name="testServiceNoArgsConstructor" classname="uk.ac.reigate.services.student.StudentConcessionTypeServiceTest" time="0.0"/>
  <system-out><![CDATA[]]></system-out>
  <system-err><![CDATA[]]></system-err>
</testsuite>
