<?xml version="1.0" encoding="UTF-8"?>
<testsuite name="uk.ac.reigate.dto.risk_assessment.StudentSafetyPlanDtoTest" tests="7" skipped="0" failures="0" errors="0" timestamp="2021-09-22T11:31:32" hostname="L104D005" time="0.014">
  <properties/>
  <testcase name="testHashCode_Same" classname="uk.ac.reigate.dto.risk_assessment.StudentSafetyPlanDtoTest" time="0.01"/>
  <testcase name="testEquals_Same" classname="uk.ac.reigate.dto.risk_assessment.StudentSafetyPlanDtoTest" time="0.001"/>
  <testcase name="testMapFromStudentSafetyPlansEntities" classname="uk.ac.reigate.dto.risk_assessment.StudentSafetyPlanDtoTest" time="0.002"/>
  <testcase name="testConstructor_StudentSafetyPlan" classname="uk.ac.reigate.dto.risk_assessment.StudentSafetyPlanDtoTest" time="0.0"/>
  <testcase name="testConstructor_NullStudentSafetyPlan" classname="uk.ac.reigate.dto.risk_assessment.StudentSafetyPlanDtoTest" time="0.0"/>
  <testcase name="testMapFromStudentSafetyPlanEntity" classname="uk.ac.reigate.dto.risk_assessment.StudentSafetyPlanDtoTest" time="0.001"/>
  <testcase name="testConstructor_NullStudent" classname="uk.ac.reigate.dto.risk_assessment.StudentSafetyPlanDtoTest" time="0.0"/>
  <system-out><![CDATA[]]></system-out>
  <system-err><![CDATA[]]></system-err>
</testsuite>
