<?xml version="1.0" encoding="UTF-8"?>
<testsuite name="uk.ac.reigate.dto.interimreport.CourseGroupInterimReportDtoTest" tests="4" skipped="0" failures="0" errors="0" timestamp="2021-09-22T11:31:31" hostname="L104D005" time="0.01">
  <properties/>
  <testcase name="testConstrutor" classname="uk.ac.reigate.dto.interimreport.CourseGroupInterimReportDtoTest" time="0.008"/>
  <testcase name="testMapFromEntity" classname="uk.ac.reigate.dto.interimreport.CourseGroupInterimReportDtoTest" time="0.001"/>
  <testcase name="testConstrutorNullStaff" classname="uk.ac.reigate.dto.interimreport.CourseGroupInterimReportDtoTest" time="0.0"/>
  <testcase name="testMapFromList" classname="uk.ac.reigate.dto.interimreport.CourseGroupInterimReportDtoTest" time="0.001"/>
  <system-out><![CDATA[]]></system-out>
  <system-err><![CDATA[]]></system-err>
</testsuite>
