<?xml version="1.0" encoding="UTF-8"?>
<testsuite name="uk.ac.reigate.api.AcademicYearsApiTest" tests="1" skipped="0" failures="0" errors="0" timestamp="2021-09-22T11:31:29" hostname="L104D005" time="0.058">
  <properties/>
  <testcase name="testApiNoArgsConstructor" classname="uk.ac.reigate.api.AcademicYearsApiTest" time="0.058"/>
  <system-out><![CDATA[[DEBUG] SpringJUnit4ClassRunner constructor called with [class uk.ac.reigate.api.AcademicYearsApiTest]
[DEBUG] Instantiating CacheAwareContextLoaderDelegate from class [org.springframework.test.context.cache.DefaultCacheAwareContextLoaderDelegate]
[DEBUG] Instantiating BootstrapContext using constructor [public org.springframework.test.context.support.DefaultBootstrapContext(java.lang.Class,org.springframework.test.context.CacheAwareContextLoaderDelegate)]
[DEBUG] Instantiating TestContextBootstrapper for test class [uk.ac.reigate.api.AcademicYearsApiTest] from class [org.springframework.test.context.web.WebTestContextBootstrapper]
[DEBUG] Delegating to AnnotationConfigWebContextLoader to process context configuration [ContextConfigurationAttributes@78ba4e92 declaringClass = 'uk.ac.reigate.api.AcademicYearsApiTest', classes = '{class uk.ac.reigate.config.testing.TestMockServiceConfig}', locations = '{}', inheritLocations = true, initializers = '{}', inheritInitializers = true, name = [null], contextLoaderClass = 'org.springframework.test.context.ContextLoader'].
[DEBUG] Could not find an 'annotation declaring class' for annotation type [org.springframework.test.context.ActiveProfiles] and class [uk.ac.reigate.api.AcademicYearsApiTest]
[DEBUG] @TestExecutionListeners is not present for class [uk.ac.reigate.api.AcademicYearsApiTest]: using defaults.
[INFO] Loaded default TestExecutionListener class names from location [META-INF/spring.factories]: [org.springframework.security.test.context.support.WithSecurityContextTestExecutionListener, org.springframework.security.test.context.support.ReactorContextTestExecutionListener, org.springframework.boot.test.autoconfigure.restdocs.RestDocsTestExecutionListener, org.springframework.boot.test.autoconfigure.web.client.MockRestServiceServerResetTestExecutionListener, org.springframework.boot.test.autoconfigure.web.servlet.MockMvcPrintOnlyOnFailureTestExecutionListener, org.springframework.boot.test.autoconfigure.web.servlet.WebDriverTestExecutionListener, org.springframework.boot.test.autoconfigure.webservices.client.MockWebServiceServerTestExecutionListener, org.springframework.boot.test.mock.mockito.MockitoTestExecutionListener, org.springframework.boot.test.mock.mockito.ResetMocksTestExecutionListener, org.springframework.test.context.web.ServletTestExecutionListener, org.springframework.test.context.support.DirtiesContextBeforeModesTestExecutionListener, org.springframework.test.context.event.ApplicationEventsTestExecutionListener, org.springframework.test.context.support.DependencyInjectionTestExecutionListener, org.springframework.test.context.support.DirtiesContextTestExecutionListener, org.springframework.test.context.transaction.TransactionalTestExecutionListener, org.springframework.test.context.jdbc.SqlScriptsTestExecutionListener, org.springframework.test.context.event.EventPublishingTestExecutionListener]
[INFO] Using TestExecutionListeners: [org.springframework.test.context.web.ServletTestExecutionListener@5a002b3e, org.springframework.test.context.support.DirtiesContextBeforeModesTestExecutionListener@189a87ae, org.springframework.test.context.event.ApplicationEventsTestExecutionListener@2ce585f4, org.springframework.boot.test.mock.mockito.MockitoTestExecutionListener@d4e782, org.springframework.test.context.support.DependencyInjectionTestExecutionListener@5b56657d, org.springframework.test.context.support.DirtiesContextTestExecutionListener@17bd2e4e, org.springframework.test.context.transaction.TransactionalTestExecutionListener@17f7d368, org.springframework.test.context.jdbc.SqlScriptsTestExecutionListener@30b8cee3, org.springframework.security.test.context.support.WithSecurityContextTestExecutionListener@58ad2804, org.springframework.test.context.event.EventPublishingTestExecutionListener@261ca201, org.springframework.security.test.context.support.ReactorContextTestExecutionListener@fd94939, org.springframework.boot.test.autoconfigure.restdocs.RestDocsTestExecutionListener@796051f7, org.springframework.boot.test.autoconfigure.web.client.MockRestServiceServerResetTestExecutionListener@483cbbd7, org.springframework.boot.test.autoconfigure.web.servlet.MockMvcPrintOnlyOnFailureTestExecutionListener@b73047b, org.springframework.boot.test.autoconfigure.web.servlet.WebDriverTestExecutionListener@4e2604ad, org.springframework.boot.test.autoconfigure.webservices.client.MockWebServiceServerTestExecutionListener@35b20b77, org.springframework.boot.test.mock.mockito.ResetMocksTestExecutionListener@187dec15]
[DEBUG] Retrieved @ProfileValueSourceConfiguration [null] for test class [uk.ac.reigate.api.AcademicYearsApiTest]
[DEBUG] Retrieved ProfileValueSource type [class org.springframework.test.annotation.SystemProfileValueSource] for class [uk.ac.reigate.api.AcademicYearsApiTest]
[DEBUG] Retrieved @ProfileValueSourceConfiguration [null] for test class [uk.ac.reigate.api.AcademicYearsApiTest]
[DEBUG] Retrieved ProfileValueSource type [class org.springframework.test.annotation.SystemProfileValueSource] for class [uk.ac.reigate.api.AcademicYearsApiTest]
[DEBUG] Retrieved @ProfileValueSourceConfiguration [null] for test class [uk.ac.reigate.api.AcademicYearsApiTest]
[DEBUG] Retrieved ProfileValueSource type [class org.springframework.test.annotation.SystemProfileValueSource] for class [uk.ac.reigate.api.AcademicYearsApiTest]
[DEBUG] Retrieved @ProfileValueSourceConfiguration [null] for test class [uk.ac.reigate.api.AcademicYearsApiTest]
[DEBUG] Retrieved ProfileValueSource type [class org.springframework.test.annotation.SystemProfileValueSource] for class [uk.ac.reigate.api.AcademicYearsApiTest]
[DEBUG] Before test class: context [DefaultTestContext@40964901 testClass = AcademicYearsApiTest, testInstance = [null], testMethod = [null], testException = [null], mergedContextConfiguration = [WebMergedContextConfiguration@5778d583 testClass = AcademicYearsApiTest, locations = '{}', classes = '{class uk.ac.reigate.config.testing.TestMockServiceConfig}', contextInitializerClasses = '[]', activeProfiles = '{}', propertySourceLocations = '{}', propertySourceProperties = '{}', contextCustomizers = set[org.springframework.boot.test.autoconfigure.actuate.metrics.MetricsExportContextCustomizerFactory$DisableMetricExportContextCustomizer@665bf96a, org.springframework.boot.test.autoconfigure.properties.PropertyMappingContextCustomizer@0, org.springframework.boot.test.autoconfigure.web.servlet.WebDriverContextCustomizerFactory$Customizer@d3deb6d, org.springframework.boot.test.context.filter.ExcludeFilterContextCustomizer@28de09dd, org.springframework.boot.test.json.DuplicateJsonObjectContextCustomizerFactory$DuplicateJsonObjectContextCustomizer@32b9c001, org.springframework.boot.test.mock.mockito.MockitoContextCustomizer@1315ae5f, org.springframework.test.context.web.socket.MockServerContainerContextCustomizer@2f8048d5], resourceBasePath = 'src/main/webapp', contextLoader = 'org.springframework.test.context.web.WebDelegatingSmartContextLoader', parent = [null]], attributes = map[[empty]]], class annotated with @DirtiesContext [false] with mode [null].
[DEBUG] Retrieved @ProfileValueSourceConfiguration [null] for test class [uk.ac.reigate.api.AcademicYearsApiTest]
[DEBUG] Retrieved ProfileValueSource type [class org.springframework.test.annotation.SystemProfileValueSource] for class [uk.ac.reigate.api.AcademicYearsApiTest]
[DEBUG] Delegating to AnnotationConfigWebContextLoader to load context from [WebMergedContextConfiguration@5778d583 testClass = AcademicYearsApiTest, locations = '{}', classes = '{class uk.ac.reigate.config.testing.TestMockServiceConfig}', contextInitializerClasses = '[]', activeProfiles = '{}', propertySourceLocations = '{}', propertySourceProperties = '{}', contextCustomizers = set[org.springframework.boot.test.autoconfigure.actuate.metrics.MetricsExportContextCustomizerFactory$DisableMetricExportContextCustomizer@665bf96a, org.springframework.boot.test.autoconfigure.properties.PropertyMappingContextCustomizer@0, org.springframework.boot.test.autoconfigure.web.servlet.WebDriverContextCustomizerFactory$Customizer@d3deb6d, org.springframework.boot.test.context.filter.ExcludeFilterContextCustomizer@28de09dd, org.springframework.boot.test.json.DuplicateJsonObjectContextCustomizerFactory$DuplicateJsonObjectContextCustomizer@32b9c001, org.springframework.boot.test.mock.mockito.MockitoContextCustomizer@1315ae5f, org.springframework.test.context.web.socket.MockServerContainerContextCustomizer@2f8048d5], resourceBasePath = 'src/main/webapp', contextLoader = 'org.springframework.test.context.web.WebDelegatingSmartContextLoader', parent = [null]].
[DEBUG] Loading WebApplicationContext for merged context configuration [WebMergedContextConfiguration@5778d583 testClass = AcademicYearsApiTest, locations = '{}', classes = '{class uk.ac.reigate.config.testing.TestMockServiceConfig}', contextInitializerClasses = '[]', activeProfiles = '{}', propertySourceLocations = '{}', propertySourceProperties = '{}', contextCustomizers = set[org.springframework.boot.test.autoconfigure.actuate.metrics.MetricsExportContextCustomizerFactory$DisableMetricExportContextCustomizer@665bf96a, org.springframework.boot.test.autoconfigure.properties.PropertyMappingContextCustomizer@0, org.springframework.boot.test.autoconfigure.web.servlet.WebDriverContextCustomizerFactory$Customizer@d3deb6d, org.springframework.boot.test.context.filter.ExcludeFilterContextCustomizer@28de09dd, org.springframework.boot.test.json.DuplicateJsonObjectContextCustomizerFactory$DuplicateJsonObjectContextCustomizer@32b9c001, org.springframework.boot.test.mock.mockito.MockitoContextCustomizer@1315ae5f, org.springframework.test.context.web.socket.MockServerContainerContextCustomizer@2f8048d5], resourceBasePath = 'src/main/webapp', contextLoader = 'org.springframework.test.context.web.WebDelegatingSmartContextLoader', parent = [null]].
[DEBUG] Activating profiles []
[DEBUG] Registering annotated classes: {class uk.ac.reigate.config.testing.TestMockServiceConfig}
[DEBUG] Refreshing org.springframework.web.context.support.GenericWebApplicationContext@4fdf70ae
[DEBUG] Creating shared instance of singleton bean 'org.springframework.context.annotation.internalConfigurationAnnotationProcessor'
[DEBUG] Creating shared instance of singleton bean 'org.springframework.boot.test.mock.mockito.MockitoPostProcessor'
[DEBUG] Creating shared instance of singleton bean 'org.springframework.context.event.internalEventListenerProcessor'
[DEBUG] Creating shared instance of singleton bean 'org.springframework.context.event.internalEventListenerFactory'
[DEBUG] Creating shared instance of singleton bean 'org.springframework.context.annotation.internalAutowiredAnnotationProcessor'
[DEBUG] Creating shared instance of singleton bean 'org.springframework.context.annotation.internalCommonAnnotationProcessor'
[DEBUG] Creating shared instance of singleton bean 'org.springframework.context.annotation.internalPersistenceAnnotationProcessor'
[DEBUG] Creating shared instance of singleton bean 'org.springframework.boot.test.mock.mockito.MockitoPostProcessor$SpyPostProcessor'
[DEBUG] Unable to locate ThemeSource with name 'themeSource': using default [org.springframework.ui.context.support.ResourceBundleThemeSource@b0cc979]
[DEBUG] Storing ApplicationContext [1340043438] in cache under key [[WebMergedContextConfiguration@5778d583 testClass = AcademicYearsApiTest, locations = '{}', classes = '{class uk.ac.reigate.config.testing.TestMockServiceConfig}', contextInitializerClasses = '[]', activeProfiles = '{}', propertySourceLocations = '{}', propertySourceProperties = '{}', contextCustomizers = set[org.springframework.boot.test.autoconfigure.actuate.metrics.MetricsExportContextCustomizerFactory$DisableMetricExportContextCustomizer@665bf96a, org.springframework.boot.test.autoconfigure.properties.PropertyMappingContextCustomizer@0, org.springframework.boot.test.autoconfigure.web.servlet.WebDriverContextCustomizerFactory$Customizer@d3deb6d, org.springframework.boot.test.context.filter.ExcludeFilterContextCustomizer@28de09dd, org.springframework.boot.test.json.DuplicateJsonObjectContextCustomizerFactory$DuplicateJsonObjectContextCustomizer@32b9c001, org.springframework.boot.test.mock.mockito.MockitoContextCustomizer@1315ae5f, org.springframework.test.context.web.socket.MockServerContainerContextCustomizer@2f8048d5], resourceBasePath = 'src/main/webapp', contextLoader = 'org.springframework.test.context.web.WebDelegatingSmartContextLoader', parent = [null]]]
[DEBUG] Spring test ApplicationContext cache statistics: [DefaultContextCache@1b5f8701 size = 1, maxSize = 32, parentContextCount = 0, hitCount = 0, missCount = 1]
[DEBUG] Setting up MockHttpServletRequest, MockHttpServletResponse, ServletWebRequest, and RequestContextHolder for test context [DefaultTestContext@40964901 testClass = AcademicYearsApiTest, testInstance = uk.ac.reigate.api.AcademicYearsApiTest@fb57e3, testMethod = [null], testException = [null], mergedContextConfiguration = [WebMergedContextConfiguration@5778d583 testClass = AcademicYearsApiTest, locations = '{}', classes = '{class uk.ac.reigate.config.testing.TestMockServiceConfig}', contextInitializerClasses = '[]', activeProfiles = '{}', propertySourceLocations = '{}', propertySourceProperties = '{}', contextCustomizers = set[org.springframework.boot.test.autoconfigure.actuate.metrics.MetricsExportContextCustomizerFactory$DisableMetricExportContextCustomizer@665bf96a, org.springframework.boot.test.autoconfigure.properties.PropertyMappingContextCustomizer@0, org.springframework.boot.test.autoconfigure.web.servlet.WebDriverContextCustomizerFactory$Customizer@d3deb6d, org.springframework.boot.test.context.filter.ExcludeFilterContextCustomizer@28de09dd, org.springframework.boot.test.json.DuplicateJsonObjectContextCustomizerFactory$DuplicateJsonObjectContextCustomizer@32b9c001, org.springframework.boot.test.mock.mockito.MockitoContextCustomizer@1315ae5f, org.springframework.test.context.web.socket.MockServerContainerContextCustomizer@2f8048d5], resourceBasePath = 'src/main/webapp', contextLoader = 'org.springframework.test.context.web.WebDelegatingSmartContextLoader', parent = [null]], attributes = map[[empty]]].
[DEBUG] Retrieved ApplicationContext [1340043438] from cache with key [[WebMergedContextConfiguration@5778d583 testClass = AcademicYearsApiTest, locations = '{}', classes = '{class uk.ac.reigate.config.testing.TestMockServiceConfig}', contextInitializerClasses = '[]', activeProfiles = '{}', propertySourceLocations = '{}', propertySourceProperties = '{}', contextCustomizers = set[org.springframework.boot.test.autoconfigure.actuate.metrics.MetricsExportContextCustomizerFactory$DisableMetricExportContextCustomizer@665bf96a, org.springframework.boot.test.autoconfigure.properties.PropertyMappingContextCustomizer@0, org.springframework.boot.test.autoconfigure.web.servlet.WebDriverContextCustomizerFactory$Customizer@d3deb6d, org.springframework.boot.test.context.filter.ExcludeFilterContextCustomizer@28de09dd, org.springframework.boot.test.json.DuplicateJsonObjectContextCustomizerFactory$DuplicateJsonObjectContextCustomizer@32b9c001, org.springframework.boot.test.mock.mockito.MockitoContextCustomizer@1315ae5f, org.springframework.test.context.web.socket.MockServerContainerContextCustomizer@2f8048d5], resourceBasePath = 'src/main/webapp', contextLoader = 'org.springframework.test.context.web.WebDelegatingSmartContextLoader', parent = [null]]]
[DEBUG] Spring test ApplicationContext cache statistics: [DefaultContextCache@1b5f8701 size = 1, maxSize = 32, parentContextCount = 0, hitCount = 1, missCount = 1]
[DEBUG] Performing dependency injection for test context [[DefaultTestContext@40964901 testClass = AcademicYearsApiTest, testInstance = uk.ac.reigate.api.AcademicYearsApiTest@fb57e3, testMethod = [null], testException = [null], mergedContextConfiguration = [WebMergedContextConfiguration@5778d583 testClass = AcademicYearsApiTest, locations = '{}', classes = '{class uk.ac.reigate.config.testing.TestMockServiceConfig}', contextInitializerClasses = '[]', activeProfiles = '{}', propertySourceLocations = '{}', propertySourceProperties = '{}', contextCustomizers = set[org.springframework.boot.test.autoconfigure.actuate.metrics.MetricsExportContextCustomizerFactory$DisableMetricExportContextCustomizer@665bf96a, org.springframework.boot.test.autoconfigure.properties.PropertyMappingContextCustomizer@0, org.springframework.boot.test.autoconfigure.web.servlet.WebDriverContextCustomizerFactory$Customizer@d3deb6d, org.springframework.boot.test.context.filter.ExcludeFilterContextCustomizer@28de09dd, org.springframework.boot.test.json.DuplicateJsonObjectContextCustomizerFactory$DuplicateJsonObjectContextCustomizer@32b9c001, org.springframework.boot.test.mock.mockito.MockitoContextCustomizer@1315ae5f, org.springframework.test.context.web.socket.MockServerContainerContextCustomizer@2f8048d5], resourceBasePath = 'src/main/webapp', contextLoader = 'org.springframework.test.context.web.WebDelegatingSmartContextLoader', parent = [null]], attributes = map['org.springframework.test.context.web.ServletTestExecutionListener.populatedRequestContextHolder' -> true, 'org.springframework.test.context.web.ServletTestExecutionListener.resetRequestContextHolder' -> true, 'org.springframework.test.context.event.ApplicationEventsTestExecutionListener.recordApplicationEvents' -> false, 'org.springframework.boot.test.mock.mockito.MockitoTestExecutionListener.mocks' -> org.mockito.internal.configuration.InjectingAnnotationEngine$$Lambda$201/0x00000008014ee840@4824660]]].
[DEBUG] Retrieved ApplicationContext [1340043438] from cache with key [[WebMergedContextConfiguration@5778d583 testClass = AcademicYearsApiTest, locations = '{}', classes = '{class uk.ac.reigate.config.testing.TestMockServiceConfig}', contextInitializerClasses = '[]', activeProfiles = '{}', propertySourceLocations = '{}', propertySourceProperties = '{}', contextCustomizers = set[org.springframework.boot.test.autoconfigure.actuate.metrics.MetricsExportContextCustomizerFactory$DisableMetricExportContextCustomizer@665bf96a, org.springframework.boot.test.autoconfigure.properties.PropertyMappingContextCustomizer@0, org.springframework.boot.test.autoconfigure.web.servlet.WebDriverContextCustomizerFactory$Customizer@d3deb6d, org.springframework.boot.test.context.filter.ExcludeFilterContextCustomizer@28de09dd, org.springframework.boot.test.json.DuplicateJsonObjectContextCustomizerFactory$DuplicateJsonObjectContextCustomizer@32b9c001, org.springframework.boot.test.mock.mockito.MockitoContextCustomizer@1315ae5f, org.springframework.test.context.web.socket.MockServerContainerContextCustomizer@2f8048d5], resourceBasePath = 'src/main/webapp', contextLoader = 'org.springframework.test.context.web.WebDelegatingSmartContextLoader', parent = [null]]]
[DEBUG] Spring test ApplicationContext cache statistics: [DefaultContextCache@1b5f8701 size = 1, maxSize = 32, parentContextCount = 0, hitCount = 2, missCount = 1]
[DEBUG] Retrieved ApplicationContext [1340043438] from cache with key [[WebMergedContextConfiguration@5778d583 testClass = AcademicYearsApiTest, locations = '{}', classes = '{class uk.ac.reigate.config.testing.TestMockServiceConfig}', contextInitializerClasses = '[]', activeProfiles = '{}', propertySourceLocations = '{}', propertySourceProperties = '{}', contextCustomizers = set[org.springframework.boot.test.autoconfigure.actuate.metrics.MetricsExportContextCustomizerFactory$DisableMetricExportContextCustomizer@665bf96a, org.springframework.boot.test.autoconfigure.properties.PropertyMappingContextCustomizer@0, org.springframework.boot.test.autoconfigure.web.servlet.WebDriverContextCustomizerFactory$Customizer@d3deb6d, org.springframework.boot.test.context.filter.ExcludeFilterContextCustomizer@28de09dd, org.springframework.boot.test.json.DuplicateJsonObjectContextCustomizerFactory$DuplicateJsonObjectContextCustomizer@32b9c001, org.springframework.boot.test.mock.mockito.MockitoContextCustomizer@1315ae5f, org.springframework.test.context.web.socket.MockServerContainerContextCustomizer@2f8048d5], resourceBasePath = 'src/main/webapp', contextLoader = 'org.springframework.test.context.web.WebDelegatingSmartContextLoader', parent = [null]]]
[DEBUG] Spring test ApplicationContext cache statistics: [DefaultContextCache@1b5f8701 size = 1, maxSize = 32, parentContextCount = 0, hitCount = 3, missCount = 1]
[DEBUG] Before test method: context [DefaultTestContext@40964901 testClass = AcademicYearsApiTest, testInstance = uk.ac.reigate.api.AcademicYearsApiTest@fb57e3, testMethod = testApiNoArgsConstructor@AcademicYearsApiTest, testException = [null], mergedContextConfiguration = [WebMergedContextConfiguration@5778d583 testClass = AcademicYearsApiTest, locations = '{}', classes = '{class uk.ac.reigate.config.testing.TestMockServiceConfig}', contextInitializerClasses = '[]', activeProfiles = '{}', propertySourceLocations = '{}', propertySourceProperties = '{}', contextCustomizers = set[org.springframework.boot.test.autoconfigure.actuate.metrics.MetricsExportContextCustomizerFactory$DisableMetricExportContextCustomizer@665bf96a, org.springframework.boot.test.autoconfigure.properties.PropertyMappingContextCustomizer@0, org.springframework.boot.test.autoconfigure.web.servlet.WebDriverContextCustomizerFactory$Customizer@d3deb6d, org.springframework.boot.test.context.filter.ExcludeFilterContextCustomizer@28de09dd, org.springframework.boot.test.json.DuplicateJsonObjectContextCustomizerFactory$DuplicateJsonObjectContextCustomizer@32b9c001, org.springframework.boot.test.mock.mockito.MockitoContextCustomizer@1315ae5f, org.springframework.test.context.web.socket.MockServerContainerContextCustomizer@2f8048d5], resourceBasePath = 'src/main/webapp', contextLoader = 'org.springframework.test.context.web.WebDelegatingSmartContextLoader', parent = [null]], attributes = map['org.springframework.test.context.web.ServletTestExecutionListener.populatedRequestContextHolder' -> true, 'org.springframework.test.context.web.ServletTestExecutionListener.resetRequestContextHolder' -> true, 'org.springframework.test.context.event.ApplicationEventsTestExecutionListener.recordApplicationEvents' -> false, 'org.springframework.boot.test.mock.mockito.MockitoTestExecutionListener.mocks' -> org.mockito.internal.configuration.InjectingAnnotationEngine$$Lambda$201/0x00000008014ee840@4824660]], class annotated with @DirtiesContext [false] with mode [null], method annotated with @DirtiesContext [false] with mode [null].
[DEBUG] Retrieved ApplicationContext [1340043438] from cache with key [[WebMergedContextConfiguration@5778d583 testClass = AcademicYearsApiTest, locations = '{}', classes = '{class uk.ac.reigate.config.testing.TestMockServiceConfig}', contextInitializerClasses = '[]', activeProfiles = '{}', propertySourceLocations = '{}', propertySourceProperties = '{}', contextCustomizers = set[org.springframework.boot.test.autoconfigure.actuate.metrics.MetricsExportContextCustomizerFactory$DisableMetricExportContextCustomizer@665bf96a, org.springframework.boot.test.autoconfigure.properties.PropertyMappingContextCustomizer@0, org.springframework.boot.test.autoconfigure.web.servlet.WebDriverContextCustomizerFactory$Customizer@d3deb6d, org.springframework.boot.test.context.filter.ExcludeFilterContextCustomizer@28de09dd, org.springframework.boot.test.json.DuplicateJsonObjectContextCustomizerFactory$DuplicateJsonObjectContextCustomizer@32b9c001, org.springframework.boot.test.mock.mockito.MockitoContextCustomizer@1315ae5f, org.springframework.test.context.web.socket.MockServerContainerContextCustomizer@2f8048d5], resourceBasePath = 'src/main/webapp', contextLoader = 'org.springframework.test.context.web.WebDelegatingSmartContextLoader', parent = [null]]]
[DEBUG] Spring test ApplicationContext cache statistics: [DefaultContextCache@1b5f8701 size = 1, maxSize = 32, parentContextCount = 0, hitCount = 4, missCount = 1]
[DEBUG] Retrieved ApplicationContext [1340043438] from cache with key [[WebMergedContextConfiguration@5778d583 testClass = AcademicYearsApiTest, locations = '{}', classes = '{class uk.ac.reigate.config.testing.TestMockServiceConfig}', contextInitializerClasses = '[]', activeProfiles = '{}', propertySourceLocations = '{}', propertySourceProperties = '{}', contextCustomizers = set[org.springframework.boot.test.autoconfigure.actuate.metrics.MetricsExportContextCustomizerFactory$DisableMetricExportContextCustomizer@665bf96a, org.springframework.boot.test.autoconfigure.properties.PropertyMappingContextCustomizer@0, org.springframework.boot.test.autoconfigure.web.servlet.WebDriverContextCustomizerFactory$Customizer@d3deb6d, org.springframework.boot.test.context.filter.ExcludeFilterContextCustomizer@28de09dd, org.springframework.boot.test.json.DuplicateJsonObjectContextCustomizerFactory$DuplicateJsonObjectContextCustomizer@32b9c001, org.springframework.boot.test.mock.mockito.MockitoContextCustomizer@1315ae5f, org.springframework.test.context.web.socket.MockServerContainerContextCustomizer@2f8048d5], resourceBasePath = 'src/main/webapp', contextLoader = 'org.springframework.test.context.web.WebDelegatingSmartContextLoader', parent = [null]]]
[DEBUG] Spring test ApplicationContext cache statistics: [DefaultContextCache@1b5f8701 size = 1, maxSize = 32, parentContextCount = 0, hitCount = 5, missCount = 1]
[DEBUG] Retrieved ApplicationContext [1340043438] from cache with key [[WebMergedContextConfiguration@5778d583 testClass = AcademicYearsApiTest, locations = '{}', classes = '{class uk.ac.reigate.config.testing.TestMockServiceConfig}', contextInitializerClasses = '[]', activeProfiles = '{}', propertySourceLocations = '{}', propertySourceProperties = '{}', contextCustomizers = set[org.springframework.boot.test.autoconfigure.actuate.metrics.MetricsExportContextCustomizerFactory$DisableMetricExportContextCustomizer@665bf96a, org.springframework.boot.test.autoconfigure.properties.PropertyMappingContextCustomizer@0, org.springframework.boot.test.autoconfigure.web.servlet.WebDriverContextCustomizerFactory$Customizer@d3deb6d, org.springframework.boot.test.context.filter.ExcludeFilterContextCustomizer@28de09dd, org.springframework.boot.test.json.DuplicateJsonObjectContextCustomizerFactory$DuplicateJsonObjectContextCustomizer@32b9c001, org.springframework.boot.test.mock.mockito.MockitoContextCustomizer@1315ae5f, org.springframework.test.context.web.socket.MockServerContainerContextCustomizer@2f8048d5], resourceBasePath = 'src/main/webapp', contextLoader = 'org.springframework.test.context.web.WebDelegatingSmartContextLoader', parent = [null]]]
[DEBUG] Spring test ApplicationContext cache statistics: [DefaultContextCache@1b5f8701 size = 1, maxSize = 32, parentContextCount = 0, hitCount = 6, missCount = 1]
[DEBUG] Retrieved ApplicationContext [1340043438] from cache with key [[WebMergedContextConfiguration@5778d583 testClass = AcademicYearsApiTest, locations = '{}', classes = '{class uk.ac.reigate.config.testing.TestMockServiceConfig}', contextInitializerClasses = '[]', activeProfiles = '{}', propertySourceLocations = '{}', propertySourceProperties = '{}', contextCustomizers = set[org.springframework.boot.test.autoconfigure.actuate.metrics.MetricsExportContextCustomizerFactory$DisableMetricExportContextCustomizer@665bf96a, org.springframework.boot.test.autoconfigure.properties.PropertyMappingContextCustomizer@0, org.springframework.boot.test.autoconfigure.web.servlet.WebDriverContextCustomizerFactory$Customizer@d3deb6d, org.springframework.boot.test.context.filter.ExcludeFilterContextCustomizer@28de09dd, org.springframework.boot.test.json.DuplicateJsonObjectContextCustomizerFactory$DuplicateJsonObjectContextCustomizer@32b9c001, org.springframework.boot.test.mock.mockito.MockitoContextCustomizer@1315ae5f, org.springframework.test.context.web.socket.MockServerContainerContextCustomizer@2f8048d5], resourceBasePath = 'src/main/webapp', contextLoader = 'org.springframework.test.context.web.WebDelegatingSmartContextLoader', parent = [null]]]
[DEBUG] Spring test ApplicationContext cache statistics: [DefaultContextCache@1b5f8701 size = 1, maxSize = 32, parentContextCount = 0, hitCount = 7, missCount = 1]
[DEBUG] Retrieved ApplicationContext [1340043438] from cache with key [[WebMergedContextConfiguration@5778d583 testClass = AcademicYearsApiTest, locations = '{}', classes = '{class uk.ac.reigate.config.testing.TestMockServiceConfig}', contextInitializerClasses = '[]', activeProfiles = '{}', propertySourceLocations = '{}', propertySourceProperties = '{}', contextCustomizers = set[org.springframework.boot.test.autoconfigure.actuate.metrics.MetricsExportContextCustomizerFactory$DisableMetricExportContextCustomizer@665bf96a, org.springframework.boot.test.autoconfigure.properties.PropertyMappingContextCustomizer@0, org.springframework.boot.test.autoconfigure.web.servlet.WebDriverContextCustomizerFactory$Customizer@d3deb6d, org.springframework.boot.test.context.filter.ExcludeFilterContextCustomizer@28de09dd, org.springframework.boot.test.json.DuplicateJsonObjectContextCustomizerFactory$DuplicateJsonObjectContextCustomizer@32b9c001, org.springframework.boot.test.mock.mockito.MockitoContextCustomizer@1315ae5f, org.springframework.test.context.web.socket.MockServerContainerContextCustomizer@2f8048d5], resourceBasePath = 'src/main/webapp', contextLoader = 'org.springframework.test.context.web.WebDelegatingSmartContextLoader', parent = [null]]]
[DEBUG] Spring test ApplicationContext cache statistics: [DefaultContextCache@1b5f8701 size = 1, maxSize = 32, parentContextCount = 0, hitCount = 8, missCount = 1]
[DEBUG] Retrieved ApplicationContext [1340043438] from cache with key [[WebMergedContextConfiguration@5778d583 testClass = AcademicYearsApiTest, locations = '{}', classes = '{class uk.ac.reigate.config.testing.TestMockServiceConfig}', contextInitializerClasses = '[]', activeProfiles = '{}', propertySourceLocations = '{}', propertySourceProperties = '{}', contextCustomizers = set[org.springframework.boot.test.autoconfigure.actuate.metrics.MetricsExportContextCustomizerFactory$DisableMetricExportContextCustomizer@665bf96a, org.springframework.boot.test.autoconfigure.properties.PropertyMappingContextCustomizer@0, org.springframework.boot.test.autoconfigure.web.servlet.WebDriverContextCustomizerFactory$Customizer@d3deb6d, org.springframework.boot.test.context.filter.ExcludeFilterContextCustomizer@28de09dd, org.springframework.boot.test.json.DuplicateJsonObjectContextCustomizerFactory$DuplicateJsonObjectContextCustomizer@32b9c001, org.springframework.boot.test.mock.mockito.MockitoContextCustomizer@1315ae5f, org.springframework.test.context.web.socket.MockServerContainerContextCustomizer@2f8048d5], resourceBasePath = 'src/main/webapp', contextLoader = 'org.springframework.test.context.web.WebDelegatingSmartContextLoader', parent = [null]]]
[DEBUG] Spring test ApplicationContext cache statistics: [DefaultContextCache@1b5f8701 size = 1, maxSize = 32, parentContextCount = 0, hitCount = 9, missCount = 1]
[DEBUG] Retrieved ApplicationContext [1340043438] from cache with key [[WebMergedContextConfiguration@5778d583 testClass = AcademicYearsApiTest, locations = '{}', classes = '{class uk.ac.reigate.config.testing.TestMockServiceConfig}', contextInitializerClasses = '[]', activeProfiles = '{}', propertySourceLocations = '{}', propertySourceProperties = '{}', contextCustomizers = set[org.springframework.boot.test.autoconfigure.actuate.metrics.MetricsExportContextCustomizerFactory$DisableMetricExportContextCustomizer@665bf96a, org.springframework.boot.test.autoconfigure.properties.PropertyMappingContextCustomizer@0, org.springframework.boot.test.autoconfigure.web.servlet.WebDriverContextCustomizerFactory$Customizer@d3deb6d, org.springframework.boot.test.context.filter.ExcludeFilterContextCustomizer@28de09dd, org.springframework.boot.test.json.DuplicateJsonObjectContextCustomizerFactory$DuplicateJsonObjectContextCustomizer@32b9c001, org.springframework.boot.test.mock.mockito.MockitoContextCustomizer@1315ae5f, org.springframework.test.context.web.socket.MockServerContainerContextCustomizer@2f8048d5], resourceBasePath = 'src/main/webapp', contextLoader = 'org.springframework.test.context.web.WebDelegatingSmartContextLoader', parent = [null]]]
[DEBUG] Spring test ApplicationContext cache statistics: [DefaultContextCache@1b5f8701 size = 1, maxSize = 32, parentContextCount = 0, hitCount = 10, missCount = 1]
[DEBUG] Retrieved ApplicationContext [1340043438] from cache with key [[WebMergedContextConfiguration@5778d583 testClass = AcademicYearsApiTest, locations = '{}', classes = '{class uk.ac.reigate.config.testing.TestMockServiceConfig}', contextInitializerClasses = '[]', activeProfiles = '{}', propertySourceLocations = '{}', propertySourceProperties = '{}', contextCustomizers = set[org.springframework.boot.test.autoconfigure.actuate.metrics.MetricsExportContextCustomizerFactory$DisableMetricExportContextCustomizer@665bf96a, org.springframework.boot.test.autoconfigure.properties.PropertyMappingContextCustomizer@0, org.springframework.boot.test.autoconfigure.web.servlet.WebDriverContextCustomizerFactory$Customizer@d3deb6d, org.springframework.boot.test.context.filter.ExcludeFilterContextCustomizer@28de09dd, org.springframework.boot.test.json.DuplicateJsonObjectContextCustomizerFactory$DuplicateJsonObjectContextCustomizer@32b9c001, org.springframework.boot.test.mock.mockito.MockitoContextCustomizer@1315ae5f, org.springframework.test.context.web.socket.MockServerContainerContextCustomizer@2f8048d5], resourceBasePath = 'src/main/webapp', contextLoader = 'org.springframework.test.context.web.WebDelegatingSmartContextLoader', parent = [null]]]
[DEBUG] Spring test ApplicationContext cache statistics: [DefaultContextCache@1b5f8701 size = 1, maxSize = 32, parentContextCount = 0, hitCount = 11, missCount = 1]
[DEBUG] Retrieved ApplicationContext [1340043438] from cache with key [[WebMergedContextConfiguration@5778d583 testClass = AcademicYearsApiTest, locations = '{}', classes = '{class uk.ac.reigate.config.testing.TestMockServiceConfig}', contextInitializerClasses = '[]', activeProfiles = '{}', propertySourceLocations = '{}', propertySourceProperties = '{}', contextCustomizers = set[org.springframework.boot.test.autoconfigure.actuate.metrics.MetricsExportContextCustomizerFactory$DisableMetricExportContextCustomizer@665bf96a, org.springframework.boot.test.autoconfigure.properties.PropertyMappingContextCustomizer@0, org.springframework.boot.test.autoconfigure.web.servlet.WebDriverContextCustomizerFactory$Customizer@d3deb6d, org.springframework.boot.test.context.filter.ExcludeFilterContextCustomizer@28de09dd, org.springframework.boot.test.json.DuplicateJsonObjectContextCustomizerFactory$DuplicateJsonObjectContextCustomizer@32b9c001, org.springframework.boot.test.mock.mockito.MockitoContextCustomizer@1315ae5f, org.springframework.test.context.web.socket.MockServerContainerContextCustomizer@2f8048d5], resourceBasePath = 'src/main/webapp', contextLoader = 'org.springframework.test.context.web.WebDelegatingSmartContextLoader', parent = [null]]]
[DEBUG] Spring test ApplicationContext cache statistics: [DefaultContextCache@1b5f8701 size = 1, maxSize = 32, parentContextCount = 0, hitCount = 12, missCount = 1]
[DEBUG] After test method: context [DefaultTestContext@40964901 testClass = AcademicYearsApiTest, testInstance = uk.ac.reigate.api.AcademicYearsApiTest@fb57e3, testMethod = testApiNoArgsConstructor@AcademicYearsApiTest, testException = [null], mergedContextConfiguration = [WebMergedContextConfiguration@5778d583 testClass = AcademicYearsApiTest, locations = '{}', classes = '{class uk.ac.reigate.config.testing.TestMockServiceConfig}', contextInitializerClasses = '[]', activeProfiles = '{}', propertySourceLocations = '{}', propertySourceProperties = '{}', contextCustomizers = set[org.springframework.boot.test.autoconfigure.actuate.metrics.MetricsExportContextCustomizerFactory$DisableMetricExportContextCustomizer@665bf96a, org.springframework.boot.test.autoconfigure.properties.PropertyMappingContextCustomizer@0, org.springframework.boot.test.autoconfigure.web.servlet.WebDriverContextCustomizerFactory$Customizer@d3deb6d, org.springframework.boot.test.context.filter.ExcludeFilterContextCustomizer@28de09dd, org.springframework.boot.test.json.DuplicateJsonObjectContextCustomizerFactory$DuplicateJsonObjectContextCustomizer@32b9c001, org.springframework.boot.test.mock.mockito.MockitoContextCustomizer@1315ae5f, org.springframework.test.context.web.socket.MockServerContainerContextCustomizer@2f8048d5], resourceBasePath = 'src/main/webapp', contextLoader = 'org.springframework.test.context.web.WebDelegatingSmartContextLoader', parent = [null]], attributes = map['org.springframework.test.context.web.ServletTestExecutionListener.populatedRequestContextHolder' -> true, 'org.springframework.test.context.web.ServletTestExecutionListener.resetRequestContextHolder' -> true, 'org.springframework.test.context.event.ApplicationEventsTestExecutionListener.recordApplicationEvents' -> false, 'org.springframework.boot.test.mock.mockito.MockitoTestExecutionListener.mocks' -> org.mockito.internal.configuration.InjectingAnnotationEngine$$Lambda$201/0x00000008014ee840@4824660]], class annotated with @DirtiesContext [false] with mode [null], method annotated with @DirtiesContext [false] with mode [null].
[DEBUG] Resetting RequestContextHolder for test context [DefaultTestContext@40964901 testClass = AcademicYearsApiTest, testInstance = uk.ac.reigate.api.AcademicYearsApiTest@fb57e3, testMethod = testApiNoArgsConstructor@AcademicYearsApiTest, testException = [null], mergedContextConfiguration = [WebMergedContextConfiguration@5778d583 testClass = AcademicYearsApiTest, locations = '{}', classes = '{class uk.ac.reigate.config.testing.TestMockServiceConfig}', contextInitializerClasses = '[]', activeProfiles = '{}', propertySourceLocations = '{}', propertySourceProperties = '{}', contextCustomizers = set[org.springframework.boot.test.autoconfigure.actuate.metrics.MetricsExportContextCustomizerFactory$DisableMetricExportContextCustomizer@665bf96a, org.springframework.boot.test.autoconfigure.properties.PropertyMappingContextCustomizer@0, org.springframework.boot.test.autoconfigure.web.servlet.WebDriverContextCustomizerFactory$Customizer@d3deb6d, org.springframework.boot.test.context.filter.ExcludeFilterContextCustomizer@28de09dd, org.springframework.boot.test.json.DuplicateJsonObjectContextCustomizerFactory$DuplicateJsonObjectContextCustomizer@32b9c001, org.springframework.boot.test.mock.mockito.MockitoContextCustomizer@1315ae5f, org.springframework.test.context.web.socket.MockServerContainerContextCustomizer@2f8048d5], resourceBasePath = 'src/main/webapp', contextLoader = 'org.springframework.test.context.web.WebDelegatingSmartContextLoader', parent = [null]], attributes = map['org.springframework.test.context.web.ServletTestExecutionListener.populatedRequestContextHolder' -> true, 'org.springframework.test.context.web.ServletTestExecutionListener.resetRequestContextHolder' -> true, 'org.springframework.test.context.event.ApplicationEventsTestExecutionListener.recordApplicationEvents' -> false, 'org.springframework.boot.test.mock.mockito.MockitoTestExecutionListener.mocks' -> org.mockito.internal.configuration.InjectingAnnotationEngine$$Lambda$201/0x00000008014ee840@4824660]].
[DEBUG] Retrieved ApplicationContext [1340043438] from cache with key [[WebMergedContextConfiguration@5778d583 testClass = AcademicYearsApiTest, locations = '{}', classes = '{class uk.ac.reigate.config.testing.TestMockServiceConfig}', contextInitializerClasses = '[]', activeProfiles = '{}', propertySourceLocations = '{}', propertySourceProperties = '{}', contextCustomizers = set[org.springframework.boot.test.autoconfigure.actuate.metrics.MetricsExportContextCustomizerFactory$DisableMetricExportContextCustomizer@665bf96a, org.springframework.boot.test.autoconfigure.properties.PropertyMappingContextCustomizer@0, org.springframework.boot.test.autoconfigure.web.servlet.WebDriverContextCustomizerFactory$Customizer@d3deb6d, org.springframework.boot.test.context.filter.ExcludeFilterContextCustomizer@28de09dd, org.springframework.boot.test.json.DuplicateJsonObjectContextCustomizerFactory$DuplicateJsonObjectContextCustomizer@32b9c001, org.springframework.boot.test.mock.mockito.MockitoContextCustomizer@1315ae5f, org.springframework.test.context.web.socket.MockServerContainerContextCustomizer@2f8048d5], resourceBasePath = 'src/main/webapp', contextLoader = 'org.springframework.test.context.web.WebDelegatingSmartContextLoader', parent = [null]]]
[DEBUG] Spring test ApplicationContext cache statistics: [DefaultContextCache@1b5f8701 size = 1, maxSize = 32, parentContextCount = 0, hitCount = 13, missCount = 1]
[DEBUG] After test class: context [DefaultTestContext@40964901 testClass = AcademicYearsApiTest, testInstance = [null], testMethod = [null], testException = [null], mergedContextConfiguration = [WebMergedContextConfiguration@5778d583 testClass = AcademicYearsApiTest, locations = '{}', classes = '{class uk.ac.reigate.config.testing.TestMockServiceConfig}', contextInitializerClasses = '[]', activeProfiles = '{}', propertySourceLocations = '{}', propertySourceProperties = '{}', contextCustomizers = set[org.springframework.boot.test.autoconfigure.actuate.metrics.MetricsExportContextCustomizerFactory$DisableMetricExportContextCustomizer@665bf96a, org.springframework.boot.test.autoconfigure.properties.PropertyMappingContextCustomizer@0, org.springframework.boot.test.autoconfigure.web.servlet.WebDriverContextCustomizerFactory$Customizer@d3deb6d, org.springframework.boot.test.context.filter.ExcludeFilterContextCustomizer@28de09dd, org.springframework.boot.test.json.DuplicateJsonObjectContextCustomizerFactory$DuplicateJsonObjectContextCustomizer@32b9c001, org.springframework.boot.test.mock.mockito.MockitoContextCustomizer@1315ae5f, org.springframework.test.context.web.socket.MockServerContainerContextCustomizer@2f8048d5], resourceBasePath = 'src/main/webapp', contextLoader = 'org.springframework.test.context.web.WebDelegatingSmartContextLoader', parent = [null]], attributes = map['org.springframework.test.context.event.ApplicationEventsTestExecutionListener.recordApplicationEvents' -> false, 'org.springframework.test.context.support.DependencyInjectionTestExecutionListener.reinjectDependencies' -> true, 'org.springframework.boot.test.mock.mockito.MockitoTestExecutionListener.mocks' -> org.mockito.internal.configuration.InjectingAnnotationEngine$$Lambda$201/0x00000008014ee840@4824660]], class annotated with @DirtiesContext [false] with mode [null].
]]></system-out>
  <system-err><![CDATA[]]></system-err>
</testsuite>
