<?xml version="1.0" encoding="UTF-8"?>
<testsuite name="uk.ac.reigate.dto.DestinationDtoTest" tests="6" skipped="0" failures="0" errors="0" timestamp="2021-09-22T11:31:30" hostname="L104D005" time="0.016">
  <properties/>
  <testcase name="testHashCode_Different" classname="uk.ac.reigate.dto.DestinationDtoTest" time="0.011"/>
  <testcase name="testEquals_Different" classname="uk.ac.reigate.dto.DestinationDtoTest" time="0.001"/>
  <testcase name="testHashCode_Same" classname="uk.ac.reigate.dto.DestinationDtoTest" time="0.001"/>
  <testcase name="testEquals_Same" classname="uk.ac.reigate.dto.DestinationDtoTest" time="0.0"/>
  <testcase name="test_ConstructorNullObject" classname="uk.ac.reigate.dto.DestinationDtoTest" time="0.0"/>
  <testcase name="testMapFromList" classname="uk.ac.reigate.dto.DestinationDtoTest" time="0.003"/>
  <system-out><![CDATA[]]></system-out>
  <system-err><![CDATA[]]></system-err>
</testsuite>
