<?xml version="1.0" encoding="UTF-8"?>
<testsuite name="uk.ac.reigate.dto.RoleDtoTest" tests="7" skipped="0" failures="0" errors="0" timestamp="2021-09-22T11:31:32" hostname="L104D005" time="0.015">
  <properties/>
  <testcase name="testHashCode_Different" classname="uk.ac.reigate.dto.RoleDtoTest" time="0.012"/>
  <testcase name="testEquals_Different" classname="uk.ac.reigate.dto.RoleDtoTest" time="0.0"/>
  <testcase name="testHashCode_Same" classname="uk.ac.reigate.dto.RoleDtoTest" time="0.0"/>
  <testcase name="testEquals_Same" classname="uk.ac.reigate.dto.RoleDtoTest" time="0.0"/>
  <testcase name="testConstructor_Role" classname="uk.ac.reigate.dto.RoleDtoTest" time="0.0"/>
  <testcase name="testMapFromRolesEntities" classname="uk.ac.reigate.dto.RoleDtoTest" time="0.001"/>
  <testcase name="testMapFromRoleEntity" classname="uk.ac.reigate.dto.RoleDtoTest" time="0.001"/>
  <system-out><![CDATA[]]></system-out>
  <system-err><![CDATA[]]></system-err>
</testsuite>
