<?xml version="1.0" encoding="UTF-8"?>
<testsuite name="uk.ac.reigate.dto.ilr.RestrictedUseIndicatorDtoTest" tests="8" skipped="0" failures="0" errors="0" timestamp="2021-09-22T11:31:31" hostname="L104D005" time="0.008">
  <properties/>
  <testcase name="testHashCode_Different" classname="uk.ac.reigate.dto.ilr.RestrictedUseIndicatorDtoTest" time="0.005"/>
  <testcase name="testConstructor_NullObject" classname="uk.ac.reigate.dto.ilr.RestrictedUseIndicatorDtoTest" time="0.0"/>
  <testcase name="testEquals_Different" classname="uk.ac.reigate.dto.ilr.RestrictedUseIndicatorDtoTest" time="0.001"/>
  <testcase name="testHashCode_Same" classname="uk.ac.reigate.dto.ilr.RestrictedUseIndicatorDtoTest" time="0.0"/>
  <testcase name="testEquals_Same" classname="uk.ac.reigate.dto.ilr.RestrictedUseIndicatorDtoTest" time="0.0"/>
  <testcase name="testMapFromRestrictedUseIndicatorEntityTest" classname="uk.ac.reigate.dto.ilr.RestrictedUseIndicatorDtoTest" time="0.0"/>
  <testcase name="testMapFromRestrictedUseIndicatorsEntitiesTest" classname="uk.ac.reigate.dto.ilr.RestrictedUseIndicatorDtoTest" time="0.002"/>
  <testcase name="testConstructor_RestrictedUseIndicator" classname="uk.ac.reigate.dto.ilr.RestrictedUseIndicatorDtoTest" time="0.0"/>
  <system-out><![CDATA[]]></system-out>
  <system-err><![CDATA[]]></system-err>
</testsuite>
