<?xml version="1.0" encoding="UTF-8"?>
<testsuite name="uk.ac.reigate.dto.lookup.StaffTypeDtoTest" tests="7" skipped="0" failures="0" errors="0" timestamp="2021-09-22T11:31:31" hostname="L104D005" time="0.006">
  <properties/>
  <testcase name="testMapFromStaffTypesEntities" classname="uk.ac.reigate.dto.lookup.StaffTypeDtoTest" time="0.005"/>
  <testcase name="testHashCode_Different" classname="uk.ac.reigate.dto.lookup.StaffTypeDtoTest" time="0.0"/>
  <testcase name="testEquals_Different" classname="uk.ac.reigate.dto.lookup.StaffTypeDtoTest" time="0.001"/>
  <testcase name="testHashCode_Same" classname="uk.ac.reigate.dto.lookup.StaffTypeDtoTest" time="0.0"/>
  <testcase name="testEquals_Same" classname="uk.ac.reigate.dto.lookup.StaffTypeDtoTest" time="0.0"/>
  <testcase name="testConstructor_StaffType" classname="uk.ac.reigate.dto.lookup.StaffTypeDtoTest" time="0.0"/>
  <testcase name="testMapFromStaffTypeEntity" classname="uk.ac.reigate.dto.lookup.StaffTypeDtoTest" time="0.0"/>
  <system-out><![CDATA[]]></system-out>
  <system-err><![CDATA[]]></system-err>
</testsuite>
