<?xml version="1.0" encoding="UTF-8"?>
<testsuite name="uk.ac.reigate.services.LLDDHealthProblemServiceTest" tests="13" skipped="0" failures="0" errors="0" timestamp="2021-09-22T11:31:36" hostname="L104D005" time="0.023">
  <properties/>
  <testcase name="testUpdateFromDto_dto" classname="uk.ac.reigate.services.LLDDHealthProblemServiceTest" time="0.013"/>
  <testcase name="testFindByShortDescription" classname="uk.ac.reigate.services.LLDDHealthProblemServiceTest" time="0.001"/>
  <testcase name="testFindLLDDHealthProblems" classname="uk.ac.reigate.services.LLDDHealthProblemServiceTest" time="0.001"/>
  <testcase name="testSaveLLDDHealthProblem" classname="uk.ac.reigate.services.LLDDHealthProblemServiceTest" time="0.001"/>
  <testcase name="testCreateFromDto_dto" classname="uk.ac.reigate.services.LLDDHealthProblemServiceTest" time="0.001"/>
  <testcase name="testSaveLLDDHealthProblems" classname="uk.ac.reigate.services.LLDDHealthProblemServiceTest" time="0.003"/>
  <testcase name="testFindLLDDHealthProblem" classname="uk.ac.reigate.services.LLDDHealthProblemServiceTest" time="0.0"/>
  <testcase name="testDelete" classname="uk.ac.reigate.services.LLDDHealthProblemServiceTest" time="0.001"/>
  <testcase name="testSaveLLDDHealthProblemByFields" classname="uk.ac.reigate.services.LLDDHealthProblemServiceTest" time="0.001"/>
  <testcase name="testSaveNewLLDDHealthProblem" classname="uk.ac.reigate.services.LLDDHealthProblemServiceTest" time="0.001"/>
  <testcase name="testServiceNoArgsConstructor" classname="uk.ac.reigate.services.LLDDHealthProblemServiceTest" time="0.0"/>
  <testcase name="testCreateFromDto_withNullDto" classname="uk.ac.reigate.services.LLDDHealthProblemServiceTest" time="0.0"/>
  <testcase name="testUpdateFromDto_withNullDto" classname="uk.ac.reigate.services.LLDDHealthProblemServiceTest" time="0.0"/>
  <system-out><![CDATA[]]></system-out>
  <system-err><![CDATA[]]></system-err>
</testsuite>
