<?xml version="1.0" encoding="UTF-8"?>
<testsuite name="uk.ac.reigate.services.exams.StudentOptionEntryServiceTest" tests="16" skipped="0" failures="0" errors="0" timestamp="2021-09-22T11:31:35" hostname="L104D005" time="0.046">
  <properties/>
  <testcase name="testGetByComponentIdAndLive" classname="uk.ac.reigate.services.exams.StudentOptionEntryServiceTest" time="0.025"/>
  <testcase name="testCreateFromDtoEdiStatusType" classname="uk.ac.reigate.services.exams.StudentOptionEntryServiceTest" time="0.005"/>
  <testcase name="testGetByComponentId" classname="uk.ac.reigate.services.exams.StudentOptionEntryServiceTest" time="0.001"/>
  <testcase name="testCreateFromDtoStatusType" classname="uk.ac.reigate.services.exams.StudentOptionEntryServiceTest" time="0.005"/>
  <testcase name="testFindAll" classname="uk.ac.reigate.services.exams.StudentOptionEntryServiceTest" time="0.0"/>
  <testcase name="testSave" classname="uk.ac.reigate.services.exams.StudentOptionEntryServiceTest" time="0.001"/>
  <testcase name="testFindByStudentAndExamOption" classname="uk.ac.reigate.services.exams.StudentOptionEntryServiceTest" time="0.003"/>
  <testcase name="testCreateFromDto" classname="uk.ac.reigate.services.exams.StudentOptionEntryServiceTest" time="0.001"/>
  <testcase name="testFindByStudentAndOption" classname="uk.ac.reigate.services.exams.StudentOptionEntryServiceTest" time="0.001"/>
  <testcase name="testDeleteByStudentAndExamOption" classname="uk.ac.reigate.services.exams.StudentOptionEntryServiceTest" time="0.001"/>
  <testcase name="testFindById" classname="uk.ac.reigate.services.exams.StudentOptionEntryServiceTest" time="0.0"/>
  <testcase name="testGetByOptionYearId" classname="uk.ac.reigate.services.exams.StudentOptionEntryServiceTest" time="0.001"/>
  <testcase name="testGetByStudent" classname="uk.ac.reigate.services.exams.StudentOptionEntryServiceTest" time="0.001"/>
  <testcase name="testDeleteById" classname="uk.ac.reigate.services.exams.StudentOptionEntryServiceTest" time="0.0"/>
  <testcase name="testServiceNoArgsConstructor" classname="uk.ac.reigate.services.exams.StudentOptionEntryServiceTest" time="0.0"/>
  <testcase name="testCreateFromDto_withNullDto" classname="uk.ac.reigate.services.exams.StudentOptionEntryServiceTest" time="0.0"/>
  <system-out><![CDATA[]]></system-out>
  <system-err><![CDATA[]]></system-err>
</testsuite>
