<?xml version="1.0" encoding="UTF-8"?>
<testsuite name="uk.ac.reigate.dto.LLDDHealthProblemCategoryDtoTest" tests="4" skipped="0" failures="0" errors="0" timestamp="2021-09-22T11:31:31" hostname="L104D005" time="0.007">
  <properties/>
  <testcase name="testEquals_Same" classname="uk.ac.reigate.dto.LLDDHealthProblemCategoryDtoTest" time="0.004"/>
  <testcase name="testMapFromLLDDHealthProblemCategoriesEntitiesTest" classname="uk.ac.reigate.dto.LLDDHealthProblemCategoryDtoTest" time="0.002"/>
  <testcase name="testMapFromLLDDHealthProblemCategoryEntityTest" classname="uk.ac.reigate.dto.LLDDHealthProblemCategoryDtoTest" time="0.0"/>
  <testcase name="testConstructor_LLDDHealthProblemCategory" classname="uk.ac.reigate.dto.LLDDHealthProblemCategoryDtoTest" time="0.001"/>
  <system-out><![CDATA[]]></system-out>
  <system-err><![CDATA[]]></system-err>
</testsuite>
