<?xml version="1.0" encoding="UTF-8"?>
<testsuite name="uk.ac.reigate.dto.export.CourseDataExportDtoTest" tests="4" skipped="0" failures="0" errors="0" timestamp="2021-09-22T11:31:31" hostname="L104D005" time="0.01">
  <properties/>
  <testcase name="testConstructor_NullTitle" classname="uk.ac.reigate.dto.export.CourseDataExportDtoTest" time="0.009"/>
  <testcase name="testHashCode_Different" classname="uk.ac.reigate.dto.export.CourseDataExportDtoTest" time="0.0"/>
  <testcase name="testEquals_Different" classname="uk.ac.reigate.dto.export.CourseDataExportDtoTest" time="0.0"/>
  <testcase name="testConstructor_Course" classname="uk.ac.reigate.dto.export.CourseDataExportDtoTest" time="0.0"/>
  <system-out><![CDATA[]]></system-out>
  <system-err><![CDATA[]]></system-err>
</testsuite>
