<?xml version="1.0" encoding="UTF-8"?>
<testsuite name="uk.ac.reigate.dto.RequestDtoTest" tests="10" skipped="0" failures="0" errors="0" timestamp="2021-09-22T11:31:32" hostname="L104D005" time="0.008">
  <properties/>
  <testcase name="testHashCode_Different" classname="uk.ac.reigate.dto.RequestDtoTest" time="0.005"/>
  <testcase name="testEquals_Different" classname="uk.ac.reigate.dto.RequestDtoTest" time="0.001"/>
  <testcase name="testHashCode_Same" classname="uk.ac.reigate.dto.RequestDtoTest" time="0.0"/>
  <testcase name="testEquals_Same" classname="uk.ac.reigate.dto.RequestDtoTest" time="0.0"/>
  <testcase name="testMapFromRequestsEntities" classname="uk.ac.reigate.dto.RequestDtoTest" time="0.0"/>
  <testcase name="testMethod_Get_AcademicYearCode" classname="uk.ac.reigate.dto.RequestDtoTest" time="0.001"/>
  <testcase name="testConstructor_Request" classname="uk.ac.reigate.dto.RequestDtoTest" time="0.001"/>
  <testcase name="testMapFromRequestEntity" classname="uk.ac.reigate.dto.RequestDtoTest" time="0.0"/>
  <testcase name="testConstructor_NullStudent" classname="uk.ac.reigate.dto.RequestDtoTest" time="0.0"/>
  <testcase name="testMethod_Get_NullAcademicYearCode" classname="uk.ac.reigate.dto.RequestDtoTest" time="0.0"/>
  <system-out><![CDATA[]]></system-out>
  <system-err><![CDATA[]]></system-err>
</testsuite>
