<?xml version="1.0" encoding="UTF-8"?>
<testsuite name="uk.ac.reigate.services.AcademicYearServiceTest" tests="18" skipped="0" failures="0" errors="0" timestamp="2021-09-22T11:31:33" hostname="L104D005" time="0.081">
  <properties/>
  <testcase name="testUpdateFromDto_dto" classname="uk.ac.reigate.services.AcademicYearServiceTest" time="0.044"/>
  <testcase name="testFindAll" classname="uk.ac.reigate.services.AcademicYearServiceTest" time="0.001"/>
  <testcase name="testSave" classname="uk.ac.reigate.services.AcademicYearServiceTest" time="0.003"/>
  <testcase name="testFindByCode" classname="uk.ac.reigate.services.AcademicYearServiceTest" time="0.001"/>
  <testcase name="testFindByDate" classname="uk.ac.reigate.services.AcademicYearServiceTest" time="0.002"/>
  <testcase name="testGetNextAcademicYear" classname="uk.ac.reigate.services.AcademicYearServiceTest" time="0.001"/>
  <testcase name="testUpdateFromDto_withNullId" classname="uk.ac.reigate.services.AcademicYearServiceTest" time="0.002"/>
  <testcase name="testGetCurrentAcademicYear" classname="uk.ac.reigate.services.AcademicYearServiceTest" time="0.002"/>
  <testcase name="testCreateFromDto_dtoForExisting" classname="uk.ac.reigate.services.AcademicYearServiceTest" time="0.004"/>
  <testcase name="testFindById" classname="uk.ac.reigate.services.AcademicYearServiceTest" time="0.001"/>
  <testcase name="testCreateFromDto_dto" classname="uk.ac.reigate.services.AcademicYearServiceTest" time="0.002"/>
  <testcase name="testSaveAcademicYears" classname="uk.ac.reigate.services.AcademicYearServiceTest" time="0.004"/>
  <testcase name="testDelete" classname="uk.ac.reigate.services.AcademicYearServiceTest" time="0.005"/>
  <testcase name="testSave_withNull" classname="uk.ac.reigate.services.AcademicYearServiceTest" time="0.002"/>
  <testcase name="testUpdateFromDto_dtoForExisting" classname="uk.ac.reigate.services.AcademicYearServiceTest" time="0.002"/>
  <testcase name="testGetPreviousAcademicYear" classname="uk.ac.reigate.services.AcademicYearServiceTest" time="0.002"/>
  <testcase name="testCreateFromDto_withNullDto" classname="uk.ac.reigate.services.AcademicYearServiceTest" time="0.001"/>
  <testcase name="testUpdateFromDto_withNullDto" classname="uk.ac.reigate.services.AcademicYearServiceTest" time="0.0"/>
  <system-out><![CDATA[]]></system-out>
  <system-err><![CDATA[]]></system-err>
</testsuite>
