<?xml version="1.0" encoding="UTF-8"?>
<testsuite name="uk.ac.reigate.services.FacultyServiceTest" tests="31" skipped="0" failures="0" errors="0" timestamp="2021-09-22T11:31:35" hostname="L104D005" time="0.063">
  <properties/>
  <testcase name="testupdateFromDto_withPdId" classname="uk.ac.reigate.services.FacultyServiceTest" time="0.014"/>
  <testcase name="testFindByAssociateDirectorOfLearning" classname="uk.ac.reigate.services.FacultyServiceTest" time="0.002"/>
  <testcase name="testFindByDirectorOfLearning" classname="uk.ac.reigate.services.FacultyServiceTest" time="0.001"/>
  <testcase name="testSaveList" classname="uk.ac.reigate.services.FacultyServiceTest" time="0.003"/>
  <testcase name="testFindAll" classname="uk.ac.reigate.services.FacultyServiceTest" time="0.001"/>
  <testcase name="testUpdateFromDto_withDto" classname="uk.ac.reigate.services.FacultyServiceTest" time="0.001"/>
  <testcase name="testSave" classname="uk.ac.reigate.services.FacultyServiceTest" time="0.002"/>
  <testcase name="testFindByAdol" classname="uk.ac.reigate.services.FacultyServiceTest" time="0.001"/>
  <testcase name="testSaveFaculty" classname="uk.ac.reigate.services.FacultyServiceTest" time="0.001"/>
  <testcase name="testFindByAssociatePastroalDirector" classname="uk.ac.reigate.services.FacultyServiceTest" time="0.001"/>
  <testcase name="testCreateFromDto_withAPdId" classname="uk.ac.reigate.services.FacultyServiceTest" time="0.005"/>
  <testcase name="testCreateFromDto_withDolId" classname="uk.ac.reigate.services.FacultyServiceTest" time="0.002"/>
  <testcase name="testCreateFromDto_withHofId" classname="uk.ac.reigate.services.FacultyServiceTest" time="0.002"/>
  <testcase name="testFindByPd" classname="uk.ac.reigate.services.FacultyServiceTest" time="0.003"/>
  <testcase name="testupdateFromDto_withNullDto" classname="uk.ac.reigate.services.FacultyServiceTest" time="0.001"/>
  <testcase name="testFindFacultyById" classname="uk.ac.reigate.services.FacultyServiceTest" time="0.003"/>
  <testcase name="testFindByHeadOfFaculty" classname="uk.ac.reigate.services.FacultyServiceTest" time="0.002"/>
  <testcase name="testCreateFromDto_withADolId" classname="uk.ac.reigate.services.FacultyServiceTest" time="0.002"/>
  <testcase name="testFindByApd" classname="uk.ac.reigate.services.FacultyServiceTest" time="0.001"/>
  <testcase name="testFindByDol" classname="uk.ac.reigate.services.FacultyServiceTest" time="0.002"/>
  <testcase name="testFindByHof" classname="uk.ac.reigate.services.FacultyServiceTest" time="0.001"/>
  <testcase name="testCreateFromDto_withPdId" classname="uk.ac.reigate.services.FacultyServiceTest" time="0.001"/>
  <testcase name="testupdateFromDto_withADolId" classname="uk.ac.reigate.services.FacultyServiceTest" time="0.002"/>
  <testcase name="testDelete" classname="uk.ac.reigate.services.FacultyServiceTest" time="0.001"/>
  <testcase name="testFindByPastoralDirector" classname="uk.ac.reigate.services.FacultyServiceTest" time="0.001"/>
  <testcase name="testupdateFromDto_withAPdId" classname="uk.ac.reigate.services.FacultyServiceTest" time="0.001"/>
  <testcase name="testupdateFromDto_withDolId" classname="uk.ac.reigate.services.FacultyServiceTest" time="0.001"/>
  <testcase name="testupdateFromDto_withHofId" classname="uk.ac.reigate.services.FacultyServiceTest" time="0.001"/>
  <testcase name="testCreateFromDto_withDto" classname="uk.ac.reigate.services.FacultyServiceTest" time="0.001"/>
  <testcase name="testServiceNoArgsConstructor" classname="uk.ac.reigate.services.FacultyServiceTest" time="0.001"/>
  <testcase name="testCreateFromDto_withNullDto" classname="uk.ac.reigate.services.FacultyServiceTest" time="0.0"/>
  <system-out><![CDATA[]]></system-out>
  <system-err><![CDATA[]]></system-err>
</testsuite>
