<?xml version="1.0" encoding="UTF-8"?>
<testsuite name="uk.ac.reigate.services.NoteTypeServiceTest" tests="9" skipped="0" failures="0" errors="0" timestamp="2021-09-22T11:31:37" hostname="L104D005" time="0.006">
  <properties/>
  <testcase name="testSaveNoteTypeByFields_WithNullId" classname="uk.ac.reigate.services.NoteTypeServiceTest" time="0.002"/>
  <testcase name="testSaveNoteType" classname="uk.ac.reigate.services.NoteTypeServiceTest" time="0.001"/>
  <testcase name="testFindNoteType" classname="uk.ac.reigate.services.NoteTypeServiceTest" time="0.0"/>
  <testcase name="testFindNoteTypes" classname="uk.ac.reigate.services.NoteTypeServiceTest" time="0.001"/>
  <testcase name="testSaveNewNoteType" classname="uk.ac.reigate.services.NoteTypeServiceTest" time="0.0"/>
  <testcase name="testCreateFromDto_dto" classname="uk.ac.reigate.services.NoteTypeServiceTest" time="0.001"/>
  <testcase name="testSaveNoteTypes" classname="uk.ac.reigate.services.NoteTypeServiceTest" time="0.001"/>
  <testcase name="testCreateFromDto_withNullDto" classname="uk.ac.reigate.services.NoteTypeServiceTest" time="0.0"/>
  <testcase name="testUpdateFromDto_withNullDto" classname="uk.ac.reigate.services.NoteTypeServiceTest" time="0.0"/>
  <system-out><![CDATA[]]></system-out>
  <system-err><![CDATA[]]></system-err>
</testsuite>
