<?xml version="1.0" encoding="UTF-8"?>
<testsuite name="uk.ac.reigate.dto.TimetableDtoTest" tests="16" skipped="0" failures="0" errors="0" timestamp="2021-09-22T11:31:33" hostname="L104D005" time="0.019">
  <properties/>
  <testcase name="testHashCode_Different" classname="uk.ac.reigate.dto.TimetableDtoTest" time="0.011"/>
  <testcase name="testEquals_Different" classname="uk.ac.reigate.dto.TimetableDtoTest" time="0.001"/>
  <testcase name="testHashCode_Same" classname="uk.ac.reigate.dto.TimetableDtoTest" time="0.0"/>
  <testcase name="testEquals_Same" classname="uk.ac.reigate.dto.TimetableDtoTest" time="0.001"/>
  <testcase name="testMapFromTimetableEntity" classname="uk.ac.reigate.dto.TimetableDtoTest" time="0.001"/>
  <testcase name="testConstructor_TimetableCourseGroupStartsWithL" classname="uk.ac.reigate.dto.TimetableDtoTest" time="0.001"/>
  <testcase name="testConstructor_TimetableCourseGroupStartsWithP" classname="uk.ac.reigate.dto.TimetableDtoTest" time="0.0"/>
  <testcase name="testConstructor_TimetableCourseGroupStartsWithU" classname="uk.ac.reigate.dto.TimetableDtoTest" time="0.0"/>
  <testcase name="testConstructor_NullTimetable" classname="uk.ac.reigate.dto.TimetableDtoTest" time="0.0"/>
  <testcase name="testConstructor_SpecNull" classname="uk.ac.reigate.dto.TimetableDtoTest" time="0.0"/>
  <testcase name="testConstructor_NullObjectTimetable" classname="uk.ac.reigate.dto.TimetableDtoTest" time="0.001"/>
  <testcase name="testConstructor_Timetable" classname="uk.ac.reigate.dto.TimetableDtoTest" time="0.0"/>
  <testcase name="testConstructor_TimetableCourseGroupEndsWithL" classname="uk.ac.reigate.dto.TimetableDtoTest" time="0.0"/>
  <testcase name="testConstructor_TimetableCourseGroupEndsWithP" classname="uk.ac.reigate.dto.TimetableDtoTest" time="0.0"/>
  <testcase name="testConstructor_TimetableCourseGroupEndsWithU" classname="uk.ac.reigate.dto.TimetableDtoTest" time="0.001"/>
  <testcase name="testMapFromTimetablesEntities" classname="uk.ac.reigate.dto.TimetableDtoTest" time="0.002"/>
  <system-out><![CDATA[]]></system-out>
  <system-err><![CDATA[]]></system-err>
</testsuite>
