<?xml version="1.0" encoding="UTF-8"?>
<testsuite name="uk.ac.reigate.dto.admissions.DuplicateApplicationDtoTest" tests="2" skipped="0" failures="0" errors="0" timestamp="2021-09-22T11:31:30" hostname="L104D005" time="0.006">
  <properties/>
  <testcase name="testEquals_Same" classname="uk.ac.reigate.dto.admissions.DuplicateApplicationDtoTest" time="0.006"/>
  <testcase name="testConstructor_DuplicateApplication" classname="uk.ac.reigate.dto.admissions.DuplicateApplicationDtoTest" time="0.0"/>
  <system-out><![CDATA[]]></system-out>
  <system-err><![CDATA[]]></system-err>
</testsuite>
