<?xml version="1.0" encoding="UTF-8"?>
<testsuite name="uk.ac.reigate.dto.StudentVolunteeringLogDtoTest" tests="14" skipped="0" failures="0" errors="0" timestamp="2021-09-22T11:31:32" hostname="L104D005" time="0.021">
  <properties/>
  <testcase name="testMapFromStudentVolunteeringLogEntity" classname="uk.ac.reigate.dto.StudentVolunteeringLogDtoTest" time="0.014"/>
  <testcase name="testHashCode_Different" classname="uk.ac.reigate.dto.StudentVolunteeringLogDtoTest" time="0.001"/>
  <testcase name="testEquals_Different" classname="uk.ac.reigate.dto.StudentVolunteeringLogDtoTest" time="0.001"/>
  <testcase name="testHashCode_Same" classname="uk.ac.reigate.dto.StudentVolunteeringLogDtoTest" time="0.0"/>
  <testcase name="testMethod_Get_NullVolunteeringExperienceDescription" classname="uk.ac.reigate.dto.StudentVolunteeringLogDtoTest" time="0.0"/>
  <testcase name="testEquals_Same" classname="uk.ac.reigate.dto.StudentVolunteeringLogDtoTest" time="0.001"/>
  <testcase name="testMethod_Get_NullVolunteeringTypeDescription" classname="uk.ac.reigate.dto.StudentVolunteeringLogDtoTest" time="0.001"/>
  <testcase name="testMapFromStudentVolunteeringLogsEntities" classname="uk.ac.reigate.dto.StudentVolunteeringLogDtoTest" time="0.002"/>
  <testcase name="testMethod_Get_StudentRoleDescription" classname="uk.ac.reigate.dto.StudentVolunteeringLogDtoTest" time="0.0"/>
  <testcase name="testMethod_Get_NullStudentRoleDescription" classname="uk.ac.reigate.dto.StudentVolunteeringLogDtoTest" time="0.0"/>
  <testcase name="testMethod_Get_VolunteeringExperienceDescription" classname="uk.ac.reigate.dto.StudentVolunteeringLogDtoTest" time="0.001"/>
  <testcase name="testConstructor_NullStudentVolunteeringLog" classname="uk.ac.reigate.dto.StudentVolunteeringLogDtoTest" time="0.0"/>
  <testcase name="testMethod_Get_VolunteeringTypeDescription" classname="uk.ac.reigate.dto.StudentVolunteeringLogDtoTest" time="0.0"/>
  <testcase name="testConstructor_NullStudent" classname="uk.ac.reigate.dto.StudentVolunteeringLogDtoTest" time="0.0"/>
  <system-out><![CDATA[]]></system-out>
  <system-err><![CDATA[]]></system-err>
</testsuite>
