<?xml version="1.0" encoding="UTF-8"?>
<testsuite name="uk.ac.reigate.dto.GCSEScoreDtoTest" tests="9" skipped="0" failures="0" errors="0" timestamp="2021-09-22T11:31:31" hostname="L104D005" time="0.016">
  <properties/>
  <testcase name="testHashCode_Different" classname="uk.ac.reigate.dto.GCSEScoreDtoTest" time="0.009"/>
  <testcase name="testEquals_Different" classname="uk.ac.reigate.dto.GCSEScoreDtoTest" time="0.001"/>
  <testcase name="testHashCode_Same" classname="uk.ac.reigate.dto.GCSEScoreDtoTest" time="0.0"/>
  <testcase name="testEquals_Same" classname="uk.ac.reigate.dto.GCSEScoreDtoTest" time="0.0"/>
  <testcase name="testMapFromNullGCSEScoreEntity" classname="uk.ac.reigate.dto.GCSEScoreDtoTest" time="0.001"/>
  <testcase name="testConstructor_GCSEScore" classname="uk.ac.reigate.dto.GCSEScoreDtoTest" time="0.001"/>
  <testcase name="testConstructor_nullStudent" classname="uk.ac.reigate.dto.GCSEScoreDtoTest" time="0.0"/>
  <testcase name="testMapFromGCSEScoresEntities" classname="uk.ac.reigate.dto.GCSEScoreDtoTest" time="0.003"/>
  <testcase name="testMapFromGCSEScoreEntity" classname="uk.ac.reigate.dto.GCSEScoreDtoTest" time="0.001"/>
  <system-out><![CDATA[]]></system-out>
  <system-err><![CDATA[]]></system-err>
</testsuite>
