<?xml version="1.0" encoding="UTF-8"?>
<testsuite name="uk.ac.reigate.dto.HolidayDtoTest" tests="10" skipped="0" failures="0" errors="0" timestamp="2021-09-22T11:31:31" hostname="L104D005" time="0.026">
  <properties/>
  <testcase name="testHashCode_Different" classname="uk.ac.reigate.dto.HolidayDtoTest" time="0.009"/>
  <testcase name="testEquals_Different" classname="uk.ac.reigate.dto.HolidayDtoTest" time="0.001"/>
  <testcase name="testHashCode_Same" classname="uk.ac.reigate.dto.HolidayDtoTest" time="0.0"/>
  <testcase name="testEquals_Same" classname="uk.ac.reigate.dto.HolidayDtoTest" time="0.001"/>
  <testcase name="testMethod_Get_YearDescription" classname="uk.ac.reigate.dto.HolidayDtoTest" time="0.0"/>
  <testcase name="testMethod_Get_NullYearDescription" classname="uk.ac.reigate.dto.HolidayDtoTest" time="0.001"/>
  <testcase name="testMapFromHolidayEntity" classname="uk.ac.reigate.dto.HolidayDtoTest" time="0.0"/>
  <testcase name="testConstructor_NullHoliday" classname="uk.ac.reigate.dto.HolidayDtoTest" time="0.011"/>
  <testcase name="testMapFromHolidaysEntities" classname="uk.ac.reigate.dto.HolidayDtoTest" time="0.003"/>
  <testcase name="testConstructor_NullYear" classname="uk.ac.reigate.dto.HolidayDtoTest" time="0.0"/>
  <system-out><![CDATA[]]></system-out>
  <system-err><![CDATA[]]></system-err>
</testsuite>
