<?xml version="1.0" encoding="UTF-8"?>
<testsuite name="uk.ac.reigate.services.LLDDHealthProblemCategoryServiceTest" tests="15" skipped="0" failures="0" errors="0" timestamp="2021-09-22T11:31:36" hostname="L104D005" time="0.026">
  <properties/>
  <testcase name="testSaveLLDDHealthProblemCategoryByFields" classname="uk.ac.reigate.services.LLDDHealthProblemCategoryServiceTest" time="0.015"/>
  <testcase name="testUpdateFromDto_dto" classname="uk.ac.reigate.services.LLDDHealthProblemCategoryServiceTest" time="0.001"/>
  <testcase name="testFindLLDDHealthProblemCategory" classname="uk.ac.reigate.services.LLDDHealthProblemCategoryServiceTest" time="0.001"/>
  <testcase name="testFindByCode" classname="uk.ac.reigate.services.LLDDHealthProblemCategoryServiceTest" time="0.001"/>
  <testcase name="testFindLLDDHealthProblemCategories" classname="uk.ac.reigate.services.LLDDHealthProblemCategoryServiceTest" time="0.001"/>
  <testcase name="testUpdateFromDto_withNullId" classname="uk.ac.reigate.services.LLDDHealthProblemCategoryServiceTest" time="0.0"/>
  <testcase name="testSaveLLDDHealthProblemCategories" classname="uk.ac.reigate.services.LLDDHealthProblemCategoryServiceTest" time="0.003"/>
  <testcase name="testSaveLLDDHealthProblemCategory" classname="uk.ac.reigate.services.LLDDHealthProblemCategoryServiceTest" time="0.001"/>
  <testcase name="testSaveNewLLDDHealthProblemCategory" classname="uk.ac.reigate.services.LLDDHealthProblemCategoryServiceTest" time="0.0"/>
  <testcase name="testCreateFromDto_dto" classname="uk.ac.reigate.services.LLDDHealthProblemCategoryServiceTest" time="0.001"/>
  <testcase name="testDelete" classname="uk.ac.reigate.services.LLDDHealthProblemCategoryServiceTest" time="0.001"/>
  <testcase name="testUpdateFromDto_withNullIdDto" classname="uk.ac.reigate.services.LLDDHealthProblemCategoryServiceTest" time="0.0"/>
  <testcase name="testServiceNoArgsConstructor" classname="uk.ac.reigate.services.LLDDHealthProblemCategoryServiceTest" time="0.0"/>
  <testcase name="testCreateFromDto_withNullDto" classname="uk.ac.reigate.services.LLDDHealthProblemCategoryServiceTest" time="0.001"/>
  <testcase name="testUpdateFromDto_withNullDto" classname="uk.ac.reigate.services.LLDDHealthProblemCategoryServiceTest" time="0.0"/>
  <system-out><![CDATA[]]></system-out>
  <system-err><![CDATA[]]></system-err>
</testsuite>
