<?xml version="1.0" encoding="UTF-8"?>
<testsuite name="uk.ac.reigate.services.NationalityServiceTest" tests="13" skipped="0" failures="0" errors="0" timestamp="2021-09-22T11:31:37" hostname="L104D005" time="0.022">
  <properties/>
  <testcase name="testSaveNationalityByFields_WithNullId" classname="uk.ac.reigate.services.NationalityServiceTest" time="0.009"/>
  <testcase name="testSaveNationalities" classname="uk.ac.reigate.services.NationalityServiceTest" time="0.005"/>
  <testcase name="testUpdateFromDto_dto" classname="uk.ac.reigate.services.NationalityServiceTest" time="0.002"/>
  <testcase name="testSaveNewNationality" classname="uk.ac.reigate.services.NationalityServiceTest" time="0.001"/>
  <testcase name="testFindNationalities" classname="uk.ac.reigate.services.NationalityServiceTest" time="0.0"/>
  <testcase name="testFindByDescription" classname="uk.ac.reigate.services.NationalityServiceTest" time="0.001"/>
  <testcase name="testCreateFromDto_dto" classname="uk.ac.reigate.services.NationalityServiceTest" time="0.001"/>
  <testcase name="testSaveNationality" classname="uk.ac.reigate.services.NationalityServiceTest" time="0.001"/>
  <testcase name="testDelete" classname="uk.ac.reigate.services.NationalityServiceTest" time="0.0"/>
  <testcase name="testFindNationality" classname="uk.ac.reigate.services.NationalityServiceTest" time="0.001"/>
  <testcase name="testServiceNoArgsConstructor" classname="uk.ac.reigate.services.NationalityServiceTest" time="0.0"/>
  <testcase name="testCreateFromDto_withNullDto" classname="uk.ac.reigate.services.NationalityServiceTest" time="0.0"/>
  <testcase name="testUpdateFromDto_withNullDto" classname="uk.ac.reigate.services.NationalityServiceTest" time="0.001"/>
  <system-out><![CDATA[]]></system-out>
  <system-err><![CDATA[]]></system-err>
</testsuite>
