<?xml version="1.0" encoding="UTF-8"?>
<testsuite name="uk.ac.reigate.dto.SchoolReportStatusDtoTest" tests="8" skipped="0" failures="0" errors="0" timestamp="2021-09-22T11:31:32" hostname="L104D005" time="0.01">
  <properties/>
  <testcase name="testMapFromSchoolReportStatusesEntities" classname="uk.ac.reigate.dto.SchoolReportStatusDtoTest" time="0.008"/>
  <testcase name="testHashCode_Different" classname="uk.ac.reigate.dto.SchoolReportStatusDtoTest" time="0.001"/>
  <testcase name="testEquals_Different" classname="uk.ac.reigate.dto.SchoolReportStatusDtoTest" time="0.0"/>
  <testcase name="testHashCode_Same" classname="uk.ac.reigate.dto.SchoolReportStatusDtoTest" time="0.0"/>
  <testcase name="testEquals_Same" classname="uk.ac.reigate.dto.SchoolReportStatusDtoTest" time="0.0"/>
  <testcase name="testConstructor_SchoolReportStatus" classname="uk.ac.reigate.dto.SchoolReportStatusDtoTest" time="0.0"/>
  <testcase name="testMapFromSchoolReportStatusEntity" classname="uk.ac.reigate.dto.SchoolReportStatusDtoTest" time="0.001"/>
  <testcase name="testConstructor_NullSchoolReportStatus" classname="uk.ac.reigate.dto.SchoolReportStatusDtoTest" time="0.0"/>
  <system-out><![CDATA[]]></system-out>
  <system-err><![CDATA[]]></system-err>
</testsuite>
