<?xml version="1.0" encoding="UTF-8"?>
<testsuite name="uk.ac.reigate.dto.RoomDtoTest" tests="9" skipped="0" failures="0" errors="0" timestamp="2021-09-22T11:31:32" hostname="L104D005" time="0.007">
  <properties/>
  <testcase name="testHashCode_Different" classname="uk.ac.reigate.dto.RoomDtoTest" time="0.003"/>
  <testcase name="testConstructor_NullObject" classname="uk.ac.reigate.dto.RoomDtoTest" time="0.0"/>
  <testcase name="testEquals_Different" classname="uk.ac.reigate.dto.RoomDtoTest" time="0.001"/>
  <testcase name="testHashCode_Same" classname="uk.ac.reigate.dto.RoomDtoTest" time="0.0"/>
  <testcase name="testMethod_Get_NullRoomTypeDescription" classname="uk.ac.reigate.dto.RoomDtoTest" time="0.0"/>
  <testcase name="testEquals_Same" classname="uk.ac.reigate.dto.RoomDtoTest" time="0.001"/>
  <testcase name="testMapFromRoomEntity" classname="uk.ac.reigate.dto.RoomDtoTest" time="0.0"/>
  <testcase name="testMethod_Get_RoomTypeDescription" classname="uk.ac.reigate.dto.RoomDtoTest" time="0.0"/>
  <testcase name="testMapFromRoomsEntities" classname="uk.ac.reigate.dto.RoomDtoTest" time="0.002"/>
  <system-out><![CDATA[]]></system-out>
  <system-err><![CDATA[]]></system-err>
</testsuite>
