<?xml version="1.0" encoding="UTF-8"?>
<testsuite name="uk.ac.reigate.dto.TextLookUpDtoTest" tests="7" skipped="0" failures="0" errors="0" timestamp="2021-09-22T11:31:33" hostname="L104D005" time="0.01">
  <properties/>
  <testcase name="testHashCode_Different" classname="uk.ac.reigate.dto.TextLookUpDtoTest" time="0.007"/>
  <testcase name="testEquals_Different" classname="uk.ac.reigate.dto.TextLookUpDtoTest" time="0.001"/>
  <testcase name="testHashCode_Same" classname="uk.ac.reigate.dto.TextLookUpDtoTest" time="0.0"/>
  <testcase name="testEquals_Same" classname="uk.ac.reigate.dto.TextLookUpDtoTest" time="0.0"/>
  <testcase name="testConstructor_NullCollegeFundPaid" classname="uk.ac.reigate.dto.TextLookUpDtoTest" time="0.0"/>
  <testcase name="testConstructor_textLookup" classname="uk.ac.reigate.dto.TextLookUpDtoTest" time="0.0"/>
  <testcase name="testMapFromTextLookupsEntities" classname="uk.ac.reigate.dto.TextLookUpDtoTest" time="0.002"/>
  <system-out><![CDATA[]]></system-out>
  <system-err><![CDATA[]]></system-err>
</testsuite>
