<?xml version="1.0" encoding="UTF-8"?>
<testsuite name="uk.ac.reigate.dto.careers.StudentCareersRecordDtoTest" tests="11" skipped="0" failures="0" errors="0" timestamp="2021-09-22T11:31:30" hostname="L104D005" time="0.023">
  <properties/>
  <testcase name="testConstructor_StudentCareersRecord" classname="uk.ac.reigate.dto.careers.StudentCareersRecordDtoTest" time="0.01"/>
  <testcase name="testMapFromStudentCareersRecordEntity" classname="uk.ac.reigate.dto.careers.StudentCareersRecordDtoTest" time="0.002"/>
  <testcase name="testHashCode_Different" classname="uk.ac.reigate.dto.careers.StudentCareersRecordDtoTest" time="0.001"/>
  <testcase name="testEquals_Different" classname="uk.ac.reigate.dto.careers.StudentCareersRecordDtoTest" time="0.001"/>
  <testcase name="testHashCode_Same" classname="uk.ac.reigate.dto.careers.StudentCareersRecordDtoTest" time="0.001"/>
  <testcase name="testEquals_Same" classname="uk.ac.reigate.dto.careers.StudentCareersRecordDtoTest" time="0.002"/>
  <testcase name="testMethod_Get_CareersRecordTypeDescription" classname="uk.ac.reigate.dto.careers.StudentCareersRecordDtoTest" time="0.001"/>
  <testcase name="testConstructor_NullStudentCareersRecord" classname="uk.ac.reigate.dto.careers.StudentCareersRecordDtoTest" time="0.0"/>
  <testcase name="testMethod_Get_NullCareersRecordTypeDescription" classname="uk.ac.reigate.dto.careers.StudentCareersRecordDtoTest" time="0.001"/>
  <testcase name="testConstructor_NullStudent" classname="uk.ac.reigate.dto.careers.StudentCareersRecordDtoTest" time="0.001"/>
  <testcase name="testMapFromStudentCareersRecordsEntities" classname="uk.ac.reigate.dto.careers.StudentCareersRecordDtoTest" time="0.003"/>
  <system-out><![CDATA[]]></system-out>
  <system-err><![CDATA[]]></system-err>
</testsuite>
