<?xml version="1.0" encoding="UTF-8"?>
<testsuite name="uk.ac.reigate.services.admissions.InterviewServiceTest" tests="11" skipped="0" failures="0" errors="0" timestamp="2021-09-22T11:31:33" hostname="L104D005" time="0.251">
  <properties/>
  <testcase name="testUpdateFromDto_withDtoWithNoId" classname="uk.ac.reigate.services.admissions.InterviewServiceTest" time="0.215"/>
  <testcase name="testFindAll" classname="uk.ac.reigate.services.admissions.InterviewServiceTest" time="0.007"/>
  <testcase name="testSave" classname="uk.ac.reigate.services.admissions.InterviewServiceTest" time="0.002"/>
  <testcase name="testUpdateDto_withDtoWithNoId" classname="uk.ac.reigate.services.admissions.InterviewServiceTest" time="0.001"/>
  <testcase name="testUpdateDto_withDtoNullStudentTypeId" classname="uk.ac.reigate.services.admissions.InterviewServiceTest" time="0.003"/>
  <testcase name="testFindById" classname="uk.ac.reigate.services.admissions.InterviewServiceTest" time="0.001"/>
  <testcase name="testUpdateDto_withDto" classname="uk.ac.reigate.services.admissions.InterviewServiceTest" time="0.006"/>
  <testcase name="testDelete" classname="uk.ac.reigate.services.admissions.InterviewServiceTest" time="0.001"/>
  <testcase name="testUpdateDto_UpdateFromDto" classname="uk.ac.reigate.services.admissions.InterviewServiceTest" time="0.011"/>
  <testcase name="testUpdateDto_UpdateFromDtoWithNullIds" classname="uk.ac.reigate.services.admissions.InterviewServiceTest" time="0.002"/>
  <testcase name="testServiceNoArgsConstructor" classname="uk.ac.reigate.services.admissions.InterviewServiceTest" time="0.001"/>
  <system-out><![CDATA[]]></system-out>
  <system-err><![CDATA[]]></system-err>
</testsuite>
