<?xml version="1.0" encoding="UTF-8"?>
<testsuite name="uk.ac.reigate.services.PersonAliasServiceTest" tests="2" skipped="0" failures="0" errors="0" timestamp="2021-09-22T11:31:37" hostname="L104D005" time="0.01">
  <properties/>
  <testcase name="testFindPersonAlias" classname="uk.ac.reigate.services.PersonAliasServiceTest" time="0.01"/>
  <testcase name="testServiceNoArgsConstructor" classname="uk.ac.reigate.services.PersonAliasServiceTest" time="0.0"/>
  <system-out><![CDATA[]]></system-out>
  <system-err><![CDATA[]]></system-err>
</testsuite>
