<?xml version="1.0" encoding="UTF-8"?>
<testsuite name="uk.ac.reigate.services.AlternativePeriodServiceTest" tests="14" skipped="0" failures="0" errors="0" timestamp="2021-09-22T11:31:33" hostname="L104D005" time="0.044">
  <properties/>
  <testcase name="testUpdateFromDto_dto" classname="uk.ac.reigate.services.AlternativePeriodServiceTest" time="0.025"/>
  <testcase name="testFindAll" classname="uk.ac.reigate.services.AlternativePeriodServiceTest" time="0.001"/>
  <testcase name="testSave" classname="uk.ac.reigate.services.AlternativePeriodServiceTest" time="0.001"/>
  <testcase name="testUpdateFromDto_dtoWithBlockId" classname="uk.ac.reigate.services.AlternativePeriodServiceTest" time="0.005"/>
  <testcase name="testUpdateFromDto_withNullId" classname="uk.ac.reigate.services.AlternativePeriodServiceTest" time="0.001"/>
  <testcase name="testSaveAlternativePeriods" classname="uk.ac.reigate.services.AlternativePeriodServiceTest" time="0.002"/>
  <testcase name="testFindById" classname="uk.ac.reigate.services.AlternativePeriodServiceTest" time="0.002"/>
  <testcase name="testupdateFromDto_withNullDto" classname="uk.ac.reigate.services.AlternativePeriodServiceTest" time="0.0"/>
  <testcase name="testCreateFromDto_dto" classname="uk.ac.reigate.services.AlternativePeriodServiceTest" time="0.002"/>
  <testcase name="testDelete" classname="uk.ac.reigate.services.AlternativePeriodServiceTest" time="0.001"/>
  <testcase name="testSave_withNull" classname="uk.ac.reigate.services.AlternativePeriodServiceTest" time="0.001"/>
  <testcase name="testCreateFromDto_dtoWithBlockId" classname="uk.ac.reigate.services.AlternativePeriodServiceTest" time="0.002"/>
  <testcase name="testServiceNoArgsConstructor" classname="uk.ac.reigate.services.AlternativePeriodServiceTest" time="0.0"/>
  <testcase name="testCreateFromDto_withNullDto" classname="uk.ac.reigate.services.AlternativePeriodServiceTest" time="0.001"/>
  <system-out><![CDATA[]]></system-out>
  <system-err><![CDATA[]]></system-err>
</testsuite>
