<?xml version="1.0" encoding="UTF-8"?>
<testsuite name="uk.ac.reigate.services.PunctualityMonitoringServiceTest" tests="12" skipped="0" failures="0" errors="0" timestamp="2021-09-22T11:31:37" hostname="L104D005" time="0.016">
  <properties/>
  <testcase name="testSavePunctualityMonitoringByFields" classname="uk.ac.reigate.services.PunctualityMonitoringServiceTest" time="0.009"/>
  <testcase name="testUpdateFromDto_dto" classname="uk.ac.reigate.services.PunctualityMonitoringServiceTest" time="0.001"/>
  <testcase name="testSavePunctualityMonitoring" classname="uk.ac.reigate.services.PunctualityMonitoringServiceTest" time="0.001"/>
  <testcase name="testFindPunctualityMonitoring" classname="uk.ac.reigate.services.PunctualityMonitoringServiceTest" time="0.0"/>
  <testcase name="testFindPunctualityMonitorings" classname="uk.ac.reigate.services.PunctualityMonitoringServiceTest" time="0.001"/>
  <testcase name="testSaveNewPunctualityMonitoring" classname="uk.ac.reigate.services.PunctualityMonitoringServiceTest" time="0.0"/>
  <testcase name="testCreateFromDto_dto" classname="uk.ac.reigate.services.PunctualityMonitoringServiceTest" time="0.001"/>
  <testcase name="testSavePunctualityMonitorings" classname="uk.ac.reigate.services.PunctualityMonitoringServiceTest" time="0.002"/>
  <testcase name="testDelete" classname="uk.ac.reigate.services.PunctualityMonitoringServiceTest" time="0.001"/>
  <testcase name="testServiceNoArgsConstructor" classname="uk.ac.reigate.services.PunctualityMonitoringServiceTest" time="0.0"/>
  <testcase name="testCreateFromDto_withNullDto" classname="uk.ac.reigate.services.PunctualityMonitoringServiceTest" time="0.0"/>
  <testcase name="testUpdateFromDto_withNullDto" classname="uk.ac.reigate.services.PunctualityMonitoringServiceTest" time="0.0"/>
  <system-out><![CDATA[]]></system-out>
  <system-err><![CDATA[]]></system-err>
</testsuite>
