<?xml version="1.0" encoding="UTF-8"?>
<testsuite name="uk.ac.reigate.services.student.StudentEntryQualificationServiceTest" tests="21" skipped="0" failures="0" errors="0" timestamp="2021-09-22T11:31:38" hostname="L104D005" time="0.04">
  <properties/>
  <testcase name="testCreateFromDto_dtoWithStudentId" classname="uk.ac.reigate.services.student.StudentEntryQualificationServiceTest" time="0.019"/>
  <testcase name="testGetByStudentEntryQualifications" classname="uk.ac.reigate.services.student.StudentEntryQualificationServiceTest" time="0.001"/>
  <testcase name="testSaveList" classname="uk.ac.reigate.services.student.StudentEntryQualificationServiceTest" time="0.002"/>
  <testcase name="testCreateFromDto_dtoWithDate" classname="uk.ac.reigate.services.student.StudentEntryQualificationServiceTest" time="0.001"/>
  <testcase name="testFindAll" classname="uk.ac.reigate.services.student.StudentEntryQualificationServiceTest" time="0.001"/>
  <testcase name="testUpdateFromDto_dtoWithDate" classname="uk.ac.reigate.services.student.StudentEntryQualificationServiceTest" time="0.001"/>
  <testcase name="testSave" classname="uk.ac.reigate.services.student.StudentEntryQualificationServiceTest" time="0.0"/>
  <testcase name="testCreateFromDto_dtoWithExamBoardId" classname="uk.ac.reigate.services.student.StudentEntryQualificationServiceTest" time="0.001"/>
  <testcase name="testUpdateFromDto_dtoWithEntryQualificationId" classname="uk.ac.reigate.services.student.StudentEntryQualificationServiceTest" time="0.004"/>
  <testcase name="testFindById" classname="uk.ac.reigate.services.student.StudentEntryQualificationServiceTest" time="0.001"/>
  <testcase name="testGetByStudent" classname="uk.ac.reigate.services.student.StudentEntryQualificationServiceTest" time="0.001"/>
  <testcase name="testSaveStudentEntryQualification" classname="uk.ac.reigate.services.student.StudentEntryQualificationServiceTest" time="0.0"/>
  <testcase name="testCreateFromDto_dto" classname="uk.ac.reigate.services.student.StudentEntryQualificationServiceTest" time="0.001"/>
  <testcase name="testUpdateFromDto_dtoWithExamBoardId" classname="uk.ac.reigate.services.student.StudentEntryQualificationServiceTest" time="0.001"/>
  <testcase name="testDeleteById" classname="uk.ac.reigate.services.student.StudentEntryQualificationServiceTest" time="0.001"/>
  <testcase name="testUpdateFromDto_dtoWithStudentId" classname="uk.ac.reigate.services.student.StudentEntryQualificationServiceTest" time="0.002"/>
  <testcase name="testDelete" classname="uk.ac.reigate.services.student.StudentEntryQualificationServiceTest" time="0.001"/>
  <testcase name="testServiceNoArgsConstructor" classname="uk.ac.reigate.services.student.StudentEntryQualificationServiceTest" time="0.0"/>
  <testcase name="testCreateFromDto_withNullDto" classname="uk.ac.reigate.services.student.StudentEntryQualificationServiceTest" time="0.0"/>
  <testcase name="testCreateFromDto_dtoWithEntryQualificationId" classname="uk.ac.reigate.services.student.StudentEntryQualificationServiceTest" time="0.001"/>
  <testcase name="testUpdateFromDto_withNullDto" classname="uk.ac.reigate.services.student.StudentEntryQualificationServiceTest" time="0.001"/>
  <system-out><![CDATA[]]></system-out>
  <system-err><![CDATA[]]></system-err>
</testsuite>
