<?xml version="1.0" encoding="UTF-8"?>
<testsuite name="uk.ac.reigate.dto.CorrespondenceDtoTest" tests="15" skipped="0" failures="0" errors="0" timestamp="2021-09-22T11:31:30" hostname="L104D005" time="0.081">
  <properties/>
  <testcase name="testHashCode_Different" classname="uk.ac.reigate.dto.CorrespondenceDtoTest" time="0.06"/>
  <testcase name="testEquals_Different" classname="uk.ac.reigate.dto.CorrespondenceDtoTest" time="0.001"/>
  <testcase name="testHashCode_Same" classname="uk.ac.reigate.dto.CorrespondenceDtoTest" time="0.002"/>
  <testcase name="testConstructor_correspondence" classname="uk.ac.reigate.dto.CorrespondenceDtoTest" time="0.001"/>
  <testcase name="testEquals_Same" classname="uk.ac.reigate.dto.CorrespondenceDtoTest" time="0.003"/>
  <testcase name="testMapFromCorrespondencesEntities" classname="uk.ac.reigate.dto.CorrespondenceDtoTest" time="0.005"/>
  <testcase name="testMethod_Get_CourseGroupDescription" classname="uk.ac.reigate.dto.CorrespondenceDtoTest" time="0.001"/>
  <testcase name="testMapFromCorrespondenceEntity" classname="uk.ac.reigate.dto.CorrespondenceDtoTest" time="0.002"/>
  <testcase name="testMethod_Get_NullCourseGroupDescription" classname="uk.ac.reigate.dto.CorrespondenceDtoTest" time="0.0"/>
  <testcase name="testConstructor_nullStudent" classname="uk.ac.reigate.dto.CorrespondenceDtoTest" time="0.001"/>
  <testcase name="testConstructor_NullCorrespondence" classname="uk.ac.reigate.dto.CorrespondenceDtoTest" time="0.0"/>
  <testcase name="testMethod_Get_CorrespondenceTypeDescription" classname="uk.ac.reigate.dto.CorrespondenceDtoTest" time="0.002"/>
  <testcase name="testMethod_Get_CourseGroupSpec" classname="uk.ac.reigate.dto.CorrespondenceDtoTest" time="0.001"/>
  <testcase name="testMethod_Get_NullCourseGroupSpec" classname="uk.ac.reigate.dto.CorrespondenceDtoTest" time="0.001"/>
  <testcase name="testMethod_Get_NullCorrespondenceTypeDescription" classname="uk.ac.reigate.dto.CorrespondenceDtoTest" time="0.0"/>
  <system-out><![CDATA[]]></system-out>
  <system-err><![CDATA[]]></system-err>
</testsuite>
