<?xml version="1.0" encoding="UTF-8"?>
<testsuite name="uk.ac.reigate.services.careers.BulkCareersRecordServiceTest" tests="2" skipped="0" failures="0" errors="0" timestamp="2021-09-22T11:31:33" hostname="L104D005" time="0.035">
  <properties/>
  <testcase name="testCreateMassILPEntries_NullStudentList" classname="uk.ac.reigate.services.careers.BulkCareersRecordServiceTest" time="0.034"/>
  <testcase name="testServiceNoArgsConstructor" classname="uk.ac.reigate.services.careers.BulkCareersRecordServiceTest" time="0.001"/>
  <system-out><![CDATA[]]></system-out>
  <system-err><![CDATA[]]></system-err>
</testsuite>
