<?xml version="1.0" encoding="UTF-8"?>
<testsuite name="uk.ac.reigate.dto.admissions.DuplicateDetectionDtoTest" tests="2" skipped="0" failures="0" errors="0" timestamp="2021-09-22T11:31:30" hostname="L104D005" time="0.012">
  <properties/>
  <testcase name="testMapFromEntity" classname="uk.ac.reigate.dto.admissions.DuplicateDetectionDtoTest" time="0.011"/>
  <testcase name="testConstructor_academicYear" classname="uk.ac.reigate.dto.admissions.DuplicateDetectionDtoTest" time="0.001"/>
  <system-out><![CDATA[]]></system-out>
  <system-err><![CDATA[]]></system-err>
</testsuite>
