<?xml version="1.0" encoding="UTF-8"?>
<testsuite name="uk.ac.reigate.dto.exams.edi.EdiAuditFileLogDtoTest" tests="3" skipped="0" failures="0" errors="0" timestamp="2021-09-22T11:31:31" hostname="L104D005" time="0.008">
  <properties/>
  <testcase name="testMapFromEntity" classname="uk.ac.reigate.dto.exams.edi.EdiAuditFileLogDtoTest" time="0.006"/>
  <testcase name="testMapFromList" classname="uk.ac.reigate.dto.exams.edi.EdiAuditFileLogDtoTest" time="0.002"/>
  <testcase name="testConstructorEdiAuditFileLog" classname="uk.ac.reigate.dto.exams.edi.EdiAuditFileLogDtoTest" time="0.0"/>
  <system-out><![CDATA[]]></system-out>
  <system-err><![CDATA[]]></system-err>
</testsuite>
