<?xml version="1.0" encoding="UTF-8"?>
<testsuite name="uk.ac.reigate.services.CorrespondenceServiceTest" tests="20" skipped="0" failures="0" errors="0" timestamp="2021-09-22T11:31:34" hostname="L104D005" time="0.087">
  <properties/>
  <testcase name="testCreateFromDto_withCourseId" classname="uk.ac.reigate.services.CorrespondenceServiceTest" time="0.06"/>
  <testcase name="testUpdateFromDto_dto" classname="uk.ac.reigate.services.CorrespondenceServiceTest" time="0.001"/>
  <testcase name="testSaveList" classname="uk.ac.reigate.services.CorrespondenceServiceTest" time="0.003"/>
  <testcase name="testUpdateFromDto_withStudentId" classname="uk.ac.reigate.services.CorrespondenceServiceTest" time="0.001"/>
  <testcase name="testFindAll" classname="uk.ac.reigate.services.CorrespondenceServiceTest" time="0.001"/>
  <testcase name="testSave" classname="uk.ac.reigate.services.CorrespondenceServiceTest" time="0.001"/>
  <testcase name="testUpdateFromDto_withCourseId" classname="uk.ac.reigate.services.CorrespondenceServiceTest" time="0.001"/>
  <testcase name="testUpdateFromDto_withTypeId" classname="uk.ac.reigate.services.CorrespondenceServiceTest" time="0.004"/>
  <testcase name="testFindById" classname="uk.ac.reigate.services.CorrespondenceServiceTest" time="0.001"/>
  <testcase name="testGetByStudent" classname="uk.ac.reigate.services.CorrespondenceServiceTest" time="0.001"/>
  <testcase name="testCreateFromDto_dto" classname="uk.ac.reigate.services.CorrespondenceServiceTest" time="0.001"/>
  <testcase name="testCreateFromDto_withStudentId" classname="uk.ac.reigate.services.CorrespondenceServiceTest" time="0.001"/>
  <testcase name="testCreateFromDto_withLetterId" classname="uk.ac.reigate.services.CorrespondenceServiceTest" time="0.006"/>
  <testcase name="testGetByStudentAndCorrespondence" classname="uk.ac.reigate.services.CorrespondenceServiceTest" time="0.001"/>
  <testcase name="testDelete" classname="uk.ac.reigate.services.CorrespondenceServiceTest" time="0.0"/>
  <testcase name="testCreateFromDto_withTypeId" classname="uk.ac.reigate.services.CorrespondenceServiceTest" time="0.002"/>
  <testcase name="testUpdateFromDto_withLetterId" classname="uk.ac.reigate.services.CorrespondenceServiceTest" time="0.001"/>
  <testcase name="testServiceNoArgsConstructor" classname="uk.ac.reigate.services.CorrespondenceServiceTest" time="0.0"/>
  <testcase name="testCreateFromDto_withNullDto" classname="uk.ac.reigate.services.CorrespondenceServiceTest" time="0.0"/>
  <testcase name="testUpdateFromDto_withNullDto" classname="uk.ac.reigate.services.CorrespondenceServiceTest" time="0.001"/>
  <system-out><![CDATA[]]></system-out>
  <system-err><![CDATA[]]></system-err>
</testsuite>
