<?xml version="1.0" encoding="UTF-8"?>
<testsuite name="uk.ac.reigate.dto.WarningCodeChangeDtoTest" tests="17" skipped="0" failures="0" errors="0" timestamp="2021-09-22T11:31:33" hostname="L104D005" time="0.018">
  <properties/>
  <testcase name="testHashCode_Different" classname="uk.ac.reigate.dto.WarningCodeChangeDtoTest" time="0.008"/>
  <testcase name="testEquals_Different" classname="uk.ac.reigate.dto.WarningCodeChangeDtoTest" time="0.001"/>
  <testcase name="testHashCode_Same" classname="uk.ac.reigate.dto.WarningCodeChangeDtoTest" time="0.0"/>
  <testcase name="testEquals_Same" classname="uk.ac.reigate.dto.WarningCodeChangeDtoTest" time="0.001"/>
  <testcase name="testMethod_Get_NullPreviousPmDescription" classname="uk.ac.reigate.dto.WarningCodeChangeDtoTest" time="0.0"/>
  <testcase name="testMethod_Get_NullCurrentPmDescription" classname="uk.ac.reigate.dto.WarningCodeChangeDtoTest" time="0.002"/>
  <testcase name="testMethod_Get_NullPreviousAmDescription" classname="uk.ac.reigate.dto.WarningCodeChangeDtoTest" time="0.0"/>
  <testcase name="testMethod_Get_NullCurrentAmDescription" classname="uk.ac.reigate.dto.WarningCodeChangeDtoTest" time="0.001"/>
  <testcase name="testConstructor_WarningCodeChange" classname="uk.ac.reigate.dto.WarningCodeChangeDtoTest" time="0.0"/>
  <testcase name="testMapFromWarningCodeChangeEntity" classname="uk.ac.reigate.dto.WarningCodeChangeDtoTest" time="0.001"/>
  <testcase name="testMethod_Get_PreviousPmDescription" classname="uk.ac.reigate.dto.WarningCodeChangeDtoTest" time="0.0"/>
  <testcase name="testMapFromWarningCodeChangesEntities" classname="uk.ac.reigate.dto.WarningCodeChangeDtoTest" time="0.003"/>
  <testcase name="testConstructor_NullYear" classname="uk.ac.reigate.dto.WarningCodeChangeDtoTest" time="0.0"/>
  <testcase name="testMethod_Get_PreviousAmDescription" classname="uk.ac.reigate.dto.WarningCodeChangeDtoTest" time="0.0"/>
  <testcase name="testMethod_Get_CurrentPmDescription" classname="uk.ac.reigate.dto.WarningCodeChangeDtoTest" time="0.0"/>
  <testcase name="testMethod_Get_CurrentAmDescription" classname="uk.ac.reigate.dto.WarningCodeChangeDtoTest" time="0.001"/>
  <testcase name="testConstructor_NullWarningCodeChange" classname="uk.ac.reigate.dto.WarningCodeChangeDtoTest" time="0.0"/>
  <system-out><![CDATA[]]></system-out>
  <system-err><![CDATA[]]></system-err>
</testsuite>
