<?xml version="1.0" encoding="UTF-8"?>
<testsuite name="uk.ac.reigate.services.risk_assessment.StudentSafetyPlanServiceTest" tests="14" skipped="0" failures="0" errors="0" timestamp="2021-09-22T11:31:37" hostname="L104D005" time="0.02">
  <properties/>
  <testcase name="testCreateFromDto_dtoWithStudentId" classname="uk.ac.reigate.services.risk_assessment.StudentSafetyPlanServiceTest" time="0.012"/>
  <testcase name="testFindAll" classname="uk.ac.reigate.services.risk_assessment.StudentSafetyPlanServiceTest" time="0.001"/>
  <testcase name="testSave" classname="uk.ac.reigate.services.risk_assessment.StudentSafetyPlanServiceTest" time="0.0"/>
  <testcase name="testFindByStudentId" classname="uk.ac.reigate.services.risk_assessment.StudentSafetyPlanServiceTest" time="0.001"/>
  <testcase name="testSaveStudentSafetyPlan" classname="uk.ac.reigate.services.risk_assessment.StudentSafetyPlanServiceTest" time="0.001"/>
  <testcase name="testFindById" classname="uk.ac.reigate.services.risk_assessment.StudentSafetyPlanServiceTest" time="0.001"/>
  <testcase name="testCreateFromDto_withNullStudentDto" classname="uk.ac.reigate.services.risk_assessment.StudentSafetyPlanServiceTest" time="0.0"/>
  <testcase name="testUpdateFromDto_dtoWithStudentId" classname="uk.ac.reigate.services.risk_assessment.StudentSafetyPlanServiceTest" time="0.001"/>
  <testcase name="testDelete" classname="uk.ac.reigate.services.risk_assessment.StudentSafetyPlanServiceTest" time="0.001"/>
  <testcase name="testUpdateFromDto_dtoWithStaffId" classname="uk.ac.reigate.services.risk_assessment.StudentSafetyPlanServiceTest" time="0.001"/>
  <testcase name="testUpdateFromDto_withNullStudentDto" classname="uk.ac.reigate.services.risk_assessment.StudentSafetyPlanServiceTest" time="0.0"/>
  <testcase name="testServiceNoArgsConstructor" classname="uk.ac.reigate.services.risk_assessment.StudentSafetyPlanServiceTest" time="0.001"/>
  <testcase name="testCreateFromDto_withNullDto" classname="uk.ac.reigate.services.risk_assessment.StudentSafetyPlanServiceTest" time="0.0"/>
  <testcase name="testUpdateFromDto_withNullDto" classname="uk.ac.reigate.services.risk_assessment.StudentSafetyPlanServiceTest" time="0.0"/>
  <system-out><![CDATA[]]></system-out>
  <system-err><![CDATA[]]></system-err>
</testsuite>
