<?xml version="1.0" encoding="UTF-8"?>
<testsuite name="uk.ac.reigate.services.exams.ExamBoardServiceTest" tests="11" skipped="0" failures="0" errors="0" timestamp="2021-09-22T11:31:35" hostname="L104D005" time="0.023">
  <properties/>
  <testcase name="testSaveExamBoards" classname="uk.ac.reigate.services.exams.ExamBoardServiceTest" time="0.013"/>
  <testcase name="testUpdateFromDto_withDtoWithNoId" classname="uk.ac.reigate.services.exams.ExamBoardServiceTest" time="0.001"/>
  <testcase name="testFindAll" classname="uk.ac.reigate.services.exams.ExamBoardServiceTest" time="0.0"/>
  <testcase name="testSave" classname="uk.ac.reigate.services.exams.ExamBoardServiceTest" time="0.001"/>
  <testcase name="testFindByBoardIdentifier" classname="uk.ac.reigate.services.exams.ExamBoardServiceTest" time="0.002"/>
  <testcase name="testCreateFromDto" classname="uk.ac.reigate.services.exams.ExamBoardServiceTest" time="0.001"/>
  <testcase name="testSaveExamBoard" classname="uk.ac.reigate.services.exams.ExamBoardServiceTest" time="0.001"/>
  <testcase name="testFindById" classname="uk.ac.reigate.services.exams.ExamBoardServiceTest" time="0.001"/>
  <testcase name="testDelete" classname="uk.ac.reigate.services.exams.ExamBoardServiceTest" time="0.001"/>
  <testcase name="testCreateFromDto_withNullDto" classname="uk.ac.reigate.services.exams.ExamBoardServiceTest" time="0.001"/>
  <testcase name="testUpdateFromDto_withNullDto" classname="uk.ac.reigate.services.exams.ExamBoardServiceTest" time="0.001"/>
  <system-out><![CDATA[]]></system-out>
  <system-err><![CDATA[]]></system-err>
</testsuite>
