<?xml version="1.0" encoding="UTF-8"?>
<testsuite name="uk.ac.reigate.dto.StudentRemarkPermissionDtoTest" tests="8" skipped="0" failures="0" errors="0" timestamp="2021-09-22T11:31:32" hostname="L104D005" time="0.009">
  <properties/>
  <testcase name="testHashCode_Different" classname="uk.ac.reigate.dto.StudentRemarkPermissionDtoTest" time="0.007"/>
  <testcase name="testConstructor_NullObject" classname="uk.ac.reigate.dto.StudentRemarkPermissionDtoTest" time="0.0"/>
  <testcase name="testEquals_Different" classname="uk.ac.reigate.dto.StudentRemarkPermissionDtoTest" time="0.0"/>
  <testcase name="testHashCode_Same" classname="uk.ac.reigate.dto.StudentRemarkPermissionDtoTest" time="0.0"/>
  <testcase name="testEquals_Same" classname="uk.ac.reigate.dto.StudentRemarkPermissionDtoTest" time="0.001"/>
  <testcase name="testMapFromStudentRemarkPermissionEntity" classname="uk.ac.reigate.dto.StudentRemarkPermissionDtoTest" time="0.0"/>
  <testcase name="testConstructor_StudentRemarkPermission" classname="uk.ac.reigate.dto.StudentRemarkPermissionDtoTest" time="0.0"/>
  <testcase name="testMapFromStudentRemarkPermissionsEntities" classname="uk.ac.reigate.dto.StudentRemarkPermissionDtoTest" time="0.001"/>
  <system-out><![CDATA[]]></system-out>
  <system-err><![CDATA[]]></system-err>
</testsuite>
