<?xml version="1.0" encoding="UTF-8"?>
<testsuite name="uk.ac.reigate.dto.StudentEntryQualificationDtoTest" tests="11" skipped="0" failures="0" errors="0" timestamp="2021-09-22T11:31:32" hostname="L104D005" time="0.016">
  <properties/>
  <testcase name="testHashCode_Different" classname="uk.ac.reigate.dto.StudentEntryQualificationDtoTest" time="0.008"/>
  <testcase name="testEquals_Different" classname="uk.ac.reigate.dto.StudentEntryQualificationDtoTest" time="0.0"/>
  <testcase name="testHashCode_Same" classname="uk.ac.reigate.dto.StudentEntryQualificationDtoTest" time="0.0"/>
  <testcase name="testMethod_Get_ExamBoardName" classname="uk.ac.reigate.dto.StudentEntryQualificationDtoTest" time="0.0"/>
  <testcase name="testEquals_Same" classname="uk.ac.reigate.dto.StudentEntryQualificationDtoTest" time="0.0"/>
  <testcase name="testConstructor_NullEntryQualification" classname="uk.ac.reigate.dto.StudentEntryQualificationDtoTest" time="0.001"/>
  <testcase name="testMethod_Get_NullExamBoardName" classname="uk.ac.reigate.dto.StudentEntryQualificationDtoTest" time="0.0"/>
  <testcase name="testMapFromStudentEntryQualificationEntity" classname="uk.ac.reigate.dto.StudentEntryQualificationDtoTest" time="0.001"/>
  <testcase name="testMapFromStudentEntryQualificationsEntities" classname="uk.ac.reigate.dto.StudentEntryQualificationDtoTest" time="0.003"/>
  <testcase name="testConstructor_StudentEntryQualification" classname="uk.ac.reigate.dto.StudentEntryQualificationDtoTest" time="0.0"/>
  <testcase name="testConstructor_NullStudentEntryQualification" classname="uk.ac.reigate.dto.StudentEntryQualificationDtoTest" time="0.001"/>
  <system-out><![CDATA[]]></system-out>
  <system-err><![CDATA[]]></system-err>
</testsuite>
