<?xml version="1.0" encoding="UTF-8"?>
<testsuite name="uk.ac.reigate.dto.NoteDtoTest" tests="10" skipped="0" failures="0" errors="0" timestamp="2021-09-22T11:31:32" hostname="L104D005" time="0.013">
  <properties/>
  <testcase name="testConstructor_NullOject" classname="uk.ac.reigate.dto.NoteDtoTest" time="0.007"/>
  <testcase name="testHashCode_Different" classname="uk.ac.reigate.dto.NoteDtoTest" time="0.001"/>
  <testcase name="testEquals_Different" classname="uk.ac.reigate.dto.NoteDtoTest" time="0.0"/>
  <testcase name="testHashCode_Same" classname="uk.ac.reigate.dto.NoteDtoTest" time="0.001"/>
  <testcase name="testEquals_Same" classname="uk.ac.reigate.dto.NoteDtoTest" time="0.0"/>
  <testcase name="testMapFromNotesEntitiesTest" classname="uk.ac.reigate.dto.NoteDtoTest" time="0.003"/>
  <testcase name="testConstructor_NullNote" classname="uk.ac.reigate.dto.NoteDtoTest" time="0.0"/>
  <testcase name="testMapFromNoteEntityTest" classname="uk.ac.reigate.dto.NoteDtoTest" time="0.0"/>
  <testcase name="testMethod_Get_TypeDescription" classname="uk.ac.reigate.dto.NoteDtoTest" time="0.0"/>
  <testcase name="testMethod_Get_NullTypeDescription" classname="uk.ac.reigate.dto.NoteDtoTest" time="0.0"/>
  <system-out><![CDATA[]]></system-out>
  <system-err><![CDATA[]]></system-err>
</testsuite>
