<?xml version="1.0" encoding="UTF-8"?>
<testsuite name="uk.ac.reigate.services.student.StudentOverallAttendanceServiceTest" tests="6" skipped="0" failures="0" errors="0" timestamp="2021-09-22T11:31:38" hostname="L104D005" time="0.013">
  <properties/>
  <testcase name="testSaveStudentOverallAttendance" classname="uk.ac.reigate.services.student.StudentOverallAttendanceServiceTest" time="0.011"/>
  <testcase name="testFindAll" classname="uk.ac.reigate.services.student.StudentOverallAttendanceServiceTest" time="0.001"/>
  <testcase name="testFindById" classname="uk.ac.reigate.services.student.StudentOverallAttendanceServiceTest" time="0.0"/>
  <testcase name="testDelete" classname="uk.ac.reigate.services.student.StudentOverallAttendanceServiceTest" time="0.0"/>
  <testcase name="testFindStudentOverallAttendanceByYear" classname="uk.ac.reigate.services.student.StudentOverallAttendanceServiceTest" time="0.001"/>
  <testcase name="testServiceNoArgsConstructor" classname="uk.ac.reigate.services.student.StudentOverallAttendanceServiceTest" time="0.0"/>
  <system-out><![CDATA[]]></system-out>
  <system-err><![CDATA[]]></system-err>
</testsuite>
