<?xml version="1.0" encoding="UTF-8"?>
<testsuite name="uk.ac.reigate.dto.AddressDtoTest" tests="9" skipped="0" failures="0" errors="0" timestamp="2021-09-22T11:31:29" hostname="L104D005" time="0.026">
  <properties/>
  <testcase name="testConstructor_NullAddress" classname="uk.ac.reigate.dto.AddressDtoTest" time="0.013"/>
  <testcase name="testHashCode_Different" classname="uk.ac.reigate.dto.AddressDtoTest" time="0.001"/>
  <testcase name="testEquals_Different" classname="uk.ac.reigate.dto.AddressDtoTest" time="0.001"/>
  <testcase name="testHashCode_Same" classname="uk.ac.reigate.dto.AddressDtoTest" time="0.001"/>
  <testcase name="testEquals_Same" classname="uk.ac.reigate.dto.AddressDtoTest" time="0.001"/>
  <testcase name="testConstructor_Address" classname="uk.ac.reigate.dto.AddressDtoTest" time="0.001"/>
  <testcase name="testMapFromAddressEntity" classname="uk.ac.reigate.dto.AddressDtoTest" time="0.001"/>
  <testcase name="testMapFromAddressesEntities" classname="uk.ac.reigate.dto.AddressDtoTest" time="0.005"/>
  <testcase name="testConstructor_address" classname="uk.ac.reigate.dto.AddressDtoTest" time="0.001"/>
  <system-out><![CDATA[]]></system-out>
  <system-err><![CDATA[]]></system-err>
</testsuite>
