<?xml version="1.0" encoding="UTF-8"?>
<testsuite name="uk.ac.reigate.services.IdentificationViolationServiceTest" tests="10" skipped="0" failures="0" errors="0" timestamp="2021-09-22T11:31:35" hostname="L104D005" time="0.026">
  <properties/>
  <testcase name="testCreateFromDto_dtoWithStudentId" classname="uk.ac.reigate.services.IdentificationViolationServiceTest" time="0.014"/>
  <testcase name="testCreateFromDto_dtoWithYearId" classname="uk.ac.reigate.services.IdentificationViolationServiceTest" time="0.001"/>
  <testcase name="testSaveList" classname="uk.ac.reigate.services.IdentificationViolationServiceTest" time="0.003"/>
  <testcase name="testFindAll" classname="uk.ac.reigate.services.IdentificationViolationServiceTest" time="0.001"/>
  <testcase name="testSave" classname="uk.ac.reigate.services.IdentificationViolationServiceTest" time="0.001"/>
  <testcase name="testFindByStudentId" classname="uk.ac.reigate.services.IdentificationViolationServiceTest" time="0.002"/>
  <testcase name="testFindById" classname="uk.ac.reigate.services.IdentificationViolationServiceTest" time="0.001"/>
  <testcase name="testDelete" classname="uk.ac.reigate.services.IdentificationViolationServiceTest" time="0.001"/>
  <testcase name="testCreateFromDto_dtoWithNullYearId" classname="uk.ac.reigate.services.IdentificationViolationServiceTest" time="0.001"/>
  <testcase name="testServiceNoArgsConstructor" classname="uk.ac.reigate.services.IdentificationViolationServiceTest" time="0.001"/>
  <system-out><![CDATA[]]></system-out>
  <system-err><![CDATA[]]></system-err>
</testsuite>
