<?xml version="1.0" encoding="UTF-8"?>
<testsuite name="uk.ac.reigate.services.audit.AuditServiceTest" tests="2" skipped="0" failures="0" errors="0" timestamp="2021-09-22T11:31:33" hostname="L104D005" time="0.021">
  <properties/>
  <testcase name="testLogApiAccess" classname="uk.ac.reigate.services.audit.AuditServiceTest" time="0.02"/>
  <testcase name="testServiceNoArgsConstructor" classname="uk.ac.reigate.services.audit.AuditServiceTest" time="0.001"/>
  <system-out><![CDATA[]]></system-out>
  <system-err><![CDATA[]]></system-err>
</testsuite>
