<?xml version="1.0" encoding="UTF-8"?>
<testsuite name="uk.ac.reigate.services.PeriodServiceTest" tests="14" skipped="0" failures="0" errors="0" timestamp="2021-09-22T11:31:37" hostname="L104D005" time="0.021">
  <properties/>
  <testcase name="testFindPeriodById" classname="uk.ac.reigate.services.PeriodServiceTest" time="0.01"/>
  <testcase name="testUpdateFromDto_dto" classname="uk.ac.reigate.services.PeriodServiceTest" time="0.002"/>
  <testcase name="testSaveList" classname="uk.ac.reigate.services.PeriodServiceTest" time="0.003"/>
  <testcase name="testSaveNewPeriod" classname="uk.ac.reigate.services.PeriodServiceTest" time="0.001"/>
  <testcase name="testFindPeriod" classname="uk.ac.reigate.services.PeriodServiceTest" time="0.0"/>
  <testcase name="testUpdateFromDto_withNullId" classname="uk.ac.reigate.services.PeriodServiceTest" time="0.001"/>
  <testcase name="testSavePeriod" classname="uk.ac.reigate.services.PeriodServiceTest" time="0.0"/>
  <testcase name="testCreateFromDto_dto" classname="uk.ac.reigate.services.PeriodServiceTest" time="0.001"/>
  <testcase name="testCreateFromDto_blockId" classname="uk.ac.reigate.services.PeriodServiceTest" time="0.001"/>
  <testcase name="testDelete" classname="uk.ac.reigate.services.PeriodServiceTest" time="0.001"/>
  <testcase name="testUpdateFromDto_blockId" classname="uk.ac.reigate.services.PeriodServiceTest" time="0.001"/>
  <testcase name="testServiceNoArgsConstructor" classname="uk.ac.reigate.services.PeriodServiceTest" time="0.0"/>
  <testcase name="testCreateFromDto_withNullDto" classname="uk.ac.reigate.services.PeriodServiceTest" time="0.0"/>
  <testcase name="testUpdateFromDto_withNullDto" classname="uk.ac.reigate.services.PeriodServiceTest" time="0.0"/>
  <system-out><![CDATA[]]></system-out>
  <system-err><![CDATA[]]></system-err>
</testsuite>
