<?xml version="1.0" encoding="UTF-8"?>
<testsuite name="uk.ac.reigate.dto.exams.CourseSyllabusDtoTest" tests="4" skipped="0" failures="0" errors="0" timestamp="2021-09-22T11:31:31" hostname="L104D005" time="0.01">
  <properties/>
  <testcase name="testconstructor_courseSyllabusDto" classname="uk.ac.reigate.dto.exams.CourseSyllabusDtoTest" time="0.007"/>
  <testcase name="testMapFromCourseSyllabusEntities" classname="uk.ac.reigate.dto.exams.CourseSyllabusDtoTest" time="0.003"/>
  <testcase name="testConstructor_courseSyllabus" classname="uk.ac.reigate.dto.exams.CourseSyllabusDtoTest" time="0.0"/>
  <testcase name="testMapFromCourseSyllabusEntity" classname="uk.ac.reigate.dto.exams.CourseSyllabusDtoTest" time="0.0"/>
  <system-out><![CDATA[]]></system-out>
  <system-err><![CDATA[]]></system-err>
</testsuite>
