<?xml version="1.0" encoding="UTF-8"?>
<testsuite name="uk.ac.reigate.dto.interimreport.StudentCourseGroupInterimReportDtoTest" tests="2" skipped="0" failures="0" errors="0" timestamp="2021-09-22T11:31:31" hostname="L104D005" time="0.025">
  <properties/>
  <testcase name="test_Constructor_Student" classname="uk.ac.reigate.dto.interimreport.StudentCourseGroupInterimReportDtoTest" time="0.024"/>
  <testcase name="test_Constructor_Enrolment" classname="uk.ac.reigate.dto.interimreport.StudentCourseGroupInterimReportDtoTest" time="0.001"/>
  <system-out><![CDATA[]]></system-out>
  <system-err><![CDATA[]]></system-err>
</testsuite>
