<?xml version="1.0" encoding="UTF-8"?>
<testsuite name="uk.ac.reigate.dto.exams.CourseOptionDtoTest" tests="4" skipped="0" failures="0" errors="0" timestamp="2021-09-22T11:31:31" hostname="L104D005" time="0.005">
  <properties/>
  <testcase name="testconstructor_courseOptionDto" classname="uk.ac.reigate.dto.exams.CourseOptionDtoTest" time="0.003"/>
  <testcase name="testMapFromCourseOptionEntity" classname="uk.ac.reigate.dto.exams.CourseOptionDtoTest" time="0.001"/>
  <testcase name="testConstructor_courseOption" classname="uk.ac.reigate.dto.exams.CourseOptionDtoTest" time="0.0"/>
  <testcase name="testMapFromCourseComponentsEntities" classname="uk.ac.reigate.dto.exams.CourseOptionDtoTest" time="0.001"/>
  <system-out><![CDATA[]]></system-out>
  <system-err><![CDATA[]]></system-err>
</testsuite>
