<?xml version="1.0" encoding="UTF-8"?>
<testsuite name="uk.ac.reigate.services.exams.StudentAlternativeUciServiceTest" tests="12" skipped="0" failures="0" errors="0" timestamp="2021-09-22T11:31:35" hostname="L104D005" time="0.024">
  <properties/>
  <testcase name="testUpdateFromDto_withDtoWithNoId" classname="uk.ac.reigate.services.exams.StudentAlternativeUciServiceTest" time="0.013"/>
  <testcase name="testDeleteByIds" classname="uk.ac.reigate.services.exams.StudentAlternativeUciServiceTest" time="0.002"/>
  <testcase name="testFindAll" classname="uk.ac.reigate.services.exams.StudentAlternativeUciServiceTest" time="0.001"/>
  <testcase name="testSave" classname="uk.ac.reigate.services.exams.StudentAlternativeUciServiceTest" time="0.001"/>
  <testcase name="testDeleteAltenativeUci" classname="uk.ac.reigate.services.exams.StudentAlternativeUciServiceTest" time="0.001"/>
  <testcase name="testCreateFromDto" classname="uk.ac.reigate.services.exams.StudentAlternativeUciServiceTest" time="0.001"/>
  <testcase name="testGetByStudentAndExamBoardId" classname="uk.ac.reigate.services.exams.StudentAlternativeUciServiceTest" time="0.001"/>
  <testcase name="testFindById" classname="uk.ac.reigate.services.exams.StudentAlternativeUciServiceTest" time="0.001"/>
  <testcase name="testGetByStudent" classname="uk.ac.reigate.services.exams.StudentAlternativeUciServiceTest" time="0.001"/>
  <testcase name="testDelete" classname="uk.ac.reigate.services.exams.StudentAlternativeUciServiceTest" time="0.001"/>
  <testcase name="testServiceNoArgsConstructor" classname="uk.ac.reigate.services.exams.StudentAlternativeUciServiceTest" time="0.001"/>
  <testcase name="testCreateFromDto_withNullDto" classname="uk.ac.reigate.services.exams.StudentAlternativeUciServiceTest" time="0.0"/>
  <system-out><![CDATA[]]></system-out>
  <system-err><![CDATA[]]></system-err>
</testsuite>
