<?xml version="1.0" encoding="UTF-8"?>
<testsuite name="uk.ac.reigate.dto.AttendanceMonitoringDtoTest" tests="8" skipped="0" failures="0" errors="0" timestamp="2021-09-22T11:31:30" hostname="L104D005" time="0.015">
  <properties/>
  <testcase name="testHashCode_Different" classname="uk.ac.reigate.dto.AttendanceMonitoringDtoTest" time="0.008"/>
  <testcase name="testEquals_Different" classname="uk.ac.reigate.dto.AttendanceMonitoringDtoTest" time="0.0"/>
  <testcase name="testHashCode_Same" classname="uk.ac.reigate.dto.AttendanceMonitoringDtoTest" time="0.001"/>
  <testcase name="testEquals_Same" classname="uk.ac.reigate.dto.AttendanceMonitoringDtoTest" time="0.0"/>
  <testcase name="testMapFromEntity" classname="uk.ac.reigate.dto.AttendanceMonitoringDtoTest" time="0.0"/>
  <testcase name="testConstructor_nullAttendanceMonitoring" classname="uk.ac.reigate.dto.AttendanceMonitoringDtoTest" time="0.0"/>
  <testcase name="testMapFromList" classname="uk.ac.reigate.dto.AttendanceMonitoringDtoTest" time="0.004"/>
  <testcase name="testConstructor_attendanceMonitoring" classname="uk.ac.reigate.dto.AttendanceMonitoringDtoTest" time="0.001"/>
  <system-out><![CDATA[]]></system-out>
  <system-err><![CDATA[]]></system-err>
</testsuite>
