<?xml version="1.0" encoding="UTF-8"?>
<testsuite name="uk.ac.reigate.dto.StudentWarningDtoTest" tests="16" skipped="0" failures="0" errors="0" timestamp="2021-09-22T11:31:32" hostname="L104D005" time="0.014">
  <properties/>
  <testcase name="testHashCode_Different" classname="uk.ac.reigate.dto.StudentWarningDtoTest" time="0.008"/>
  <testcase name="testEquals_Different" classname="uk.ac.reigate.dto.StudentWarningDtoTest" time="0.002"/>
  <testcase name="testHashCode_Same" classname="uk.ac.reigate.dto.StudentWarningDtoTest" time="0.0"/>
  <testcase name="testMethod_Get_NullAttendanceMonitoringeCode" classname="uk.ac.reigate.dto.StudentWarningDtoTest" time="0.0"/>
  <testcase name="testEquals_Same" classname="uk.ac.reigate.dto.StudentWarningDtoTest" time="0.0"/>
  <testcase name="testMethod_Get_NullPunctualityMonitoringeCode" classname="uk.ac.reigate.dto.StudentWarningDtoTest" time="0.002"/>
  <testcase name="testMapFromStudentEntity" classname="uk.ac.reigate.dto.StudentWarningDtoTest" time="0.0"/>
  <testcase name="testMethod_Get_NullPunctualityMonitoringeDescription" classname="uk.ac.reigate.dto.StudentWarningDtoTest" time="0.001"/>
  <testcase name="testMethod_Get_AttendanceMonitoringeDescription" classname="uk.ac.reigate.dto.StudentWarningDtoTest" time="0.0"/>
  <testcase name="testConstructor_Nullstudent" classname="uk.ac.reigate.dto.StudentWarningDtoTest" time="0.0"/>
  <testcase name="testConstructor_NullstudentYear" classname="uk.ac.reigate.dto.StudentWarningDtoTest" time="0.0"/>
  <testcase name="testMethod_Get_PunctualityMonitoringeCode" classname="uk.ac.reigate.dto.StudentWarningDtoTest" time="0.0"/>
  <testcase name="testConstructor_student" classname="uk.ac.reigate.dto.StudentWarningDtoTest" time="0.001"/>
  <testcase name="testMethod_Get_PunctualityMonitoringeDescription" classname="uk.ac.reigate.dto.StudentWarningDtoTest" time="0.0"/>
  <testcase name="testMethod_Get_NullAttendanceMonitoringeDescription" classname="uk.ac.reigate.dto.StudentWarningDtoTest" time="0.0"/>
  <testcase name="testMethod_Get_AttendanceMonitoringeCode" classname="uk.ac.reigate.dto.StudentWarningDtoTest" time="0.0"/>
  <system-out><![CDATA[]]></system-out>
  <system-err><![CDATA[]]></system-err>
</testsuite>
