<?xml version="1.0" encoding="UTF-8"?>
<testsuite name="uk.ac.reigate.dto.CourseGroupBasicDtoTest" tests="2" skipped="0" failures="0" errors="0" timestamp="2021-09-22T11:31:30" hostname="L104D005" time="0.009">
  <properties/>
  <testcase name="testMapFromCourseGroupEntity" classname="uk.ac.reigate.dto.CourseGroupBasicDtoTest" time="0.007"/>
  <testcase name="testMapFromCourseGroupsEntities" classname="uk.ac.reigate.dto.CourseGroupBasicDtoTest" time="0.002"/>
  <system-out><![CDATA[]]></system-out>
  <system-err><![CDATA[]]></system-err>
</testsuite>
