<?xml version="1.0" encoding="UTF-8"?>
<testsuite name="uk.ac.reigate.dto.integration.ApplicationImportDTOTest" tests="2" skipped="0" failures="0" errors="0" timestamp="2021-09-22T11:31:31" hostname="L104D005" time="0.018">
  <properties/>
  <testcase name="testConstructorNullPerson" classname="uk.ac.reigate.dto.integration.ApplicationImportDTOTest" time="0.017"/>
  <testcase name="testConstructor" classname="uk.ac.reigate.dto.integration.ApplicationImportDTOTest" time="0.001"/>
  <system-out><![CDATA[]]></system-out>
  <system-err><![CDATA[]]></system-err>
</testsuite>
