<?xml version="1.0" encoding="UTF-8"?>
<testsuite name="uk.ac.reigate.dto.DepartmentDtoTest" tests="13" skipped="0" failures="0" errors="0" timestamp="2021-09-22T11:31:30" hostname="L104D005" time="0.024">
  <properties/>
  <testcase name="testMapFromDepartmentsEntitiesTest" classname="uk.ac.reigate.dto.DepartmentDtoTest" time="0.01"/>
  <testcase name="testHashCode_Different" classname="uk.ac.reigate.dto.DepartmentDtoTest" time="0.003"/>
  <testcase name="testEquals_Different" classname="uk.ac.reigate.dto.DepartmentDtoTest" time="0.001"/>
  <testcase name="testHashCode_Same" classname="uk.ac.reigate.dto.DepartmentDtoTest" time="0.003"/>
  <testcase name="testEquals_Same" classname="uk.ac.reigate.dto.DepartmentDtoTest" time="0.003"/>
  <testcase name="testMethod_Get_HodName" classname="uk.ac.reigate.dto.DepartmentDtoTest" time="0.001"/>
  <testcase name="testMethod_Get_Hod2Name" classname="uk.ac.reigate.dto.DepartmentDtoTest" time="0.001"/>
  <testcase name="testMethod_Get_FacultyDescription" classname="uk.ac.reigate.dto.DepartmentDtoTest" time="0.0"/>
  <testcase name="testMethod_Get_NullHod2Name" classname="uk.ac.reigate.dto.DepartmentDtoTest" time="0.001"/>
  <testcase name="testMethod_Get_NullHodName" classname="uk.ac.reigate.dto.DepartmentDtoTest" time="0.0"/>
  <testcase name="testConstructor_Department" classname="uk.ac.reigate.dto.DepartmentDtoTest" time="0.0"/>
  <testcase name="testMapFromDepartmentEntityTest" classname="uk.ac.reigate.dto.DepartmentDtoTest" time="0.0"/>
  <testcase name="testMethod_Get_NullFacultyDescription" classname="uk.ac.reigate.dto.DepartmentDtoTest" time="0.0"/>
  <system-out><![CDATA[]]></system-out>
  <system-err><![CDATA[]]></system-err>
</testsuite>
