<?xml version="1.0" encoding="UTF-8"?>
<testsuite name="uk.ac.reigate.services.ilp.StudentRelatedStaffServiceTest" tests="8" skipped="0" failures="0" errors="0" timestamp="2021-09-22T11:31:36" hostname="L104D005" time="0.013">
  <properties/>
  <testcase name="testFindAll" classname="uk.ac.reigate.services.ilp.StudentRelatedStaffServiceTest" time="0.01"/>
  <testcase name="testSave" classname="uk.ac.reigate.services.ilp.StudentRelatedStaffServiceTest" time="0.0"/>
  <testcase name="testFindByStudentId" classname="uk.ac.reigate.services.ilp.StudentRelatedStaffServiceTest" time="0.001"/>
  <testcase name="testFindByDistinctStaffByStudentId" classname="uk.ac.reigate.services.ilp.StudentRelatedStaffServiceTest" time="0.001"/>
  <testcase name="testSaveStudentRelatedStaff" classname="uk.ac.reigate.services.ilp.StudentRelatedStaffServiceTest" time="0.0"/>
  <testcase name="testFindById" classname="uk.ac.reigate.services.ilp.StudentRelatedStaffServiceTest" time="0.001"/>
  <testcase name="testDelete" classname="uk.ac.reigate.services.ilp.StudentRelatedStaffServiceTest" time="0.0"/>
  <testcase name="testServiceNoArgsConstructor" classname="uk.ac.reigate.services.ilp.StudentRelatedStaffServiceTest" time="0.0"/>
  <system-out><![CDATA[]]></system-out>
  <system-err><![CDATA[]]></system-err>
</testsuite>
