<?xml version="1.0" encoding="UTF-8"?>
<testsuite name="uk.ac.reigate.dto.admissions.ApplicationNewFormDtoTest" tests="8" skipped="0" failures="0" errors="0" timestamp="2021-09-22T11:31:29" hostname="L104D005" time="0.044">
  <properties/>
  <testcase name="testHashCode_Different" classname="uk.ac.reigate.dto.admissions.ApplicationNewFormDtoTest" time="0.026"/>
  <testcase name="testEquals_Different" classname="uk.ac.reigate.dto.admissions.ApplicationNewFormDtoTest" time="0.001"/>
  <testcase name="testHashCode_Same" classname="uk.ac.reigate.dto.admissions.ApplicationNewFormDtoTest" time="0.003"/>
  <testcase name="testEquals_Same" classname="uk.ac.reigate.dto.admissions.ApplicationNewFormDtoTest" time="0.005"/>
  <testcase name="testMapFromStudentsEntities" classname="uk.ac.reigate.dto.admissions.ApplicationNewFormDtoTest" time="0.005"/>
  <testcase name="testMapFromStudentEntity" classname="uk.ac.reigate.dto.admissions.ApplicationNewFormDtoTest" time="0.0"/>
  <testcase name="testConstructor_applicationForm" classname="uk.ac.reigate.dto.admissions.ApplicationNewFormDtoTest" time="0.003"/>
  <testcase name="testConstructor_NullApplicationForm" classname="uk.ac.reigate.dto.admissions.ApplicationNewFormDtoTest" time="0.0"/>
  <system-out><![CDATA[]]></system-out>
  <system-err><![CDATA[]]></system-err>
</testsuite>
