<?xml version="1.0" encoding="UTF-8"?>
<testsuite name="uk.ac.reigate.dto.EntryQualificationDtoTest" tests="11" skipped="0" failures="0" errors="0" timestamp="2021-09-22T11:31:30" hostname="L104D005" time="0.027">
  <properties/>
  <testcase name="testMethod_Get_NullEntryQualification" classname="uk.ac.reigate.dto.EntryQualificationDtoTest" time="0.017"/>
  <testcase name="testHashCode_Different" classname="uk.ac.reigate.dto.EntryQualificationDtoTest" time="0.004"/>
  <testcase name="testEquals_Different" classname="uk.ac.reigate.dto.EntryQualificationDtoTest" time="0.0"/>
  <testcase name="testMapFromEntryQualificationsEntities" classname="uk.ac.reigate.dto.EntryQualificationDtoTest" time="0.002"/>
  <testcase name="testHashCode_Same" classname="uk.ac.reigate.dto.EntryQualificationDtoTest" time="0.001"/>
  <testcase name="testEquals_Same" classname="uk.ac.reigate.dto.EntryQualificationDtoTest" time="0.001"/>
  <testcase name="testConstructor_NullCollegeFundPaid" classname="uk.ac.reigate.dto.EntryQualificationDtoTest" time="0.0"/>
  <testcase name="testConstructor_NullEntryQualificationType" classname="uk.ac.reigate.dto.EntryQualificationDtoTest" time="0.0"/>
  <testcase name="testMethod_Get_EntryQualification" classname="uk.ac.reigate.dto.EntryQualificationDtoTest" time="0.001"/>
  <testcase name="testMapFromEntryQualificationEntity" classname="uk.ac.reigate.dto.EntryQualificationDtoTest" time="0.0"/>
  <testcase name="testConstructor_EntryQualification" classname="uk.ac.reigate.dto.EntryQualificationDtoTest" time="0.0"/>
  <system-out><![CDATA[]]></system-out>
  <system-err><![CDATA[]]></system-err>
</testsuite>
