<?xml version="1.0" encoding="UTF-8"?>
<testsuite name="uk.ac.reigate.dto.integration.LLDDImportDtoTest" tests="1" skipped="0" failures="0" errors="0" timestamp="2021-09-22T11:31:31" hostname="L104D005" time="0.004">
  <properties/>
  <testcase name="testConstructor" classname="uk.ac.reigate.dto.integration.LLDDImportDtoTest" time="0.004"/>
  <system-out><![CDATA[]]></system-out>
  <system-err><![CDATA[]]></system-err>
</testsuite>
