<?xml version="1.0" encoding="UTF-8"?>
<testsuite name="uk.ac.reigate.dto.AcademicYearDtoTest" tests="8" skipped="0" failures="0" errors="0" timestamp="2021-09-22T11:31:29" hostname="L104D005" time="0.11">
  <properties/>
  <testcase name="testHashCode_Different" classname="uk.ac.reigate.dto.AcademicYearDtoTest" time="0.076"/>
  <testcase name="testEquals_Different" classname="uk.ac.reigate.dto.AcademicYearDtoTest" time="0.002"/>
  <testcase name="testHashCode_Same" classname="uk.ac.reigate.dto.AcademicYearDtoTest" time="0.001"/>
  <testcase name="testMapFromAcademicYearsEntities" classname="uk.ac.reigate.dto.AcademicYearDtoTest" time="0.026"/>
  <testcase name="testEquals_Same" classname="uk.ac.reigate.dto.AcademicYearDtoTest" time="0.001"/>
  <testcase name="testConstructor_academicYear" classname="uk.ac.reigate.dto.AcademicYearDtoTest" time="0.0"/>
  <testcase name="testMethod_ToString" classname="uk.ac.reigate.dto.AcademicYearDtoTest" time="0.001"/>
  <testcase name="testMapFromAcademicYearEntity" classname="uk.ac.reigate.dto.AcademicYearDtoTest" time="0.002"/>
  <system-out><![CDATA[]]></system-out>
  <system-err><![CDATA[]]></system-err>
</testsuite>
