<?xml version="1.0" encoding="UTF-8"?>
<testsuite name="uk.ac.reigate.dto.CollegeFundPaymentDtoTest" tests="9" skipped="0" failures="0" errors="0" timestamp="2021-09-22T11:31:30" hostname="L104D005" time="0.028">
  <properties/>
  <testcase name="testHashCode_Different" classname="uk.ac.reigate.dto.CollegeFundPaymentDtoTest" time="0.012"/>
  <testcase name="testEquals_Different" classname="uk.ac.reigate.dto.CollegeFundPaymentDtoTest" time="0.001"/>
  <testcase name="testHashCode_Same" classname="uk.ac.reigate.dto.CollegeFundPaymentDtoTest" time="0.001"/>
  <testcase name="testEquals_Same" classname="uk.ac.reigate.dto.CollegeFundPaymentDtoTest" time="0.003"/>
  <testcase name="testConstructor_NullCollegeFundPayment" classname="uk.ac.reigate.dto.CollegeFundPaymentDtoTest" time="0.001"/>
  <testcase name="testConstructor_collegeFundPayment" classname="uk.ac.reigate.dto.CollegeFundPaymentDtoTest" time="0.002"/>
  <testcase name="testMapFromCollegeFundPaymentsEntities" classname="uk.ac.reigate.dto.CollegeFundPaymentDtoTest" time="0.004"/>
  <testcase name="testMapFromCollegeFundPaymentEntity" classname="uk.ac.reigate.dto.CollegeFundPaymentDtoTest" time="0.001"/>
  <testcase name="testConstructor_NullStudent" classname="uk.ac.reigate.dto.CollegeFundPaymentDtoTest" time="0.001"/>
  <system-out><![CDATA[]]></system-out>
  <system-err><![CDATA[]]></system-err>
</testsuite>
