<?xml version="1.0" encoding="UTF-8"?>
<testsuite name="uk.ac.reigate.dto.ilp.ILPInterviewUpdateDtoTest" tests="5" skipped="0" failures="0" errors="0" timestamp="2021-09-22T11:31:31" hostname="L104D005" time="0.008">
  <properties/>
  <testcase name="testHashCode_Same" classname="uk.ac.reigate.dto.ilp.ILPInterviewUpdateDtoTest" time="0.004"/>
  <testcase name="testEquals_Same" classname="uk.ac.reigate.dto.ilp.ILPInterviewUpdateDtoTest" time="0.001"/>
  <testcase name="testMapFromILPInterviewsEntities" classname="uk.ac.reigate.dto.ilp.ILPInterviewUpdateDtoTest" time="0.002"/>
  <testcase name="testConstructor_ILPInterview" classname="uk.ac.reigate.dto.ilp.ILPInterviewUpdateDtoTest" time="0.001"/>
  <testcase name="testMapFromILPInterviewEntity" classname="uk.ac.reigate.dto.ilp.ILPInterviewUpdateDtoTest" time="0.0"/>
  <system-out><![CDATA[]]></system-out>
  <system-err><![CDATA[]]></system-err>
</testsuite>
