<?xml version="1.0" encoding="UTF-8"?>
<testsuite name="uk.ac.reigate.services.learningsupport.StudentCourseConcessionServiceTest" tests="20" skipped="0" failures="0" errors="0" timestamp="2021-09-22T11:31:36" hostname="L104D005" time="0.04">
  <properties/>
  <testcase name="testCreateFromDto_dtoStudentId" classname="uk.ac.reigate.services.learningsupport.StudentCourseConcessionServiceTest" time="0.017"/>
  <testcase name="testUpdateFromDto_dtoStudentId" classname="uk.ac.reigate.services.learningsupport.StudentCourseConcessionServiceTest" time="0.006"/>
  <testcase name="testFindAll" classname="uk.ac.reigate.services.learningsupport.StudentCourseConcessionServiceTest" time="0.0"/>
  <testcase name="testSave" classname="uk.ac.reigate.services.learningsupport.StudentCourseConcessionServiceTest" time="0.001"/>
  <testcase name="testCreateFromDto_dtoCourseId" classname="uk.ac.reigate.services.learningsupport.StudentCourseConcessionServiceTest" time="0.001"/>
  <testcase name="testGetByStudentAndCourse" classname="uk.ac.reigate.services.learningsupport.StudentCourseConcessionServiceTest" time="0.001"/>
  <testcase name="testUpdateFromDto_dtoCourseId" classname="uk.ac.reigate.services.learningsupport.StudentCourseConcessionServiceTest" time="0.001"/>
  <testcase name="testFindById" classname="uk.ac.reigate.services.learningsupport.StudentCourseConcessionServiceTest" time="0.0"/>
  <testcase name="testGetByStudentId" classname="uk.ac.reigate.services.learningsupport.StudentCourseConcessionServiceTest" time="0.001"/>
  <testcase name="testGetByStudent" classname="uk.ac.reigate.services.learningsupport.StudentCourseConcessionServiceTest" time="0.001"/>
  <testcase name="testUpdateFromDto_dtoconcessionTypeId" classname="uk.ac.reigate.services.learningsupport.StudentCourseConcessionServiceTest" time="0.001"/>
  <testcase name="testSaveStudentCourseConcession" classname="uk.ac.reigate.services.learningsupport.StudentCourseConcessionServiceTest" time="0.001"/>
  <testcase name="testCreateFromDto_dto" classname="uk.ac.reigate.services.learningsupport.StudentCourseConcessionServiceTest" time="0.001"/>
  <testcase name="testDelete" classname="uk.ac.reigate.services.learningsupport.StudentCourseConcessionServiceTest" time="0.0"/>
  <testcase name="testGetByStudentAndCourseList" classname="uk.ac.reigate.services.learningsupport.StudentCourseConcessionServiceTest" time="0.005"/>
  <testcase name="testDeleteId" classname="uk.ac.reigate.services.learningsupport.StudentCourseConcessionServiceTest" time="0.001"/>
  <testcase name="testCreateFromDto_dtoconcessionTypeId" classname="uk.ac.reigate.services.learningsupport.StudentCourseConcessionServiceTest" time="0.001"/>
  <testcase name="testServiceNoArgsConstructor" classname="uk.ac.reigate.services.learningsupport.StudentCourseConcessionServiceTest" time="0.0"/>
  <testcase name="testCreateFromDto_withNullDto" classname="uk.ac.reigate.services.learningsupport.StudentCourseConcessionServiceTest" time="0.001"/>
  <testcase name="testUpdateFromDto_withNullDto" classname="uk.ac.reigate.services.learningsupport.StudentCourseConcessionServiceTest" time="0.0"/>
  <system-out><![CDATA[]]></system-out>
  <system-err><![CDATA[]]></system-err>
</testsuite>
