<?xml version="1.0" encoding="UTF-8"?>
<testsuite name="uk.ac.reigate.dto.StudentReferralReasonDtoTest" tests="10" skipped="0" failures="0" errors="0" timestamp="2021-09-22T11:31:32" hostname="L104D005" time="0.005">
  <properties/>
  <testcase name="testConstructor_StudentReferralReason" classname="uk.ac.reigate.dto.StudentReferralReasonDtoTest" time="0.001"/>
  <testcase name="testEquals_Different" classname="uk.ac.reigate.dto.StudentReferralReasonDtoTest" time="0.001"/>
  <testcase name="testHashCode_Same" classname="uk.ac.reigate.dto.StudentReferralReasonDtoTest" time="0.0"/>
  <testcase name="testConstructor_NullStudentReferralReason" classname="uk.ac.reigate.dto.StudentReferralReasonDtoTest" time="0.0"/>
  <testcase name="testMapFromStudentReferralReasonEntity" classname="uk.ac.reigate.dto.StudentReferralReasonDtoTest" time="0.0"/>
  <testcase name="testEquals_Same" classname="uk.ac.reigate.dto.StudentReferralReasonDtoTest" time="0.001"/>
  <testcase name="testMethod_Get_NullReferralReasonDescription" classname="uk.ac.reigate.dto.StudentReferralReasonDtoTest" time="0.0"/>
  <testcase name="testMapFromStudentReferralReasonsEntities" classname="uk.ac.reigate.dto.StudentReferralReasonDtoTest" time="0.001"/>
  <testcase name="testHashCodeDifferent" classname="uk.ac.reigate.dto.StudentReferralReasonDtoTest" time="0.001"/>
  <testcase name="testMethod_Get_ReferralReasonDescription" classname="uk.ac.reigate.dto.StudentReferralReasonDtoTest" time="0.0"/>
  <system-out><![CDATA[]]></system-out>
  <system-err><![CDATA[]]></system-err>
</testsuite>
