<?xml version="1.0" encoding="UTF-8"?>
<testsuite name="uk.ac.reigate.services.exams.basedata.OptionComponentServiceTest" tests="11" skipped="0" failures="0" errors="0" timestamp="2021-09-22T11:31:35" hostname="L104D005" time="0.053">
  <properties/>
  <testcase name="testDeleteByIds" classname="uk.ac.reigate.services.exams.basedata.OptionComponentServiceTest" time="0.039"/>
  <testcase name="testDeleteByCourseAndExamOption" classname="uk.ac.reigate.services.exams.basedata.OptionComponentServiceTest" time="0.001"/>
  <testcase name="testFindAll" classname="uk.ac.reigate.services.exams.basedata.OptionComponentServiceTest" time="0.001"/>
  <testcase name="testSave" classname="uk.ac.reigate.services.exams.basedata.OptionComponentServiceTest" time="0.001"/>
  <testcase name="testDeleteByIdsNotNull" classname="uk.ac.reigate.services.exams.basedata.OptionComponentServiceTest" time="0.001"/>
  <testcase name="testCreateFromDto" classname="uk.ac.reigate.services.exams.basedata.OptionComponentServiceTest" time="0.006"/>
  <testcase name="testFindById" classname="uk.ac.reigate.services.exams.basedata.OptionComponentServiceTest" time="0.0"/>
  <testcase name="testDelete" classname="uk.ac.reigate.services.exams.basedata.OptionComponentServiceTest" time="0.0"/>
  <testcase name="testFindOptionComponent" classname="uk.ac.reigate.services.exams.basedata.OptionComponentServiceTest" time="0.002"/>
  <testcase name="testServiceNoArgsConstructor" classname="uk.ac.reigate.services.exams.basedata.OptionComponentServiceTest" time="0.0"/>
  <testcase name="testCreateFromDto_withNullDto" classname="uk.ac.reigate.services.exams.basedata.OptionComponentServiceTest" time="0.001"/>
  <system-out><![CDATA[]]></system-out>
  <system-err><![CDATA[]]></system-err>
</testsuite>
