<?xml version="1.0" encoding="UTF-8"?>
<testsuite name="uk.ac.reigate.services.attendance.StudentAttendanceServiceTest" tests="4" skipped="0" failures="0" errors="0" timestamp="2021-09-22T11:31:33" hostname="L104D005" time="0.022">
  <properties/>
  <testcase name="testFindByStudentIdAndCourseId" classname="uk.ac.reigate.services.attendance.StudentAttendanceServiceTest" time="0.02"/>
  <testcase name="testFindAll" classname="uk.ac.reigate.services.attendance.StudentAttendanceServiceTest" time="0.001"/>
  <testcase name="testSearchByYearStudentIdAndCourseId" classname="uk.ac.reigate.services.attendance.StudentAttendanceServiceTest" time="0.001"/>
  <testcase name="testServiceNoArgsConstructor" classname="uk.ac.reigate.services.attendance.StudentAttendanceServiceTest" time="0.0"/>
  <system-out><![CDATA[]]></system-out>
  <system-err><![CDATA[]]></system-err>
</testsuite>
