<?xml version="1.0" encoding="UTF-8"?>
<testsuite name="uk.ac.reigate.dto.exams.edi.EdiAuditEntryLogDtoTest" tests="4" skipped="0" failures="0" errors="0" timestamp="2021-09-22T11:31:31" hostname="L104D005" time="0.016">
  <properties/>
  <testcase name="testConstructorEdiAuditEntryLogDto" classname="uk.ac.reigate.dto.exams.edi.EdiAuditEntryLogDtoTest" time="0.013"/>
  <testcase name="testMapFromEntity" classname="uk.ac.reigate.dto.exams.edi.EdiAuditEntryLogDtoTest" time="0.001"/>
  <testcase name="testConstructorEdiAuditLog" classname="uk.ac.reigate.dto.exams.edi.EdiAuditEntryLogDtoTest" time="0.0"/>
  <testcase name="testMapFromList" classname="uk.ac.reigate.dto.exams.edi.EdiAuditEntryLogDtoTest" time="0.002"/>
  <system-out><![CDATA[]]></system-out>
  <system-err><![CDATA[]]></system-err>
</testsuite>
