<?xml version="1.0" encoding="UTF-8"?>
<testsuite name="uk.ac.reigate.services.AttendanceMonitoringServiceTest" tests="13" skipped="0" failures="0" errors="0" timestamp="2021-09-22T11:31:33" hostname="L104D005" time="0.026">
  <properties/>
  <testcase name="testUpdateFromDto_dto" classname="uk.ac.reigate.services.AttendanceMonitoringServiceTest" time="0.014"/>
  <testcase name="testFindAll" classname="uk.ac.reigate.services.AttendanceMonitoringServiceTest" time="0.001"/>
  <testcase name="testSave" classname="uk.ac.reigate.services.AttendanceMonitoringServiceTest" time="0.001"/>
  <testcase name="testSaveAttendanceMonitorings" classname="uk.ac.reigate.services.AttendanceMonitoringServiceTest" time="0.003"/>
  <testcase name="testUpdateFromDto_withNullId" classname="uk.ac.reigate.services.AttendanceMonitoringServiceTest" time="0.001"/>
  <testcase name="testCreateFromDto_dtoForExisting" classname="uk.ac.reigate.services.AttendanceMonitoringServiceTest" time="0.001"/>
  <testcase name="testFindById" classname="uk.ac.reigate.services.AttendanceMonitoringServiceTest" time="0.0"/>
  <testcase name="testupdateFromDto_withNullDto" classname="uk.ac.reigate.services.AttendanceMonitoringServiceTest" time="0.001"/>
  <testcase name="testCreateFromDto_dto" classname="uk.ac.reigate.services.AttendanceMonitoringServiceTest" time="0.002"/>
  <testcase name="testDelete" classname="uk.ac.reigate.services.AttendanceMonitoringServiceTest" time="0.001"/>
  <testcase name="testUpdateFromDto_dtoForExisting" classname="uk.ac.reigate.services.AttendanceMonitoringServiceTest" time="0.0"/>
  <testcase name="testServiceNoArgsConstructor" classname="uk.ac.reigate.services.AttendanceMonitoringServiceTest" time="0.001"/>
  <testcase name="testCreateFromDto_withNullDto" classname="uk.ac.reigate.services.AttendanceMonitoringServiceTest" time="0.0"/>
  <system-out><![CDATA[]]></system-out>
  <system-err><![CDATA[]]></system-err>
</testsuite>
