<?xml version="1.0" encoding="UTF-8"?>
<testsuite name="uk.ac.reigate.dto.PreReferenceDtoTest" tests="7" skipped="0" failures="0" errors="0" timestamp="2021-09-22T11:31:32" hostname="L104D005" time="0.004">
  <properties/>
  <testcase name="testConstructorWithStudent" classname="uk.ac.reigate.dto.PreReferenceDtoTest" time="0.001"/>
  <testcase name="testMapFromEntity" classname="uk.ac.reigate.dto.PreReferenceDtoTest" time="0.0"/>
  <testcase name="testConstructorNullObject" classname="uk.ac.reigate.dto.PreReferenceDtoTest" time="0.0"/>
  <testcase name="test_GetGrade" classname="uk.ac.reigate.dto.PreReferenceDtoTest" time="0.001"/>
  <testcase name="test_NullGetGrade" classname="uk.ac.reigate.dto.PreReferenceDtoTest" time="0.0"/>
  <testcase name="testMapFromList" classname="uk.ac.reigate.dto.PreReferenceDtoTest" time="0.002"/>
  <testcase name="testConstructor" classname="uk.ac.reigate.dto.PreReferenceDtoTest" time="0.0"/>
  <system-out><![CDATA[]]></system-out>
  <system-err><![CDATA[]]></system-err>
</testsuite>
