<?xml version="1.0" encoding="UTF-8"?>
<testsuite name="uk.ac.reigate.dto.lookup.BursaryTypeDtoTest" tests="9" skipped="0" failures="0" errors="0" timestamp="2021-09-22T11:31:31" hostname="L104D005" time="0.016">
  <properties/>
  <testcase name="testHashCode_Different" classname="uk.ac.reigate.dto.lookup.BursaryTypeDtoTest" time="0.013"/>
  <testcase name="testEquals_Different" classname="uk.ac.reigate.dto.lookup.BursaryTypeDtoTest" time="0.0"/>
  <testcase name="testConstructor_BursaryType" classname="uk.ac.reigate.dto.lookup.BursaryTypeDtoTest" time="0.001"/>
  <testcase name="testHashCode_Same" classname="uk.ac.reigate.dto.lookup.BursaryTypeDtoTest" time="0.0"/>
  <testcase name="testEquals_Same" classname="uk.ac.reigate.dto.lookup.BursaryTypeDtoTest" time="0.0"/>
  <testcase name="testConstructor_nullObject" classname="uk.ac.reigate.dto.lookup.BursaryTypeDtoTest" time="0.0"/>
  <testcase name="testMapFromBursaryTypesEntities" classname="uk.ac.reigate.dto.lookup.BursaryTypeDtoTest" time="0.002"/>
  <testcase name="testConstructor_bursaryType" classname="uk.ac.reigate.dto.lookup.BursaryTypeDtoTest" time="0.0"/>
  <testcase name="testMapFromBursaryTypeEntity" classname="uk.ac.reigate.dto.lookup.BursaryTypeDtoTest" time="0.0"/>
  <system-out><![CDATA[]]></system-out>
  <system-err><![CDATA[]]></system-err>
</testsuite>
