<?xml version="1.0" encoding="UTF-8"?>
<testsuite name="uk.ac.reigate.dto.StudentCollegeFundPaidDtoTest" tests="2" skipped="0" failures="0" errors="0" timestamp="2021-09-22T11:31:32" hostname="L104D005" time="0.004">
  <properties/>
  <testcase name="testEquals_Same" classname="uk.ac.reigate.dto.StudentCollegeFundPaidDtoTest" time="0.004"/>
  <testcase name="testConstructor_StudentCollegeFundPaidDto" classname="uk.ac.reigate.dto.StudentCollegeFundPaidDtoTest" time="0.0"/>
  <system-out><![CDATA[]]></system-out>
  <system-err><![CDATA[]]></system-err>
</testsuite>
