<?xml version="1.0" encoding="UTF-8"?>
<testsuite name="uk.ac.reigate.services.ilp.ILPInterviewServiceTest" tests="21" skipped="0" failures="0" errors="0" timestamp="2021-09-22T11:31:35" hostname="L104D005" time="0.057">
  <properties/>
  <testcase name="testFindByCourseGroupId" classname="uk.ac.reigate.services.ilp.ILPInterviewServiceTest" time="0.032"/>
  <testcase name="testSaveILPInterviews" classname="uk.ac.reigate.services.ilp.ILPInterviewServiceTest" time="0.003"/>
  <testcase name="testSaveILPInterview" classname="uk.ac.reigate.services.ilp.ILPInterviewServiceTest" time="0.001"/>
  <testcase name="testUpdateFromDto_dto" classname="uk.ac.reigate.services.ilp.ILPInterviewServiceTest" time="0.004"/>
  <testcase name="testFindAll" classname="uk.ac.reigate.services.ilp.ILPInterviewServiceTest" time="0.0"/>
  <testcase name="testUpdateFromDto_DtoWithofficeActionId" classname="uk.ac.reigate.services.ilp.ILPInterviewServiceTest" time="0.004"/>
  <testcase name="testSave" classname="uk.ac.reigate.services.ilp.ILPInterviewServiceTest" time="0.0"/>
  <testcase name="testUpdateFromDto_DtoWithCourseGroupId" classname="uk.ac.reigate.services.ilp.ILPInterviewServiceTest" time="0.001"/>
  <testcase name="testUpdateFromDto_DtoILPInterviewUpdateDto" classname="uk.ac.reigate.services.ilp.ILPInterviewServiceTest" time="0.001"/>
  <testcase name="testGetByStudentAll" classname="uk.ac.reigate.services.ilp.ILPInterviewServiceTest" time="0.001"/>
  <testcase name="testCreateFromDto_NoStudent" classname="uk.ac.reigate.services.ilp.ILPInterviewServiceTest" time="0.001"/>
  <testcase name="testSaveILPInterviewByFields" classname="uk.ac.reigate.services.ilp.ILPInterviewServiceTest" time="0.001"/>
  <testcase name="testUpdateFromDto_DtoILPInterviewUpdateDtoWithStaffId" classname="uk.ac.reigate.services.ilp.ILPInterviewServiceTest" time="0.001"/>
  <testcase name="testFindById" classname="uk.ac.reigate.services.ilp.ILPInterviewServiceTest" time="0.0"/>
  <testcase name="testGetByStudentId" classname="uk.ac.reigate.services.ilp.ILPInterviewServiceTest" time="0.001"/>
  <testcase name="testGetByStudent" classname="uk.ac.reigate.services.ilp.ILPInterviewServiceTest" time="0.001"/>
  <testcase name="testUpdateFromDto_DtoWithStaffId" classname="uk.ac.reigate.services.ilp.ILPInterviewServiceTest" time="0.001"/>
  <testcase name="testDelete" classname="uk.ac.reigate.services.ilp.ILPInterviewServiceTest" time="0.001"/>
  <testcase name="testFindByCourseGroupAndYear" classname="uk.ac.reigate.services.ilp.ILPInterviewServiceTest" time="0.001"/>
  <testcase name="testUpdateFromDto_DtoWithLetterId" classname="uk.ac.reigate.services.ilp.ILPInterviewServiceTest" time="0.001"/>
  <testcase name="testServiceNoArgsConstructor" classname="uk.ac.reigate.services.ilp.ILPInterviewServiceTest" time="0.0"/>
  <system-out><![CDATA[]]></system-out>
  <system-err><![CDATA[]]></system-err>
</testsuite>
